*** File created 2020-06-04 09:48:56.437513 ***
*** Log file from biogeme 3.2.5 [2020-06-04]
[09:48:52] < General >   Remove 7 unused variables from the database as only 5 are used.
[09:48:53] < General >   Log likelihood (N=9639):     -3e+19
[09:48:53] < General >   Minimize with tol 1e-07
[09:48:53] < General >   Log likelihood (N=9639):     -3e+19 Gradient norm:      3e+20  
[09:48:53] < General >   Log likelihood (N=9639):  -464921.8 Gradient norm:      2e+06  
[09:48:53] < General >   Log likelihood (N=9639):  -464921.8 Gradient norm:      2e+06  
[09:48:53] < General >   Log likelihood (N=9639):  -464921.8 Gradient norm:      2e+06  
[09:48:53] < General >   Log likelihood (N=9639):  -464921.8 Gradient norm:      2e+06  
[09:48:53] < General >   Log likelihood (N=9639):  -464921.8 Gradient norm:      2e+06  
[09:48:53] < General >   Log likelihood (N=9639):  -464921.8 Gradient norm:      2e+06  
[09:48:53] < General >   Log likelihood (N=9639):  -464921.8 Gradient norm:      2e+06  
[09:48:53] < General >   Log likelihood (N=9639):  -464921.8 Gradient norm:      2e+06  
[09:48:53] < General >   Log likelihood (N=9639):  -464921.8 Gradient norm:      2e+06  
[09:48:53] < General >   Log likelihood (N=9639):  -464921.8 Gradient norm:      2e+06  
[09:48:53] < General >   Log likelihood (N=9639):  -464921.8 Gradient norm:      2e+06  
[09:48:53] < General >   Log likelihood (N=9639):  -464921.8 Gradient norm:      2e+06  
[09:48:53] < General >   Log likelihood (N=9639):  -464921.8 Gradient norm:      2e+06  
[09:48:53] < General >   Log likelihood (N=9639):  -464921.6 Gradient norm:      2e+06  
[09:48:53] < General >   Log likelihood (N=9639):  -464921.1 Gradient norm:      2e+06  
[09:48:53] < General >   Log likelihood (N=9639):    -464919 Gradient norm:      2e+06  
[09:48:53] < General >   Log likelihood (N=9639):  -464910.5 Gradient norm:      2e+06  
[09:48:53] < General >   Log likelihood (N=9639):  -464876.6 Gradient norm:      2e+06  
[09:48:53] < General >   Log likelihood (N=9639):  -464842.9 Gradient norm:      2e+06  
[09:48:53] < General >   Log likelihood (N=9639): -1.069139e+22 Gradient norm:      3e+20  
[09:48:53] < General >   Log likelihood (N=9639):  -464842.9 Gradient norm:      2e+06  
[09:48:53] < General >   Log likelihood (N=9639):  -464842.9 Gradient norm:      2e+06  
[09:48:53] < General >   Log likelihood (N=9639): -5.210698e+21 Gradient norm:      3e+20  
[09:48:53] < General >   Log likelihood (N=9639):  -464842.9 Gradient norm:      2e+06  
[09:48:53] < General >   Log likelihood (N=9639):  -464842.9 Gradient norm:      2e+06  
[09:48:53] < General >   Log likelihood (N=9639): -2.470351e+21 Gradient norm:      3e+20  
[09:48:53] < General >   Log likelihood (N=9639):  -464842.9 Gradient norm:      2e+06  
[09:48:53] < General >   Log likelihood (N=9639):  -464842.9 Gradient norm:      2e+06  
[09:48:53] < General >   Log likelihood (N=9639): -1.100177e+21 Gradient norm:      3e+20  
[09:48:53] < General >   Log likelihood (N=9639):  -464842.9 Gradient norm:      2e+06  
[09:48:53] < General >   Log likelihood (N=9639):  -464842.9 Gradient norm:      2e+06  
[09:48:53] < General >   Log likelihood (N=9639): -4.150901e+20 Gradient norm:      3e+20  
[09:48:53] < General >   Log likelihood (N=9639):  -464842.9 Gradient norm:      2e+06  
[09:48:53] < General >   Log likelihood (N=9639):  -464842.9 Gradient norm:      2e+06  
[09:48:53] < General >   Log likelihood (N=9639): -7.254673e+19 Gradient norm:      3e+20  
[09:48:53] < General >   Log likelihood (N=9639):  -915333.4 Gradient norm:      1e+06  
[09:48:53] < General >   Log likelihood (N=9639):  -223348.6 Gradient norm:      5e+05  
[09:48:53] < General >   Log likelihood (N=9639):  -201719.4 Gradient norm:      4e+05  
[09:48:54] < General >   Log likelihood (N=9639):  -293874.9 Gradient norm:      2e+06  
[09:48:54] < General >   Log likelihood (N=9639):  -195625.7 Gradient norm:      3e+05  
[09:48:54] < General >   Log likelihood (N=9639):  -235200.5 Gradient norm:      2e+06  
[09:48:54] < General >   Log likelihood (N=9639):    -191183 Gradient norm:      3e+05  
[09:48:54] < General >   Log likelihood (N=9639):  -474989.9 Gradient norm:      2e+06  
[09:48:54] < General >   Log likelihood (N=9639):  -187244.1 Gradient norm:      3e+05  
[09:48:54] < General >   Log likelihood (N=9639):    -200376 Gradient norm:      1e+06  
[09:48:54] < General >   Log likelihood (N=9639):  -186326.3 Gradient norm:      2e+05  
[09:48:54] < General >   Log likelihood (N=9639):  -181177.4 Gradient norm:      5e+05  
[09:48:54] < General >   Log likelihood (N=9639):  -184345.2 Gradient norm:      2e+06  
[09:48:54] < General >   Log likelihood (N=9639):    -144252 Gradient norm:      1e+06  
[09:48:54] < General >   Log likelihood (N=9639): -3.959802e+19 Gradient norm:      3e+20  
[09:48:54] < General >   Log likelihood (N=9639):  -459122.2 Gradient norm:      2e+06  
[09:48:54] < General >   Log likelihood (N=9639):    -138526 Gradient norm:      1e+06  
[09:48:54] < General >   Log likelihood (N=9639):  -139036.4 Gradient norm:      1e+06  
[09:48:54] < General >   Log likelihood (N=9639):  -137346.8 Gradient norm:      1e+06  
[09:48:54] < General >   Log likelihood (N=9639):  -132578.4 Gradient norm:      9e+05  
[09:48:54] < General >   Log likelihood (N=9639):  -123274.1 Gradient norm:      3e+05  
[09:48:54] < General >   Log likelihood (N=9639):  -120200.4 Gradient norm:      3e+05  
[09:48:54] < General >   Log likelihood (N=9639):  -110456.4 Gradient norm:      3e+05  
[09:48:54] < General >   Log likelihood (N=9639):  -77466.37 Gradient norm:      3e+05  
[09:48:54] < General >   Log likelihood (N=9639): -1.916754e+19 Gradient norm:      3e+20  
[09:48:54] < General >   Log likelihood (N=9639):  -65274.69 Gradient norm:      3e+05  
[09:48:54] < General >   Log likelihood (N=9639):  -37295.61 Gradient norm:      4e+05  
[09:48:54] < General >   Log likelihood (N=9639): -1.062488e+19 Gradient norm:      3e+20  
[09:48:54] < General >   Log likelihood (N=9639):  -37295.61 Gradient norm:      4e+05  
[09:48:54] < General >   Log likelihood (N=9639):  -37295.61 Gradient norm:      4e+05  
[09:48:54] < General >   Log likelihood (N=9639):  -37295.61 Gradient norm:      4e+05  
[09:48:54] < General >   Log likelihood (N=9639): -1.571446e+21 Gradient norm:      3e+20  
[09:48:54] < General >   Log likelihood (N=9639):  -37295.61 Gradient norm:      4e+05  
[09:48:54] < General >   Log likelihood (N=9639):  -37295.61 Gradient norm:      4e+05  
[09:48:54] < General >   Log likelihood (N=9639): -7.827441e+20 Gradient norm:      3e+20  
[09:48:54] < General >   Log likelihood (N=9639):  -37295.61 Gradient norm:      4e+05  
[09:48:54] < General >   Log likelihood (N=9639):  -37295.61 Gradient norm:      4e+05  
[09:48:54] < General >   Log likelihood (N=9639): -3.883931e+20 Gradient norm:      3e+20  
[09:48:54] < General >   Log likelihood (N=9639):  -37295.61 Gradient norm:      4e+05  
[09:48:54] < General >   Log likelihood (N=9639):  -37295.61 Gradient norm:      4e+05  
[09:48:54] < General >   Log likelihood (N=9639): -1.912176e+20 Gradient norm:      3e+20  
[09:48:54] < General >   Log likelihood (N=9639):  -37295.61 Gradient norm:      4e+05  
[09:48:54] < General >   Log likelihood (N=9639):  -37295.61 Gradient norm:      4e+05  
[09:48:54] < General >   Log likelihood (N=9639): -9.262983e+19 Gradient norm:      3e+20  
[09:48:54] < General >   Log likelihood (N=9639):  -37295.61 Gradient norm:      4e+05  
[09:48:54] < General >   Log likelihood (N=9639):  -37295.61 Gradient norm:      4e+05  
[09:48:54] < General >   Log likelihood (N=9639): -4.333596e+19 Gradient norm:      3e+20  
[09:48:54] < General >   Log likelihood (N=9639):  -37295.61 Gradient norm:      4e+05  
[09:48:54] < General >   Log likelihood (N=9639): -2.657604e+19 Gradient norm:      3e+20  
[09:48:54] < General >   Log likelihood (N=9639):  -37295.61 Gradient norm:      4e+05  
[09:48:54] < General >   Log likelihood (N=9639): -1.551449e+19 Gradient norm:      3e+20  
[09:48:54] < General >   Log likelihood (N=9639): -5.53013e+07 Gradient norm:      2e+06  
[09:48:55] < General >   Log likelihood (N=9639):   -2668366 Gradient norm:      2e+06  
[09:48:55] < General >   Log likelihood (N=9639):  -153337.8 Gradient norm:      2e+06  
[09:48:55] < General >   Log likelihood (N=9639):  -38523.06 Gradient norm:      9e+05  
[09:48:55] < General >   Log likelihood (N=9639):   -36856.9 Gradient norm:      2e+05  
[09:48:55] < General >   Log likelihood (N=9639):   -36745.5 Gradient norm:      3e+05  
[09:48:55] < General >   Log likelihood (N=9639):  -36529.82 Gradient norm:      3e+05  
[09:48:55] < General >   Log likelihood (N=9639):   -35672.1 Gradient norm:      2e+05  
[09:48:55] < General >   Log likelihood (N=9639):  -32331.05 Gradient norm:      1e+05  
[09:48:55] < General >   Log likelihood (N=9639):  -22192.22 Gradient norm:      1e+05  
[09:48:55] < General >   Log likelihood (N=9639):  -17536.07 Gradient norm:      4e+05  
[09:48:55] < General >   Log likelihood (N=9639): -8.572006e+18 Gradient norm:      3e+20  
[09:48:55] < General >   Log likelihood (N=9639):  -17536.07 Gradient norm:      4e+05  
[09:48:55] < General >   Log likelihood (N=9639):  -17536.07 Gradient norm:      4e+05  
[09:48:55] < General >   Log likelihood (N=9639):  -13683.56 Gradient norm:      5e+05  
[09:48:55] < General >   Log likelihood (N=9639): -3.336309e+19 Gradient norm:      3e+20  
[09:48:55] < General >   Log likelihood (N=9639):  -13683.56 Gradient norm:      5e+05  
[09:48:55] < General >   Log likelihood (N=9639): -6.034813e+18 Gradient norm:      3e+20  
[09:48:55] < General >   Log likelihood (N=9639):  -13683.56 Gradient norm:      5e+05  
[09:48:55] < General >   Log likelihood (N=9639): -2.405886e+18 Gradient norm:      3e+20  
[09:48:55] < General >   Log likelihood (N=9639):  -13683.56 Gradient norm:      5e+05  
[09:48:55] < General >   Log likelihood (N=9639):  -13683.56 Gradient norm:      5e+05  
[09:48:55] < General >   Log likelihood (N=9639): -6.261607e+17 Gradient norm:      3e+20  
[09:48:55] < General >   Log likelihood (N=9639):  -13683.56 Gradient norm:      5e+05  
[09:48:55] < General >   Log likelihood (N=9639):  -13683.56 Gradient norm:      5e+05  
[09:48:55] < General >   Log likelihood (N=9639):  -13295.45 Gradient norm:      5e+05  
[09:48:55] < General >   Log likelihood (N=9639): -3.236073e+17 Gradient norm:      3e+20  
[09:48:55] < General >   Log likelihood (N=9639):  -13295.45 Gradient norm:      5e+05  
[09:48:55] < General >   Log likelihood (N=9639):  -13295.45 Gradient norm:      5e+05  
[09:48:55] < General >   Log likelihood (N=9639): -2.995258e+16 Gradient norm:      3e+20  
[09:48:55] < General >   Log likelihood (N=9639):  -13258.97 Gradient norm:      5e+05  
[09:48:55] < General >   Log likelihood (N=9639):  -13200.49 Gradient norm:      5e+05  
[09:48:55] < General >   Log likelihood (N=9639):  -13200.49 Gradient norm:      5e+05  
[09:48:55] < General >   Log likelihood (N=9639): -2.32618e+19 Gradient norm:      3e+20  
[09:48:55] < General >   Log likelihood (N=9639):  -13200.49 Gradient norm:      5e+05  
[09:48:55] < General >   Log likelihood (N=9639):  -13200.49 Gradient norm:      5e+05  
[09:48:55] < General >   Log likelihood (N=9639):  -13200.49 Gradient norm:      5e+05  
[09:48:55] < General >   Log likelihood (N=9639):  -13200.49 Gradient norm:      5e+05  
[09:48:55] < General >   Log likelihood (N=9639):  -13200.49 Gradient norm:      5e+05  
[09:48:55] < General >   Log likelihood (N=9639): -2.32618e+19 Gradient norm:      3e+20  
[09:48:55] < General >   Log likelihood (N=9639):  -13200.49 Gradient norm:      5e+05  
[09:48:55] < General >   Log likelihood (N=9639):  -13200.49 Gradient norm:      5e+05  
[09:48:55] < General >   Log likelihood (N=9639):  -13200.49 Gradient norm:      5e+05  
[09:48:55] < General >   Log likelihood (N=9639):  -13200.49 Gradient norm:      5e+05  
[09:48:55] < General >   Log likelihood (N=9639):  -13200.49 Gradient norm:      5e+05  
[09:48:55] < General >   Log likelihood (N=9639):  -13200.49 Gradient norm:      5e+05  
[09:48:55] < General >   Log likelihood (N=9639):  -13200.49 Gradient norm:      5e+05  
[09:48:56] < General >   Log likelihood (N=9639):  -13200.49 Gradient norm:      5e+05  
[09:48:56] < General >   Log likelihood (N=9639):  -13200.49 Gradient norm:      5e+05  
[09:48:56] < General >   Log likelihood (N=9639):  -13200.49 Gradient norm:      5e+05  
[09:48:56] < General >   Log likelihood (N=9639):  -13200.49 Gradient norm:      5e+05  
[09:48:56] < General >   Log likelihood (N=9639):  -13200.49 Gradient norm:      5e+05  
[09:48:56] < General >   Log likelihood (N=9639): -2.32618e+19 Gradient norm:      3e+20  
[09:48:56] < General >   Log likelihood (N=9639):  -13200.49 Gradient norm:      5e+05  
[09:48:56] < General >   Log likelihood (N=9639):  -13200.49 Gradient norm:      5e+05  
[09:48:56] < General >   Log likelihood (N=9639):  -13200.49 Gradient norm:      5e+05  
[09:48:56] < General >   Log likelihood (N=9639):  -13200.49 Gradient norm:      5e+05  
[09:48:56] < General >   Log likelihood (N=9639):  -13200.49 Gradient norm:      5e+05  
[09:48:56] < General >   Log likelihood (N=9639):  -13200.49 Gradient norm:      5e+05  
[09:48:56] < General >   Log likelihood (N=9639):  -13200.49 Gradient norm:      5e+05  
[09:48:56] < General >   Log likelihood (N=9639):  -13200.49 Gradient norm:      5e+05  
[09:48:56] < General >   Log likelihood (N=9639):  -13200.49 Gradient norm:      5e+05  
[09:48:56] < General >   Log likelihood (N=9639):  -13200.49 Gradient norm:      5e+05  
[09:48:56] < General >   Log likelihood (N=9639):  -13200.49 Gradient norm:      5e+05  
[09:48:56] < General >   Log likelihood (N=9639):  -13200.49 Gradient norm:      5e+05  
[09:48:56] < General >   Log likelihood (N=9639):  -13200.49 Gradient norm:      5e+05 Hessian norm:       7e+24 BHHH norm:       2e+09
[09:48:56] < General >   Results saved in file SMTO_2019_ModeChoice_Run2~10.html
[09:48:56] < General >   Results saved in file SMTO_2019_ModeChoice_Run2~10.pickle
[09:48:56] < General >   Log file created: SMTO_2019_ModeChoice_Run2~10.log
