*** File created 2020-06-04 10:23:23.539086 ***
*** Log file from biogeme 3.2.5 [2020-06-04]
[10:23:18] < General >   Remove 7 unused variables from the database as only 5 are used.
[10:23:18] < General >   Log likelihood (N=9636):  -81387.13
[10:23:18] < General >   Minimize with tol 1e-07
[10:23:18] < General >   Log likelihood (N=9636):  -81387.13 Gradient norm:      2e+06  
[10:23:18] < General >   Log likelihood (N=9636):  -957219.7 Gradient norm:      1e+06  
[10:23:18] < General >   Log likelihood (N=9636):  -142433.4 Gradient norm:      1e+06  
[10:23:18] < General >   Log likelihood (N=9636):  -15854.29 Gradient norm:      8e+05  
[10:23:18] < General >   Log likelihood (N=9636):  -24673.82 Gradient norm:      1e+06  
[10:23:18] < General >   Log likelihood (N=9636):  -11927.36 Gradient norm:      7e+05  
[10:23:18] < General >   Log likelihood (N=9636):   -47966.8 Gradient norm:      1e+06  
[10:23:18] < General >   Log likelihood (N=9636):  -11052.23 Gradient norm:      7e+05  
[10:23:19] < General >   Log likelihood (N=9636):  -10951.12 Gradient norm:      5e+05  
[10:23:19] < General >   Log likelihood (N=9636):  -12995.99 Gradient norm:      1e+06  
[10:23:19] < General >   Log likelihood (N=9636):   -10735.1 Gradient norm:      1e+05  
[10:23:19] < General >   Log likelihood (N=9636):  -10699.26 Gradient norm:      1e+05  
[10:23:19] < General >   Log likelihood (N=9636):  -10668.68 Gradient norm:      1e+05  
[10:23:19] < General >   Log likelihood (N=9636):  -10548.17 Gradient norm:      1e+05  
[10:23:19] < General >   Log likelihood (N=9636):  -10098.33 Gradient norm:      7e+04  
[10:23:19] < General >   Log likelihood (N=9636):  -15839.12 Gradient norm:      1e+06  
[10:23:19] < General >   Log likelihood (N=9636):  -9580.889 Gradient norm:      8e+04  
[10:23:19] < General >   Log likelihood (N=9636):  -9923.291 Gradient norm:      8e+05  
[10:23:19] < General >   Log likelihood (N=9636):  -9415.668 Gradient norm:      2e+05  
[10:23:19] < General >   Log likelihood (N=9636):  -9380.951 Gradient norm:      8e+04  
[10:23:19] < General >   Log likelihood (N=9636):  -9373.732 Gradient norm:      4e+03  
[10:23:19] < General >   Log likelihood (N=9636):  -9373.277 Gradient norm:      4e+03  
[10:23:19] < General >   Log likelihood (N=9636):  -9372.229 Gradient norm:      3e+03  
[10:23:19] < General >   Log likelihood (N=9636):  -9368.663 Gradient norm:      2e+04  
[10:23:19] < General >   Log likelihood (N=9636):  -9358.637 Gradient norm:      3e+04  
[10:23:19] < General >   Log likelihood (N=9636):  -9356.778 Gradient norm:      1e+04  
[10:23:19] < General >   Log likelihood (N=9636):  -9356.178 Gradient norm:      6e+03  
[10:23:19] < General >   Log likelihood (N=9636):  -9355.889 Gradient norm:      1e+04  
[10:23:19] < General >   Log likelihood (N=9636):   -9354.61 Gradient norm:      3e+04  
[10:23:19] < General >   Log likelihood (N=9636):  -9351.863 Gradient norm:      5e+04  
[10:23:19] < General >   Log likelihood (N=9636):  -9344.122 Gradient norm:      1e+05  
[10:23:19] < General >   Log likelihood (N=9636):   -9324.78 Gradient norm:      2e+05  
[10:23:19] < General >   Log likelihood (N=9636):  -9275.691 Gradient norm:      3e+05  
[10:23:19] < General >   Log likelihood (N=9636):  -9163.369 Gradient norm:      4e+05  
[10:23:19] < General >   Log likelihood (N=9636):   -8956.79 Gradient norm:      5e+05  
[10:23:19] < General >   Log likelihood (N=9636):  -8713.273 Gradient norm:      4e+05  
[10:23:19] < General >   Log likelihood (N=9636):  -8561.501 Gradient norm:      2e+05  
[10:23:19] < General >   Log likelihood (N=9636):  -8555.853 Gradient norm:      2e+05  
[10:23:19] < General >   Log likelihood (N=9636):   -8521.65 Gradient norm:      1e+04  
[10:23:20] < General >   Log likelihood (N=9636):  -8520.715 Gradient norm:      4e+03  
[10:23:20] < General >   Log likelihood (N=9636):  -8520.453 Gradient norm:      6e+03  
[10:23:20] < General >   Log likelihood (N=9636):   -8520.09 Gradient norm:      1e+04  
[10:23:20] < General >   Log likelihood (N=9636):  -8519.823 Gradient norm:      7e+03  
[10:23:20] < General >   Log likelihood (N=9636):  -8519.743 Gradient norm:      9e+02  
[10:23:20] < General >   Log likelihood (N=9636):  -8519.739 Gradient norm:      4e+02  
[10:23:20] < General >   Log likelihood (N=9636):  -8519.738 Gradient norm:      4e+02  
[10:23:20] < General >   Log likelihood (N=9636):  -8519.722 Gradient norm:      8e+02  
[10:23:20] < General >   Log likelihood (N=9636):  -8519.678 Gradient norm:      1e+03  
[10:23:20] < General >   Log likelihood (N=9636):  -8521.317 Gradient norm:      4e+04  
[10:23:20] < General >   Log likelihood (N=9636):  -8519.664 Gradient norm:      4e+03  
[10:23:20] < General >   Log likelihood (N=9636):  -8519.551 Gradient norm:      4e+03  
[10:23:20] < General >   Log likelihood (N=9636):  -8519.609 Gradient norm:      2e+04  
[10:23:20] < General >   Log likelihood (N=9636):  -8519.417 Gradient norm:      1e+04  
[10:23:20] < General >   Log likelihood (N=9636):  -8518.971 Gradient norm:      1e+04  
[10:23:20] < General >   Log likelihood (N=9636):  -8516.946 Gradient norm:      2e+03  
[10:23:20] < General >   Log likelihood (N=9636):  -8512.774 Gradient norm:      1e+04  
[10:23:20] < General >   Log likelihood (N=9636):  -8501.669 Gradient norm:      3e+04  
[10:23:20] < General >   Log likelihood (N=9636):  -8477.622 Gradient norm:      5e+04  
[10:23:20] < General >   Log likelihood (N=9636):  -8432.984 Gradient norm:      7e+04  
[10:23:20] < General >   Log likelihood (N=9636):  -8381.216 Gradient norm:      6e+04  
[10:23:20] < General >   Log likelihood (N=9636):  -8371.532 Gradient norm:      6e+04  
[10:23:20] < General >   Log likelihood (N=9636):  -116627.3 Gradient norm:      2e+06  
[10:23:20] < General >   Log likelihood (N=9636):  -8371.528 Gradient norm:      2e+04  
[10:23:20] < General >   Log likelihood (N=9636):  -8370.925 Gradient norm:      4e+04  
[10:23:20] < General >   Log likelihood (N=9636):  -8359.704 Gradient norm:      3e+04  
[10:23:20] < General >   Log likelihood (N=9636):  -8354.429 Gradient norm:      1e+04  
[10:23:20] < General >   Log likelihood (N=9636):  -8404.656 Gradient norm:      2e+05  
[10:23:20] < General >   Log likelihood (N=9636):  -8354.211 Gradient norm:      2e+03  
[10:23:20] < General >   Log likelihood (N=9636):  -8353.695 Gradient norm:      8e+02  
[10:23:20] < General >   Log likelihood (N=9636):  -8353.673 Gradient norm:      7e+01  
[10:23:20] < General >   Log likelihood (N=9636):  -8353.673 Gradient norm:          7  
[10:23:20] < General >   Log likelihood (N=9636):  -8353.673 Gradient norm:        0.8  
[10:23:21] < General >   Log likelihood (N=9636):  -8353.673 Gradient norm:       0.06  
[10:23:21] < General >   Log likelihood (N=9636):  -8353.673 Gradient norm:       0.02  
[10:23:21] < General >   Log likelihood (N=9636):  -8353.673 Gradient norm:      0.004  
[10:23:21] < General >   Log likelihood (N=9636):  -8353.673 Gradient norm:      0.001  
[10:23:21] < General >   Log likelihood (N=9636):  -8353.673 Gradient norm:      1e-06  
[10:23:21] < General >   Log likelihood (N=9636):  -8353.673 Gradient norm:      0.001  
[10:23:21] < General >   Log likelihood (N=9636):  -8353.673 Gradient norm:      0.001  
[10:23:21] < General >   Log likelihood (N=9636):  -8353.673 Gradient norm:     0.0006  
[10:23:21] < General >   Log likelihood (N=9636):  -8353.673 Gradient norm:      0.001  
[10:23:21] < General >   Log likelihood (N=9636):  -8353.673 Gradient norm:     0.0008  
[10:23:21] < General >   Log likelihood (N=9636):  -8353.673 Gradient norm:      0.001  
[10:23:21] < General >   Log likelihood (N=9636):  -8353.673 Gradient norm:      0.001  
[10:23:21] < General >   Log likelihood (N=9636):  -8353.673 Gradient norm:      0.001  
[10:23:21] < General >   Log likelihood (N=9636):  -8353.673 Gradient norm:      0.001  
[10:23:21] < General >   Log likelihood (N=9636):  -8353.673 Gradient norm:      0.001  
[10:23:21] < General >   Log likelihood (N=9636):  -8353.673 Gradient norm:      0.001  
[10:23:21] < General >   Log likelihood (N=9636):  -8353.673 Gradient norm:      0.001  
[10:23:21] < General >   Log likelihood (N=9636):  -8353.673 Gradient norm:      0.001  
[10:23:21] < General >   Log likelihood (N=9636):  -8353.673 Gradient norm:      0.001  
[10:23:21] < General >   Log likelihood (N=9636):  -8353.673 Gradient norm:      4e-05  
[10:23:21] < General >   Log likelihood (N=9636):  -8353.673 Gradient norm:      0.001  
[10:23:21] < General >   Log likelihood (N=9636):  -8353.673 Gradient norm:     0.0004  
[10:23:21] < General >   Log likelihood (N=9636):  -8353.673 Gradient norm:      0.001  
[10:23:21] < General >   Log likelihood (N=9636):  -8353.673 Gradient norm:      0.001  
[10:23:21] < General >   Log likelihood (N=9636):  -8353.673 Gradient norm:     0.0008  
[10:23:21] < General >   Log likelihood (N=9636):  -8353.673 Gradient norm:      0.001  
[10:23:21] < General >   Log likelihood (N=9636):  -8353.673 Gradient norm:      0.001  
[10:23:21] < General >   Log likelihood (N=9636):  -8353.673 Gradient norm:      8e-05  
[10:23:21] < General >   Log likelihood (N=9636):  -8353.673 Gradient norm:      0.001  
[10:23:21] < General >   Log likelihood (N=9636):  -8353.673 Gradient norm:      0.001  
[10:23:21] < General >   Log likelihood (N=9636):  -8353.673 Gradient norm:     0.0006  
[10:23:21] < General >   Log likelihood (N=9636):  -8353.673 Gradient norm:      0.001  
[10:23:22] < General >   Log likelihood (N=9636):  -8353.673 Gradient norm:      0.001  
[10:23:22] < General >   Log likelihood (N=9636):  -8353.673 Gradient norm:      0.001  
[10:23:22] < General >   Log likelihood (N=9636):  -8353.673 Gradient norm:      0.001  
[10:23:22] < General >   Log likelihood (N=9636):  -8353.673 Gradient norm:      0.001  
[10:23:22] < General >   Log likelihood (N=9636):  -8353.673 Gradient norm:      3e-05  
[10:23:22] < General >   Log likelihood (N=9636):  -8353.673 Gradient norm:      0.001  
[10:23:22] < General >   Log likelihood (N=9636):  -8353.673 Gradient norm:      0.001  
[10:23:22] < General >   Log likelihood (N=9636):  -8353.673 Gradient norm:     0.0006  
[10:23:22] < General >   Log likelihood (N=9636):  -8353.673 Gradient norm:      0.001  
[10:23:22] < General >   Log likelihood (N=9636):  -8353.673 Gradient norm:     0.0008  
[10:23:22] < General >   Log likelihood (N=9636):  -8353.673 Gradient norm:      0.001  
[10:23:22] < General >   Log likelihood (N=9636):  -8353.673 Gradient norm:      0.001  
[10:23:22] < General >   Log likelihood (N=9636):  -8353.673 Gradient norm:      0.001  
[10:23:22] < General >   Log likelihood (N=9636):  -8353.673 Gradient norm:      0.001  
[10:23:22] < General >   Log likelihood (N=9636):  -8353.673 Gradient norm:      0.001  
[10:23:22] < General >   Log likelihood (N=9636):  -8353.673 Gradient norm:      0.001  
[10:23:22] < General >   Log likelihood (N=9636):  -8353.673 Gradient norm:      0.001  
[10:23:22] < General >   Log likelihood (N=9636):  -8353.673 Gradient norm:      0.001  
[10:23:22] < General >   Log likelihood (N=9636):  -8353.673 Gradient norm:      0.001  
[10:23:22] < General >   Log likelihood (N=9636):  -8353.673 Gradient norm:      0.001  
[10:23:22] < General >   Log likelihood (N=9636):  -8353.673 Gradient norm:      0.001  
[10:23:22] < General >   Log likelihood (N=9636):  -8353.673 Gradient norm:      0.001  
[10:23:22] < General >   Log likelihood (N=9636):  -8353.673 Gradient norm:      0.001  
[10:23:22] < General >   Log likelihood (N=9636):  -8353.673 Gradient norm:      0.001  
[10:23:22] < General >   Log likelihood (N=9636):  -8353.673 Gradient norm:      1e+02  
[10:23:22] < General >   Log likelihood (N=9636):  -8353.673 Gradient norm:      7e-05  
[10:23:22] < General >   Log likelihood (N=9636):  -8353.673 Gradient norm:      0.001  
[10:23:22] < General >   Log likelihood (N=9636):  -8353.673 Gradient norm:      0.001  
[10:23:22] < General >   Log likelihood (N=9636):  -8353.673 Gradient norm:     0.0006  
[10:23:22] < General >   Log likelihood (N=9636):  -8353.673 Gradient norm:      0.001  
[10:23:22] < General >   Log likelihood (N=9636):  -8353.673 Gradient norm:      0.001  
[10:23:23] < General >   Log likelihood (N=9636):  -8353.673 Gradient norm:     0.0009  
[10:23:23] < General >   Log likelihood (N=9636):  -8353.673 Gradient norm:      0.001  
[10:23:23] < General >   Log likelihood (N=9636):  -8353.673 Gradient norm:      0.001  
[10:23:23] < General >   Log likelihood (N=9636):  -8353.673 Gradient norm:      0.001  
[10:23:23] < General >   Log likelihood (N=9636):  -8353.673 Gradient norm:      0.001  
[10:23:23] < General >   Log likelihood (N=9636):  -8353.673 Gradient norm:      0.001  
[10:23:23] < General >   Log likelihood (N=9636):  -8353.673 Gradient norm:      0.001  
[10:23:23] < General >   Log likelihood (N=9636):  -8353.673 Gradient norm:      0.001  
[10:23:23] < General >   Log likelihood (N=9636):  -8353.673 Gradient norm:      0.001  
[10:23:23] < General >   Log likelihood (N=9636):  -8353.673 Gradient norm:      0.001  
[10:23:23] < General >   Log likelihood (N=9636):  -8353.673 Gradient norm:      0.001  
[10:23:23] < General >   Log likelihood (N=9636):  -8353.673 Gradient norm:      0.001  
[10:23:23] < General >   Log likelihood (N=9636):  -8353.673 Gradient norm:      0.001  
[10:23:23] < General >   Log likelihood (N=9636):  -8353.673 Gradient norm:      0.001 Hessian norm:       9e+08 BHHH norm:       9e+08
[10:23:23] < General >   Results saved in file SMTO_2019_ModeChoice_Run2~16.html
[10:23:23] < General >   Results saved in file SMTO_2019_ModeChoice_Run2~16.pickle
[10:23:23] < General >   Log file created: SMTO_2019_ModeChoice_Run2~16.log
