*** File created 2020-06-04 09:46:42.040556 ***
*** Log file from biogeme 3.2.5 [2020-06-04]
[09:46:40] < General >   Remove 7 unused variables from the database as only 5 are used.
[09:46:41] < General >   Log likelihood (N=9639):   -1.5e+20
[09:46:41] < General >   Minimize with tol 1e-07
[09:46:41] < General >   Log likelihood (N=9639):   -1.5e+20 Gradient norm:      3e+20  
[09:46:41] < General >   Log likelihood (N=9639):  -954597.9 Gradient norm:      2e+06  
[09:46:41] < General >   Log likelihood (N=9639):  -954597.9 Gradient norm:      2e+06  
[09:46:41] < General >   Log likelihood (N=9639):  -954597.9 Gradient norm:      2e+06  
[09:46:41] < General >   Log likelihood (N=9639):  -954597.9 Gradient norm:      2e+06  
[09:46:41] < General >   Log likelihood (N=9639):  -954597.9 Gradient norm:      2e+06  
[09:46:41] < General >   Log likelihood (N=9639):  -954597.9 Gradient norm:      2e+06  
[09:46:41] < General >   Log likelihood (N=9639):  -954597.9 Gradient norm:      2e+06  
[09:46:41] < General >   Log likelihood (N=9639):  -954597.9 Gradient norm:      2e+06  
[09:46:41] < General >   Log likelihood (N=9639):  -954597.9 Gradient norm:      2e+06  
[09:46:41] < General >   Log likelihood (N=9639):  -954597.9 Gradient norm:      2e+06  
[09:46:41] < General >   Log likelihood (N=9639):  -954597.9 Gradient norm:      2e+06  
[09:46:41] < General >   Log likelihood (N=9639):  -954597.9 Gradient norm:      2e+06  
[09:46:41] < General >   Log likelihood (N=9639):  -954597.9 Gradient norm:      2e+06  
[09:46:41] < General >   Log likelihood (N=9639):  -954597.8 Gradient norm:      2e+06  
[09:46:41] < General >   Log likelihood (N=9639):  -954597.2 Gradient norm:      2e+06  
[09:46:41] < General >   Log likelihood (N=9639):  -954595.1 Gradient norm:      2e+06  
[09:46:41] < General >   Log likelihood (N=9639):  -954586.6 Gradient norm:      2e+06  
[09:46:41] < General >   Log likelihood (N=9639):  -954552.6 Gradient norm:      2e+06  
[09:46:41] < General >   Log likelihood (N=9639):  -954518.8 Gradient norm:      2e+06  
[09:46:41] < General >   Log likelihood (N=9639): -1.601726e+24 Gradient norm:      3e+20  
[09:46:41] < General >   Log likelihood (N=9639):  -954518.8 Gradient norm:      2e+06  
[09:46:41] < General >   Log likelihood (N=9639): -1.057088e+24 Gradient norm:      3e+20  
[09:46:41] < General >   Log likelihood (N=9639):  -954518.8 Gradient norm:      2e+06  
[09:46:41] < General >   Log likelihood (N=9639): -1.797693e+308 Gradient norm:        inf  
[09:46:41] < General >   Log likelihood (N=9639):  -954518.8 Gradient norm:      2e+06  
[09:46:41] < General >   Log likelihood (N=9639): -3.747804e+24 Gradient norm:      3e+20  
[09:46:41] < General >   Log likelihood (N=9639):  -954518.8 Gradient norm:      2e+06  
[09:46:41] < General >   Log likelihood (N=9639):  -954518.6 Gradient norm:      2e+06  
[09:46:41] < General >   Log likelihood (N=9639): -1.873827e+24 Gradient norm:      3e+20  
[09:46:41] < General >   Log likelihood (N=9639):  -954518.6 Gradient norm:      2e+06  
[09:46:41] < General >   Log likelihood (N=9639): -1.236675e+24 Gradient norm:      3e+20  
[09:46:41] < General >   Log likelihood (N=9639):  -954518.6 Gradient norm:      2e+06  
[09:46:41] < General >   Log likelihood (N=9639):  -954518.6 Gradient norm:      2e+06  
[09:46:41] < General >   Log likelihood (N=9639): -6.182623e+23 Gradient norm:      3e+20  
[09:46:41] < General >   Log likelihood (N=9639):  -954518.6 Gradient norm:      2e+06  
[09:46:41] < General >   Log likelihood (N=9639):  -954518.6 Gradient norm:      2e+06  
[09:46:41] < General >   Log likelihood (N=9639): -3.090562e+23 Gradient norm:      3e+20  
[09:46:41] < General >   Log likelihood (N=9639):  -954518.6 Gradient norm:      2e+06  
[09:46:41] < General >   Log likelihood (N=9639):  -954518.6 Gradient norm:      2e+06  
[09:46:41] < General >   Log likelihood (N=9639): -1.544531e+23 Gradient norm:      3e+20  
[09:46:41] < General >   Log likelihood (N=9639):  -954518.6 Gradient norm:      2e+06  
[09:46:41] < General >   Log likelihood (N=9639):  -954518.6 Gradient norm:      2e+06  
[09:46:41] < General >   Log likelihood (N=9639): -7.715155e+22 Gradient norm:      3e+20  
[09:46:41] < General >   Log likelihood (N=9639):  -954518.6 Gradient norm:      2e+06  
[09:46:41] < General >   Log likelihood (N=9639):  -954518.6 Gradient norm:      2e+06  
[09:46:41] < General >   Log likelihood (N=9639): -1.061173e+22 Gradient norm:      3e+20  
[09:46:41] < General >   Log likelihood (N=9639): -1.797693e+308 Gradient norm:      3e+20  
[09:46:41] < General >   Log likelihood (N=9639):  -954518.8 Gradient norm:      2e+06  
[09:46:42] < General >   Log likelihood (N=9639):  -954518.8 Gradient norm:      2e+06 Hessian norm:       2e+03 BHHH norm:       2e+09
[09:46:42] < General >   Results saved in file SMTO_2019_ModeChoice_Run2~08.html
[09:46:42] < General >   Results saved in file SMTO_2019_ModeChoice_Run2~08.pickle
[09:46:42] < General >   Log file created: SMTO_2019_ModeChoice_Run2~08.log
