*** File created 2020-06-04 10:21:15.132738 ***
*** Log file from biogeme 3.2.5 [2020-06-04]
[10:21:10] < General >   Remove 7 unused variables from the database as only 5 are used.
[10:21:10] < General >   Log likelihood (N=9636):  -81392.94
[10:21:10] < General >   Minimize with tol 1e-07
[10:21:10] < General >   Log likelihood (N=9636):  -81392.94 Gradient norm:      2e+06  
[10:21:10] < General >   Log likelihood (N=9636):  -957231.4 Gradient norm:      1e+06  
[10:21:10] < General >   Log likelihood (N=9636):    -142426 Gradient norm:      1e+06  
[10:21:11] < General >   Log likelihood (N=9636):  -15856.82 Gradient norm:      8e+05  
[10:21:11] < General >   Log likelihood (N=9636):  -24668.58 Gradient norm:      1e+06  
[10:21:11] < General >   Log likelihood (N=9636):  -11929.02 Gradient norm:      7e+05  
[10:21:11] < General >   Log likelihood (N=9636):  -47968.51 Gradient norm:      1e+06  
[10:21:11] < General >   Log likelihood (N=9636):  -11050.75 Gradient norm:      7e+05  
[10:21:11] < General >   Log likelihood (N=9636):  -10952.22 Gradient norm:      5e+05  
[10:21:11] < General >   Log likelihood (N=9636):   -13005.5 Gradient norm:      1e+06  
[10:21:11] < General >   Log likelihood (N=9636):  -10736.17 Gradient norm:      1e+05  
[10:21:11] < General >   Log likelihood (N=9636):  -10700.44 Gradient norm:      1e+05  
[10:21:11] < General >   Log likelihood (N=9636):  -10670.15 Gradient norm:      1e+05  
[10:21:11] < General >   Log likelihood (N=9636):  -10550.93 Gradient norm:      1e+05  
[10:21:11] < General >   Log likelihood (N=9636):  -10107.59 Gradient norm:      7e+04  
[10:21:11] < General >   Log likelihood (N=9636):  -15649.72 Gradient norm:      1e+06  
[10:21:11] < General >   Log likelihood (N=9636):  -9581.674 Gradient norm:      7e+04  
[10:21:11] < General >   Log likelihood (N=9636):  -9953.912 Gradient norm:      8e+05  
[10:21:11] < General >   Log likelihood (N=9636):  -9419.154 Gradient norm:      2e+05  
[10:21:11] < General >   Log likelihood (N=9636):  -9388.581 Gradient norm:      9e+04  
[10:21:11] < General >   Log likelihood (N=9636):  -9381.037 Gradient norm:      5e+03  
[10:21:11] < General >   Log likelihood (N=9636):  -9380.548 Gradient norm:      4e+03  
[10:21:11] < General >   Log likelihood (N=9636):  -9380.185 Gradient norm:      4e+03  
[10:21:11] < General >   Log likelihood (N=9636):  -9378.849 Gradient norm:      1e+04  
[10:21:11] < General >   Log likelihood (N=9636):  -9368.912 Gradient norm:      4e+04  
[10:21:11] < General >   Log likelihood (N=9636):  -9365.169 Gradient norm:      3e+04  
[10:21:11] < General >   Log likelihood (N=9636):  -9364.019 Gradient norm:      9e+03  
[10:21:11] < General >   Log likelihood (N=9636):  -9363.898 Gradient norm:      3e+03  
[10:21:11] < General >   Log likelihood (N=9636):  -9363.871 Gradient norm:      4e+03  
[10:21:11] < General >   Log likelihood (N=9636):  -9363.797 Gradient norm:      8e+03  
[10:21:11] < General >   Log likelihood (N=9636):   -9363.62 Gradient norm:      1e+04  
[10:21:11] < General >   Log likelihood (N=9636):  -9363.137 Gradient norm:      2e+04  
[10:21:11] < General >   Log likelihood (N=9636):  -9361.883 Gradient norm:      4e+04  
[10:21:11] < General >   Log likelihood (N=9636):  -9358.563 Gradient norm:      7e+04  
[10:21:11] < General >   Log likelihood (N=9636):  -9349.914 Gradient norm:      1e+05  
[10:21:11] < General >   Log likelihood (N=9636):  -9327.579 Gradient norm:      2e+05  
[10:21:11] < General >   Log likelihood (N=9636):  -9272.336 Gradient norm:      3e+05  
[10:21:12] < General >   Log likelihood (N=9636):  -9148.397 Gradient norm:      4e+05  
[10:21:12] < General >   Log likelihood (N=9636):  -8925.679 Gradient norm:      4e+05  
[10:21:12] < General >   Log likelihood (N=9636):  -8696.368 Gradient norm:      1e+05  
[10:21:12] < General >   Log likelihood (N=9636):  -8564.472 Gradient norm:      5e+04  
[10:21:12] < General >   Log likelihood (N=9636):  -8536.969 Gradient norm:      5e+04  
[10:21:12] < General >   Log likelihood (N=9636):  -8529.968 Gradient norm:      5e+04  
[10:21:12] < General >   Log likelihood (N=9636):  -8546.167 Gradient norm:      2e+05  
[10:21:12] < General >   Log likelihood (N=9636):  -8527.035 Gradient norm:      8e+03  
[10:21:12] < General >   Log likelihood (N=9636):  -8524.208 Gradient norm:      2e+03  
[10:21:12] < General >   Log likelihood (N=9636):   -8523.59 Gradient norm:      9e+02  
[10:21:12] < General >   Log likelihood (N=9636):  -8523.568 Gradient norm:      4e+02  
[10:21:12] < General >   Log likelihood (N=9636):  -8523.541 Gradient norm:      1e+03  
[10:21:12] < General >   Log likelihood (N=9636):  -8523.497 Gradient norm:      2e+03  
[10:21:12] < General >   Log likelihood (N=9636):  -8523.361 Gradient norm:      4e+03  
[10:21:12] < General >   Log likelihood (N=9636):  -8523.024 Gradient norm:      7e+03  
[10:21:12] < General >   Log likelihood (N=9636):  -8522.124 Gradient norm:      1e+04  
[10:21:12] < General >   Log likelihood (N=9636):  -8519.803 Gradient norm:      2e+04  
[10:21:12] < General >   Log likelihood (N=9636):  -8513.852 Gradient norm:      4e+04  
[10:21:12] < General >   Log likelihood (N=9636):  -8500.423 Gradient norm:      2e+04  
[10:21:12] < General >   Log likelihood (N=9636):  -8857.683 Gradient norm:      8e+05  
[10:21:12] < General >   Log likelihood (N=9636):  -8492.521 Gradient norm:      1e+05  
[10:21:12] < General >   Log likelihood (N=9636):  -8463.229 Gradient norm:      9e+04  
[10:21:12] < General >   Log likelihood (N=9636):  -8386.103 Gradient norm:      2e+04  
[10:21:12] < General >   Log likelihood (N=9636):  -8366.969 Gradient norm:      1e+04  
[10:21:12] < General >   Log likelihood (N=9636):  -8362.265 Gradient norm:      6e+03  
[10:21:12] < General >   Log likelihood (N=9636):  -8360.423 Gradient norm:      9e+02  
[10:21:12] < General >   Log likelihood (N=9636):  -8360.229 Gradient norm:      4e+02  
[10:21:12] < General >   Log likelihood (N=9636):  -8359.858 Gradient norm:      2e+03  
[10:21:12] < General >   Log likelihood (N=9636):  -8358.237 Gradient norm:      7e+03  
[10:21:12] < General >   Log likelihood (N=9636):  -8356.478 Gradient norm:      9e+03  
[10:21:12] < General >   Log likelihood (N=9636):  -8354.396 Gradient norm:      7e+03  
[10:21:12] < General >   Log likelihood (N=9636):  -8353.814 Gradient norm:      1e+04  
[10:21:12] < General >   Log likelihood (N=9636):  -8385.186 Gradient norm:      2e+05  
[10:21:12] < General >   Log likelihood (N=9636):  -8353.719 Gradient norm:      3e+02  
[10:21:13] < General >   Log likelihood (N=9636):  -8353.675 Gradient norm:      2e+02  
[10:21:13] < General >   Log likelihood (N=9636):  -8353.674 Gradient norm:      2e+02  
[10:21:13] < General >   Log likelihood (N=9636):  -8353.673 Gradient norm:      4e+01  
[10:21:13] < General >   Log likelihood (N=9636):  -8353.673 Gradient norm:          2  
[10:21:13] < General >   Log likelihood (N=9636):  -8353.673 Gradient norm:          3  
[10:21:13] < General >   Log likelihood (N=9636):  -8353.673 Gradient norm:        0.7  
[10:21:13] < General >   Log likelihood (N=9636):  -8353.673 Gradient norm:        0.2  
[10:21:13] < General >   Log likelihood (N=9636):  -8353.673 Gradient norm:      0.007  
[10:21:13] < General >   Log likelihood (N=9636):  -8353.673 Gradient norm:     0.0004  
[10:21:13] < General >   Log likelihood (N=9636):  -8353.673 Gradient norm:      0.007  
[10:21:13] < General >   Log likelihood (N=9636):  -8353.673 Gradient norm:      0.007  
[10:21:13] < General >   Log likelihood (N=9636):  -8353.673 Gradient norm:      0.007  
[10:21:13] < General >   Log likelihood (N=9636):  -8353.673 Gradient norm:      0.007  
[10:21:13] < General >   Log likelihood (N=9636):  -8353.673 Gradient norm:      0.007  
[10:21:13] < General >   Log likelihood (N=9636):  -8353.673 Gradient norm:      0.007  
[10:21:13] < General >   Log likelihood (N=9636):  -8353.673 Gradient norm:      0.007  
[10:21:13] < General >   Log likelihood (N=9636):  -8353.673 Gradient norm:      0.007  
[10:21:13] < General >   Log likelihood (N=9636):  -8353.673 Gradient norm:      0.007  
[10:21:13] < General >   Log likelihood (N=9636):  -8353.673 Gradient norm:      0.007  
[10:21:13] < General >   Log likelihood (N=9636):  -8353.673 Gradient norm:      0.007  
[10:21:13] < General >   Log likelihood (N=9636):  -8353.673 Gradient norm:      0.007  
[10:21:13] < General >   Log likelihood (N=9636):  -8353.673 Gradient norm:      0.007  
[10:21:13] < General >   Log likelihood (N=9636):  -8353.673 Gradient norm:      0.007  
[10:21:13] < General >   Log likelihood (N=9636):  -8353.673 Gradient norm:      0.007  
[10:21:13] < General >   Log likelihood (N=9636):  -8353.673 Gradient norm:      0.007  
[10:21:13] < General >   Log likelihood (N=9636):  -8353.673 Gradient norm:      0.007  
[10:21:13] < General >   Log likelihood (N=9636):  -8353.673 Gradient norm:      0.007  
[10:21:13] < General >   Log likelihood (N=9636):  -8353.673 Gradient norm:      0.007  
[10:21:13] < General >   Log likelihood (N=9636):  -8353.673 Gradient norm:      0.001  
[10:21:13] < General >   Log likelihood (N=9636):  -8353.673 Gradient norm:      0.007  
[10:21:13] < General >   Log likelihood (N=9636):  -8353.673 Gradient norm:      0.007  
[10:21:13] < General >   Log likelihood (N=9636):  -8353.673 Gradient norm:      0.007  
[10:21:13] < General >   Log likelihood (N=9636):  -8353.673 Gradient norm:      0.007  
[10:21:14] < General >   Log likelihood (N=9636):  -8353.673 Gradient norm:      0.007  
[10:21:14] < General >   Log likelihood (N=9636):  -8353.673 Gradient norm:      0.007  
[10:21:14] < General >   Log likelihood (N=9636):  -8353.673 Gradient norm:      0.007  
[10:21:14] < General >   Log likelihood (N=9636):  -8353.673 Gradient norm:      0.007  
[10:21:14] < General >   Log likelihood (N=9636):  -8353.673 Gradient norm:      0.007  
[10:21:14] < General >   Log likelihood (N=9636):  -8353.673 Gradient norm:      0.007  
[10:21:14] < General >   Log likelihood (N=9636):  -8353.673 Gradient norm:      0.007  
[10:21:14] < General >   Log likelihood (N=9636):  -8353.673 Gradient norm:      0.007  
[10:21:14] < General >   Log likelihood (N=9636):  -8353.673 Gradient norm:      0.007  
[10:21:14] < General >   Log likelihood (N=9636):  -8353.673 Gradient norm:      0.007  
[10:21:14] < General >   Log likelihood (N=9636):  -8353.673 Gradient norm:      0.007  
[10:21:14] < General >   Log likelihood (N=9636):  -8353.673 Gradient norm:      0.007  
[10:21:14] < General >   Log likelihood (N=9636):  -8353.673 Gradient norm:      0.007  
[10:21:14] < General >   Log likelihood (N=9636):  -8353.673 Gradient norm:      0.007  
[10:21:14] < General >   Log likelihood (N=9636):  -8353.673 Gradient norm:      0.007  
[10:21:14] < General >   Log likelihood (N=9636):  -8353.673 Gradient norm:      5e+02  
[10:21:14] < General >   Log likelihood (N=9636):  -8353.673 Gradient norm:      0.004  
[10:21:14] < General >   Log likelihood (N=9636):  -8353.673 Gradient norm:      0.007  
[10:21:14] < General >   Log likelihood (N=9636):  -8353.673 Gradient norm:      0.007  
[10:21:14] < General >   Log likelihood (N=9636):  -8353.673 Gradient norm:      0.007  
[10:21:14] < General >   Log likelihood (N=9636):  -8353.673 Gradient norm:      0.007  
[10:21:14] < General >   Log likelihood (N=9636):  -8353.673 Gradient norm:      0.007  
[10:21:14] < General >   Log likelihood (N=9636):  -8353.673 Gradient norm:      0.007  
[10:21:14] < General >   Log likelihood (N=9636):  -8353.673 Gradient norm:      0.007  
[10:21:14] < General >   Log likelihood (N=9636):  -8353.673 Gradient norm:      0.007  
[10:21:14] < General >   Log likelihood (N=9636):  -8353.673 Gradient norm:      0.007  
[10:21:14] < General >   Log likelihood (N=9636):  -8353.673 Gradient norm:      0.007  
[10:21:14] < General >   Log likelihood (N=9636):  -8353.673 Gradient norm:      0.007  
[10:21:14] < General >   Log likelihood (N=9636):  -8353.673 Gradient norm:      0.007  
[10:21:14] < General >   Log likelihood (N=9636):  -8353.673 Gradient norm:      0.007  
[10:21:14] < General >   Log likelihood (N=9636):  -8353.673 Gradient norm:      0.007  
[10:21:14] < General >   Log likelihood (N=9636):  -8353.673 Gradient norm:      0.007  
[10:21:14] < General >   Log likelihood (N=9636):  -8353.673 Gradient norm:      0.007  
[10:21:15] < General >   Log likelihood (N=9636):  -8353.673 Gradient norm:      0.007  
[10:21:15] < General >   Log likelihood (N=9636):  -8353.673 Gradient norm:      0.007  
[10:21:15] < General >   Log likelihood (N=9636):  -8353.673 Gradient norm:      0.007 Hessian norm:       9e+08 BHHH norm:       9e+08
[10:21:15] < General >   Results saved in file SMTO_2019_ModeChoice_Run2~15.html
[10:21:15] < General >   Results saved in file SMTO_2019_ModeChoice_Run2~15.pickle
[10:21:15] < General >   Log file created: SMTO_2019_ModeChoice_Run2~15.log
