*** File created 2020-06-04 13:37:15.254466 ***
*** Log file from biogeme 3.2.5 [2020-06-04]
[13:37:11] < General >   Remove 7 unused variables from the database as only 5 are used.
[13:37:11] < General >   Log likelihood (N=9667):  -770477.4
[13:37:11] < General >   Minimize with tol 1e-07
[13:37:12] < General >   Log likelihood (N=9667):  -770477.4 Gradient norm:      2e+06  
[13:37:12] < General >   Log likelihood (N=9667):  -499241.5 Gradient norm:      1e+06  
[13:37:12] < General >   Log likelihood (N=9667):  -91301.85 Gradient norm:      1e+06  
[13:37:12] < General >   Log likelihood (N=9667):   -2271107 Gradient norm:      2e+06  
[13:37:12] < General >   Log likelihood (N=9667):  -178225.9 Gradient norm:      2e+06  
[13:37:12] < General >   Log likelihood (N=9667):   -35114.1 Gradient norm:      9e+05  
[13:37:12] < General >   Log likelihood (N=9667):   -6224728 Gradient norm:      2e+06  
[13:37:12] < General >   Log likelihood (N=9667):    -582103 Gradient norm:      2e+06  
[13:37:12] < General >   Log likelihood (N=9667):   -49040.3 Gradient norm:      1e+06  
[13:37:12] < General >   Log likelihood (N=9667):  -20506.49 Gradient norm:      7e+05  
[13:37:12] < General >   Log likelihood (N=9667):  -79229.17 Gradient norm:      2e+06  
[13:37:12] < General >   Log likelihood (N=9667):  -17272.14 Gradient norm:      6e+05  
[13:37:12] < General >   Log likelihood (N=9667):   -16783.8 Gradient norm:      6e+05  
[13:37:12] < General >   Log likelihood (N=9667):  -14719.97 Gradient norm:      6e+05  
[13:37:12] < General >   Log likelihood (N=9667):  -10577.01 Gradient norm:      1e+06  
[13:37:12] < General >   Log likelihood (N=9667):  -11292.29 Gradient norm:      1e+05  
[13:37:12] < General >   Log likelihood (N=9667):  -27758.81 Gradient norm:      1e+06  
[13:37:12] < General >   Log likelihood (N=9667):  -10148.59 Gradient norm:      2e+05  
[13:37:12] < General >   Log likelihood (N=9667):  -16447.79 Gradient norm:      1e+06  
[13:37:12] < General >   Log likelihood (N=9667):  -9700.386 Gradient norm:      2e+05  
[13:37:12] < General >   Log likelihood (N=9667):  -9584.666 Gradient norm:      3e+05  
[13:37:12] < General >   Log likelihood (N=9667):  -9501.244 Gradient norm:      1e+05  
[13:37:12] < General >   Log likelihood (N=9667):  -9488.426 Gradient norm:      3e+04  
[13:37:12] < General >   Log likelihood (N=9667):   -9485.96 Gradient norm:      1e+04  
[13:37:12] < General >   Log likelihood (N=9667):  -9481.852 Gradient norm:      2e+04  
[13:37:12] < General >   Log likelihood (N=9667):  -9468.315 Gradient norm:      7e+04  
[13:37:12] < General >   Log likelihood (N=9667):  -9443.281 Gradient norm:      1e+05  
[13:37:12] < General >   Log likelihood (N=9667):  -9403.807 Gradient norm:      1e+05  
[13:37:12] < General >   Log likelihood (N=9667):  -9648.692 Gradient norm:      5e+05  
[13:37:12] < General >   Log likelihood (N=9667):  -9399.982 Gradient norm:      1e+05  
[13:37:12] < General >   Log likelihood (N=9667):   -9379.56 Gradient norm:      5e+04  
[13:37:12] < General >   Log likelihood (N=9667):  -9376.418 Gradient norm:      9e+03  
[13:37:12] < General >   Log likelihood (N=9667):  -9376.277 Gradient norm:      2e+03  
[13:37:12] < General >   Log likelihood (N=9667):  -9376.263 Gradient norm:      2e+03  
[13:37:12] < General >   Log likelihood (N=9667):  -9376.097 Gradient norm:      7e+03  
[13:37:12] < General >   Log likelihood (N=9667):  -9375.796 Gradient norm:      1e+04  
[13:37:12] < General >   Log likelihood (N=9667):  -9374.877 Gradient norm:      3e+04  
[13:37:12] < General >   Log likelihood (N=9667):  -9372.629 Gradient norm:      5e+04  
[13:37:12] < General >   Log likelihood (N=9667):  -9366.735 Gradient norm:      7e+04  
[13:37:12] < General >   Log likelihood (N=9667):  -9352.033 Gradient norm:      1e+05  
[13:37:12] < General >   Log likelihood (N=9667):  -9316.647 Gradient norm:      2e+05  
[13:37:12] < General >   Log likelihood (N=9667):  -9240.495 Gradient norm:      2e+05  
[13:37:12] < General >   Log likelihood (N=9667):   -9107.83 Gradient norm:      3e+05  
[13:37:13] < General >   Log likelihood (N=9667):  -8943.358 Gradient norm:      2e+05  
[13:37:13] < General >   Log likelihood (N=9667):  -9003.278 Gradient norm:      6e+05  
[13:37:13] < General >   Log likelihood (N=9667):  -8833.417 Gradient norm:      4e+05  
[13:37:13] < General >   Log likelihood (N=9667):   -8676.36 Gradient norm:      2e+05  
[13:37:13] < General >   Log likelihood (N=9667):  -8623.321 Gradient norm:      8e+04  
[13:37:13] < General >   Log likelihood (N=9667):  -8613.732 Gradient norm:      2e+04  
[13:37:13] < General >   Log likelihood (N=9667):  -8612.649 Gradient norm:      2e+04  
[13:37:13] < General >   Log likelihood (N=9667):  -8593.812 Gradient norm:      9e+03  
[13:37:13] < General >   Log likelihood (N=9667):  -8571.546 Gradient norm:      7e+03  
[13:37:13] < General >   Log likelihood (N=9667):  -8571.268 Gradient norm:      5e+03  
[13:37:13] < General >   Log likelihood (N=9667):  -8571.246 Gradient norm:      8e+02  
[13:37:13] < General >   Log likelihood (N=9667):  -8571.241 Gradient norm:      4e+02  
[13:37:13] < General >   Log likelihood (N=9667):  -8571.214 Gradient norm:      2e+03  
[13:37:13] < General >   Log likelihood (N=9667):   -8571.16 Gradient norm:      4e+03  
[13:37:13] < General >   Log likelihood (N=9667):  -8571.004 Gradient norm:      7e+03  
[13:37:13] < General >   Log likelihood (N=9667):   -8570.62 Gradient norm:      1e+04  
[13:37:13] < General >   Log likelihood (N=9667):  -8569.577 Gradient norm:      2e+04  
[13:37:13] < General >   Log likelihood (N=9667):  -8566.889 Gradient norm:      4e+04  
[13:37:13] < General >   Log likelihood (N=9667):  -8560.062 Gradient norm:      6e+04  
[13:37:13] < General >   Log likelihood (N=9667):  -8543.648 Gradient norm:      9e+04  
[13:37:13] < General >   Log likelihood (N=9667):   -8508.96 Gradient norm:      1e+05  
[13:37:13] < General >   Log likelihood (N=9667):  -8455.943 Gradient norm:      1e+05  
[13:37:13] < General >   Log likelihood (N=9667):  -12113.94 Gradient norm:      1e+06  
[13:37:13] < General >   Log likelihood (N=9667):  -8454.901 Gradient norm:      1e+05  
[13:37:13] < General >   Log likelihood (N=9667):  -8416.152 Gradient norm:      7e+04  
[13:37:13] < General >   Log likelihood (N=9667):  -8405.871 Gradient norm:      2e+04  
[13:37:13] < General >   Log likelihood (N=9667):  -8404.454 Gradient norm:      2e+03  
[13:37:13] < General >   Log likelihood (N=9667):  -8404.364 Gradient norm:      2e+03  
[13:37:13] < General >   Log likelihood (N=9667):  -8404.126 Gradient norm:      1e+03  
[13:37:13] < General >   Log likelihood (N=9667):  -8402.755 Gradient norm:      2e+03  
[13:37:13] < General >   Log likelihood (N=9667):  -8402.139 Gradient norm:      1e+03  
[13:37:13] < General >   Log likelihood (N=9667):  -8402.057 Gradient norm:      3e+03  
[13:37:13] < General >   Log likelihood (N=9667):  -8402.099 Gradient norm:      6e+03  
[13:37:13] < General >   Log likelihood (N=9667):  -8402.045 Gradient norm:      2e+02  
[13:37:13] < General >   Log likelihood (N=9667):  -8402.043 Gradient norm:      1e+01  
[13:37:13] < General >   Log likelihood (N=9667):  -8402.044 Gradient norm:      1e+03  
[13:37:13] < General >   Log likelihood (N=9667):  -8402.043 Gradient norm:      3e+01  
[13:37:13] < General >   Log likelihood (N=9667):  -8402.043 Gradient norm:        0.6  
[13:37:13] < General >   Log likelihood (N=9667):  -8402.043 Gradient norm:      0.006  
[13:37:13] < General >   Log likelihood (N=9667):  -8402.043 Gradient norm:     0.0002  
[13:37:13] < General >   Log likelihood (N=9667):  -8402.043 Gradient norm:      0.005  
[13:37:13] < General >   Log likelihood (N=9667):  -8402.043 Gradient norm:      0.006  
[13:37:13] < General >   Log likelihood (N=9667):  -8402.043 Gradient norm:      0.006  
[13:37:13] < General >   Log likelihood (N=9667):  -8402.043 Gradient norm:      0.006  
[13:37:13] < General >   Log likelihood (N=9667):  -8402.043 Gradient norm:      2e-05  
[13:37:14] < General >   Log likelihood (N=9667):  -8402.043 Gradient norm:      0.006  
[13:37:14] < General >   Log likelihood (N=9667):  -8402.043 Gradient norm:      0.006  
[13:37:14] < General >   Log likelihood (N=9667):  -8402.043 Gradient norm:      0.006  
[13:37:14] < General >   Log likelihood (N=9667):  -8402.043 Gradient norm:      0.006  
[13:37:14] < General >   Log likelihood (N=9667):  -8402.043 Gradient norm:      0.006  
[13:37:14] < General >   Log likelihood (N=9667):  -8402.043 Gradient norm:      0.006  
[13:37:14] < General >   Log likelihood (N=9667):  -8402.043 Gradient norm:      0.006  
[13:37:14] < General >   Log likelihood (N=9667):  -8402.043 Gradient norm:      0.006  
[13:37:14] < General >   Log likelihood (N=9667):  -8402.043 Gradient norm:      0.006  
[13:37:14] < General >   Log likelihood (N=9667):  -8402.043 Gradient norm:      0.006  
[13:37:14] < General >   Log likelihood (N=9667):  -8402.043 Gradient norm:      0.006  
[13:37:14] < General >   Log likelihood (N=9667):  -8402.043 Gradient norm:      0.006  
[13:37:14] < General >   Log likelihood (N=9667):  -8402.043 Gradient norm:      0.006  
[13:37:14] < General >   Log likelihood (N=9667):  -8402.043 Gradient norm:      0.006  
[13:37:14] < General >   Log likelihood (N=9667):  -8402.043 Gradient norm:      0.006  
[13:37:14] < General >   Log likelihood (N=9667):  -8402.043 Gradient norm:      0.006  
[13:37:14] < General >   Log likelihood (N=9667):  -8402.043 Gradient norm:      0.006  
[13:37:14] < General >   Log likelihood (N=9667):  -8402.043 Gradient norm:      0.006  
[13:37:14] < General >   Log likelihood (N=9667):  -8402.043 Gradient norm:      0.006  
[13:37:14] < General >   Log likelihood (N=9667):  -8402.043 Gradient norm:      5e+02  
[13:37:14] < General >   Log likelihood (N=9667):  -8402.043 Gradient norm:      0.002  
[13:37:14] < General >   Log likelihood (N=9667):  -8402.043 Gradient norm:      0.002  
[13:37:14] < General >   Log likelihood (N=9667):  -8402.043 Gradient norm:      0.002  
[13:37:14] < General >   Log likelihood (N=9667):  -8402.043 Gradient norm:      0.002  
[13:37:14] < General >   Log likelihood (N=9667):  -8402.043 Gradient norm:      0.002  
[13:37:14] < General >   Log likelihood (N=9667):  -8402.043 Gradient norm:      0.002  
[13:37:14] < General >   Log likelihood (N=9667):  -8402.043 Gradient norm:      0.002  
[13:37:14] < General >   Log likelihood (N=9667):  -8402.043 Gradient norm:      0.002  
[13:37:14] < General >   Log likelihood (N=9667):  -8402.043 Gradient norm:      0.002  
[13:37:14] < General >   Log likelihood (N=9667):  -8402.043 Gradient norm:      0.002  
[13:37:14] < General >   Log likelihood (N=9667):  -8402.043 Gradient norm:      0.002  
[13:37:14] < General >   Log likelihood (N=9667):  -8402.043 Gradient norm:      0.002  
[13:37:14] < General >   Log likelihood (N=9667):  -8402.043 Gradient norm:      0.002  
[13:37:14] < General >   Log likelihood (N=9667):  -8402.043 Gradient norm:      0.002  
[13:37:14] < General >   Log likelihood (N=9667):  -8402.043 Gradient norm:      0.002  
[13:37:14] < General >   Log likelihood (N=9667):  -8402.043 Gradient norm:      0.002  
[13:37:14] < General >   Log likelihood (N=9667):  -8402.043 Gradient norm:      0.002  
[13:37:14] < General >   Log likelihood (N=9667):  -8402.043 Gradient norm:      0.002  
[13:37:14] < General >   Log likelihood (N=9667):  -8402.043 Gradient norm:      0.002  
[13:37:14] < General >   Log likelihood (N=9667):  -8402.043 Gradient norm:      0.002  
[13:37:14] < General >   Log likelihood (N=9667):  -8402.043 Gradient norm:      0.002  
[13:37:14] < General >   Log likelihood (N=9667):  -8402.043 Gradient norm:      6e+01  
[13:37:14] < General >   Log likelihood (N=9667):  -8402.043 Gradient norm:      0.006  
[13:37:14] < General >   Log likelihood (N=9667):  -8402.043 Gradient norm:      0.002  
[13:37:14] < General >   Log likelihood (N=9667):  -8402.043 Gradient norm:      0.002  
[13:37:14] < General >   Log likelihood (N=9667):  -8402.043 Gradient norm:      0.002  
[13:37:14] < General >   Log likelihood (N=9667):  -8402.043 Gradient norm:      0.002  
[13:37:15] < General >   Log likelihood (N=9667):  -8402.043 Gradient norm:      0.002  
[13:37:15] < General >   Log likelihood (N=9667):  -8402.043 Gradient norm:      0.002  
[13:37:15] < General >   Log likelihood (N=9667):  -8402.043 Gradient norm:      0.002  
[13:37:15] < General >   Log likelihood (N=9667):  -8402.043 Gradient norm:      0.002  
[13:37:15] < General >   Log likelihood (N=9667):  -8402.043 Gradient norm:      0.002  
[13:37:15] < General >   Log likelihood (N=9667):  -8402.043 Gradient norm:      0.002  
[13:37:15] < General >   Log likelihood (N=9667):  -8402.043 Gradient norm:      0.002 Hessian norm:       9e+08 BHHH norm:       1e+09
[13:37:15] < General >   Results saved in file SMTO_2019_ModeChoice.html
[13:37:15] < General >   Results saved in file SMTO_2019_ModeChoice.pickle
[13:37:15] < General >   Log file created: SMTO_2019_ModeChoice.log
