*** File created 2020-06-04 10:24:58.119429 ***
*** Log file from biogeme 3.2.5 [2020-06-04]
[10:24:55] < General >   Remove 7 unused variables from the database as only 5 are used.
[10:24:55] < General >   Log likelihood (N=9636):  -770396.4
[10:24:55] < General >   Minimize with tol 1e-07
[10:24:55] < General >   Log likelihood (N=9636):  -770396.4 Gradient norm:      2e+06  
[10:24:55] < General >   Log likelihood (N=9636):    -492338 Gradient norm:      1e+06  
[10:24:55] < General >   Log likelihood (N=9636):  -93598.86 Gradient norm:      1e+06  
[10:24:55] < General >   Log likelihood (N=9636):   -2245828 Gradient norm:      2e+06  
[10:24:55] < General >   Log likelihood (N=9636):  -169188.5 Gradient norm:      2e+06  
[10:24:55] < General >   Log likelihood (N=9636):  -34554.23 Gradient norm:      9e+05  
[10:24:55] < General >   Log likelihood (N=9636):   -6131890 Gradient norm:      2e+06  
[10:24:55] < General >   Log likelihood (N=9636):    -566794 Gradient norm:      2e+06  
[10:24:55] < General >   Log likelihood (N=9636):  -46792.11 Gradient norm:      1e+06  
[10:24:55] < General >   Log likelihood (N=9636):  -20127.74 Gradient norm:      7e+05  
[10:24:55] < General >   Log likelihood (N=9636):  -76986.39 Gradient norm:      2e+06  
[10:24:55] < General >   Log likelihood (N=9636):  -17104.45 Gradient norm:      6e+05  
[10:24:55] < General >   Log likelihood (N=9636):   -16527.4 Gradient norm:      6e+05  
[10:24:55] < General >   Log likelihood (N=9636):  -14356.84 Gradient norm:      5e+05  
[10:24:55] < General >   Log likelihood (N=9636):  -11545.93 Gradient norm:      1e+06  
[10:24:55] < General >   Log likelihood (N=9636):  -11552.95 Gradient norm:      3e+05  
[10:24:55] < General >   Log likelihood (N=9636):  -37382.65 Gradient norm:      1e+06  
[10:24:55] < General >   Log likelihood (N=9636):  -10082.72 Gradient norm:      7e+04  
[10:24:56] < General >   Log likelihood (N=9636):  -18161.54 Gradient norm:      1e+06  
[10:24:56] < General >   Log likelihood (N=9636):  -9615.731 Gradient norm:      5e+04  
[10:24:56] < General >   Log likelihood (N=9636):  -9674.054 Gradient norm:      4e+05  
[10:24:56] < General >   Log likelihood (N=9636):  -9484.789 Gradient norm:      1e+05  
[10:24:56] < General >   Log likelihood (N=9636):  -9465.186 Gradient norm:      3e+04  
[10:24:56] < General >   Log likelihood (N=9636):  -9461.637 Gradient norm:      9e+03  
[10:24:56] < General >   Log likelihood (N=9636):  -9460.632 Gradient norm:      2e+04  
[10:24:56] < General >   Log likelihood (N=9636):  -9458.079 Gradient norm:      3e+04  
[10:24:56] < General >   Log likelihood (N=9636):  -9452.743 Gradient norm:      5e+04  
[10:24:56] < General >   Log likelihood (N=9636):  -9439.602 Gradient norm:      8e+04  
[10:24:56] < General >   Log likelihood (N=9636):  -9416.021 Gradient norm:      1e+05  
[10:24:56] < General >   Log likelihood (N=9636):  -9385.262 Gradient norm:      1e+05  
[10:24:56] < General >   Log likelihood (N=9636):  -9338.414 Gradient norm:      2e+04  
[10:24:56] < General >   Log likelihood (N=9636):  -9333.028 Gradient norm:      6e+03  
[10:24:56] < General >   Log likelihood (N=9636):  -9330.259 Gradient norm:      4e+03  
[10:24:56] < General >   Log likelihood (N=9636):  -9333.136 Gradient norm:      8e+04  
[10:24:56] < General >   Log likelihood (N=9636):  -9330.152 Gradient norm:      1e+04  
[10:24:56] < General >   Log likelihood (N=9636):  -9329.901 Gradient norm:      1e+04  
[10:24:56] < General >   Log likelihood (N=9636):  -9328.962 Gradient norm:      2e+04  
[10:24:56] < General >   Log likelihood (N=9636):  -9314.758 Gradient norm:      3e+04  
[10:24:56] < General >   Log likelihood (N=9636):   -9283.81 Gradient norm:      4e+04  
[10:24:56] < General >   Log likelihood (N=9636):  -9208.483 Gradient norm:      5e+04  
[10:24:56] < General >   Log likelihood (N=9636):  -9066.984 Gradient norm:      4e+04  
[10:24:56] < General >   Log likelihood (N=9636):  -8871.635 Gradient norm:      5e+04  
[10:24:56] < General >   Log likelihood (N=9636):  -8644.668 Gradient norm:      7e+04  
[10:24:56] < General >   Log likelihood (N=9636):  -11231.88 Gradient norm:      5e+05  
[10:24:56] < General >   Log likelihood (N=9636):  -8603.065 Gradient norm:      8e+04  
[10:24:56] < General >   Log likelihood (N=9636):  -8565.253 Gradient norm:      2e+05  
[10:24:56] < General >   Log likelihood (N=9636):  -8523.466 Gradient norm:      4e+04  
[10:24:56] < General >   Log likelihood (N=9636):  -8520.062 Gradient norm:      7e+03  
[10:24:56] < General >   Log likelihood (N=9636):  -8519.776 Gradient norm:      2e+03  
[10:24:56] < General >   Log likelihood (N=9636):  -8520.498 Gradient norm:      3e+04  
[10:24:56] < General >   Log likelihood (N=9636):  -8519.764 Gradient norm:      2e+03  
[10:24:56] < General >   Log likelihood (N=9636):  -8519.758 Gradient norm:      4e+02  
[10:24:56] < General >   Log likelihood (N=9636):  -8519.757 Gradient norm:      3e+02  
[10:24:56] < General >   Log likelihood (N=9636):  -8519.755 Gradient norm:      6e+02  
[10:24:57] < General >   Log likelihood (N=9636):   -8519.75 Gradient norm:      1e+03  
[10:24:57] < General >   Log likelihood (N=9636):  -8519.736 Gradient norm:      2e+03  
[10:24:57] < General >   Log likelihood (N=9636):    -8519.7 Gradient norm:      4e+03  
[10:24:57] < General >   Log likelihood (N=9636):  -8519.605 Gradient norm:      7e+03  
[10:24:57] < General >   Log likelihood (N=9636):  -8519.358 Gradient norm:      1e+04  
[10:24:57] < General >   Log likelihood (N=9636):  -8518.722 Gradient norm:      2e+04  
[10:24:57] < General >   Log likelihood (N=9636):  -8517.112 Gradient norm:      3e+04  
[10:24:57] < General >   Log likelihood (N=9636):  -8513.198 Gradient norm:      4e+04  
[10:24:57] < General >   Log likelihood (N=9636):   -8504.78 Gradient norm:      5e+04  
[10:24:57] < General >   Log likelihood (N=9636):  -8991.391 Gradient norm:      7e+05  
[10:24:57] < General >   Log likelihood (N=9636):  -8504.036 Gradient norm:      8e+04  
[10:24:57] < General >   Log likelihood (N=9636):  -8490.494 Gradient norm:      7e+04  
[10:24:57] < General >   Log likelihood (N=9636):  -8474.294 Gradient norm:      4e+04  
[10:24:57] < General >   Log likelihood (N=9636):  -8462.689 Gradient norm:      1e+04  
[10:24:57] < General >   Log likelihood (N=9636):  -8459.684 Gradient norm:      2e+04  
[10:24:57] < General >   Log likelihood (N=9636):   -8457.63 Gradient norm:      2e+04  
[10:24:57] < General >   Log likelihood (N=9636):   -8438.15 Gradient norm:      2e+04  
[10:24:57] < General >   Log likelihood (N=9636):  -8393.227 Gradient norm:      2e+04  
[10:24:57] < General >   Log likelihood (N=9636):  -8362.571 Gradient norm:      9e+03  
[10:24:57] < General >   Log likelihood (N=9636):  -8360.428 Gradient norm:      2e+04  
[10:24:57] < General >   Log likelihood (N=9636):  -8355.071 Gradient norm:      2e+03  
[10:24:57] < General >   Log likelihood (N=9636):  -8452.505 Gradient norm:      4e+05  
[10:24:57] < General >   Log likelihood (N=9636):   -8354.96 Gradient norm:      1e+04  
[10:24:57] < General >   Log likelihood (N=9636):  -8353.692 Gradient norm:      1e+03  
[10:24:57] < General >   Log likelihood (N=9636):  -8353.674 Gradient norm:      3e+02  
[10:24:57] < General >   Log likelihood (N=9636):  -8353.673 Gradient norm:      3e+01  
[10:24:57] < General >   Log likelihood (N=9636):  -8353.673 Gradient norm:      4e+01  
[10:24:57] < General >   Log likelihood (N=9636):  -8353.673 Gradient norm:      4e+01  
[10:24:57] < General >   Log likelihood (N=9636):  -8353.673 Gradient norm:          7  
[10:24:57] < General >   Log likelihood (N=9636):  -8353.673 Gradient norm:        0.7  
[10:24:57] < General >   Log likelihood (N=9636):  -8353.673 Gradient norm:       0.04  
[10:24:57] < General >   Log likelihood (N=9636):  -8353.673 Gradient norm:      0.003  
[10:24:58] < General >   Log likelihood (N=9636):  -8353.673 Gradient norm:     0.0006  
[10:24:58] < General >   Log likelihood (N=9636):  -8353.673 Gradient norm:     0.0006 Hessian norm:       9e+08 BHHH norm:       9e+08
[10:24:58] < General >   Results saved in file SMTO_2019_ModeChoice_Run2~17.html
[10:24:58] < General >   Results saved in file SMTO_2019_ModeChoice_Run2~17.pickle
[10:24:58] < General >   Log file created: SMTO_2019_ModeChoice_Run2~17.log
