*** File created 2020-06-08 17:16:40.239527 ***
*** Log file from biogeme 3.2.5 [2020-06-08]
[17:16:37] < General >   Remove 9 unused variables from the database as only 7 are used.
[17:16:37] < General >   Log likelihood (N=9667):  -17338.93
[17:16:37] < General >   Minimize with tol 1e-07
[17:16:37] < General >   Log likelihood (N=9667):  -17338.93 Gradient norm:      2e+06  
[17:16:37] < General >   Log likelihood (N=9667):   -2624920 Gradient norm:      3e+06  
[17:16:37] < General >   Log likelihood (N=9667):    -275102 Gradient norm:      3e+06  
[17:16:37] < General >   Log likelihood (N=9667):  -25667.09 Gradient norm:      2e+06  
[17:16:37] < General >   Log likelihood (N=9667):  -10996.51 Gradient norm:      9e+05  
[17:16:37] < General >   Log likelihood (N=9667):  -17071.36 Gradient norm:      2e+06  
[17:16:37] < General >   Log likelihood (N=9667):  -10615.39 Gradient norm:      3e+04  
[17:16:37] < General >   Log likelihood (N=9667):  -10614.91 Gradient norm:      2e+04  
[17:16:37] < General >   Log likelihood (N=9667):  -10614.18 Gradient norm:      3e+04  
[17:16:37] < General >   Log likelihood (N=9667):  -10610.26 Gradient norm:      8e+04  
[17:16:37] < General >   Log likelihood (N=9667):  -10601.99 Gradient norm:      2e+05  
[17:16:37] < General >   Log likelihood (N=9667):   -10578.5 Gradient norm:      3e+05  
[17:16:37] < General >   Log likelihood (N=9667):  -10520.15 Gradient norm:      5e+05  
[17:16:37] < General >   Log likelihood (N=9667):  -10376.53 Gradient norm:      7e+05  
[17:16:37] < General >   Log likelihood (N=9667):  -10089.56 Gradient norm:      8e+05  
[17:16:38] < General >   Log likelihood (N=9667):  -9763.423 Gradient norm:      7e+05  
[17:16:38] < General >   Log likelihood (N=9667):  -9590.536 Gradient norm:      5e+05  
[17:16:38] < General >   Log likelihood (N=9667):  -9485.381 Gradient norm:      3e+05  
[17:16:38] < General >   Log likelihood (N=9667):  -9407.037 Gradient norm:      1e+05  
[17:16:38] < General >   Log likelihood (N=9667):  -9390.084 Gradient norm:      4e+03  
[17:16:38] < General >   Log likelihood (N=9667):  -9389.968 Gradient norm:      3e+03  
[17:16:38] < General >   Log likelihood (N=9667):  -9389.944 Gradient norm:      2e+03  
[17:16:38] < General >   Log likelihood (N=9667):  -9389.854 Gradient norm:      2e+03  
[17:16:38] < General >   Log likelihood (N=9667):  -9389.678 Gradient norm:      5e+03  
[17:16:38] < General >   Log likelihood (N=9667):  -9389.119 Gradient norm:      9e+03  
[17:16:38] < General >   Log likelihood (N=9667):  -9387.626 Gradient norm:      2e+04  
[17:16:38] < General >   Log likelihood (N=9667):  -9383.618 Gradient norm:      3e+04  
[17:16:38] < General >   Log likelihood (N=9667):  -9373.316 Gradient norm:      5e+04  
[17:16:38] < General >   Log likelihood (N=9667):  -9347.447 Gradient norm:      8e+04  
[17:16:38] < General >   Log likelihood (N=9667):  -9287.474 Gradient norm:      1e+05  
[17:16:38] < General >   Log likelihood (N=9667):  -9173.283 Gradient norm:      1e+05  
[17:16:38] < General >   Log likelihood (N=9667):  -9030.707 Gradient norm:      1e+05  
[17:16:38] < General >   Log likelihood (N=9667):  -22840.21 Gradient norm:      2e+06  
[17:16:38] < General >   Log likelihood (N=9667):  -9029.038 Gradient norm:      9e+04  
[17:16:38] < General >   Log likelihood (N=9667):  -8965.486 Gradient norm:      4e+04  
[17:16:38] < General >   Log likelihood (N=9667):  -8959.569 Gradient norm:      1e+04  
[17:16:38] < General >   Log likelihood (N=9667):  -8959.317 Gradient norm:      2e+03  
[17:16:38] < General >   Log likelihood (N=9667):  -8959.302 Gradient norm:      1e+03  
[17:16:38] < General >   Log likelihood (N=9667):   -8959.29 Gradient norm:      2e+03  
[17:16:38] < General >   Log likelihood (N=9667):  -8959.248 Gradient norm:      4e+03  
[17:16:38] < General >   Log likelihood (N=9667):  -8959.148 Gradient norm:      7e+03  
[17:16:38] < General >   Log likelihood (N=9667):  -8958.875 Gradient norm:      1e+04  
[17:16:38] < General >   Log likelihood (N=9667):  -8958.173 Gradient norm:      2e+04  
[17:16:38] < General >   Log likelihood (N=9667):  -8956.341 Gradient norm:      3e+04  
[17:16:38] < General >   Log likelihood (N=9667):  -8951.632 Gradient norm:      5e+04  
[17:16:38] < General >   Log likelihood (N=9667):  -8939.834 Gradient norm:      8e+04  
[17:16:38] < General >   Log likelihood (N=9667):  -8912.383 Gradient norm:      1e+05  
[17:16:38] < General >   Log likelihood (N=9667):    -9067.7 Gradient norm:      6e+05  
[17:16:38] < General >   Log likelihood (N=9667):  -8895.872 Gradient norm:      2e+05  
[17:16:38] < General >   Log likelihood (N=9667):  -8831.648 Gradient norm:      2e+05  
[17:16:38] < General >   Log likelihood (N=9667):  -8690.607 Gradient norm:      1e+05  
[17:16:39] < General >   Log likelihood (N=9667):  -8618.613 Gradient norm:      8e+04  
[17:16:39] < General >   Log likelihood (N=9667):  -8575.723 Gradient norm:      3e+04  
[17:16:39] < General >   Log likelihood (N=9667):  -8556.317 Gradient norm:      8e+03  
[17:16:39] < General >   Log likelihood (N=9667):  -8553.289 Gradient norm:      7e+02  
[17:16:39] < General >   Log likelihood (N=9667):  -8552.251 Gradient norm:      3e+03  
[17:16:39] < General >   Log likelihood (N=9667):  -8552.131 Gradient norm:      2e+03  
[17:16:39] < General >   Log likelihood (N=9667):  -8552.089 Gradient norm:      2e+03  
[17:16:39] < General >   Log likelihood (N=9667):   -8552.07 Gradient norm:      9e+02  
[17:16:39] < General >   Log likelihood (N=9667):  -8551.936 Gradient norm:      5e+03  
[17:16:39] < General >   Log likelihood (N=9667):  -8551.601 Gradient norm:      1e+04  
[17:16:39] < General >   Log likelihood (N=9667):  -8550.719 Gradient norm:      3e+04  
[17:16:39] < General >   Log likelihood (N=9667):  -8548.443 Gradient norm:      5e+04  
[17:16:39] < General >   Log likelihood (N=9667):   -8542.68 Gradient norm:      9e+04  
[17:16:39] < General >   Log likelihood (N=9667):  -8529.032 Gradient norm:      1e+05  
[17:16:39] < General >   Log likelihood (N=9667):  -8501.834 Gradient norm:      2e+05  
[17:16:39] < General >   Log likelihood (N=9667):  -8466.336 Gradient norm:      2e+05  
[17:16:39] < General >   Log likelihood (N=9667):  -8452.338 Gradient norm:      1e+05  
[17:16:39] < General >   Log likelihood (N=9667):  -37065.01 Gradient norm:      2e+06  
[17:16:39] < General >   Log likelihood (N=9667):  -8449.193 Gradient norm:      9e+04  
[17:16:39] < General >   Log likelihood (N=9667):  -8442.526 Gradient norm:      6e+04  
[17:16:39] < General >   Log likelihood (N=9667):  -8438.547 Gradient norm:      1e+04  
[17:16:39] < General >   Log likelihood (N=9667):  -8438.203 Gradient norm:      2e+03  
[17:16:39] < General >   Log likelihood (N=9667):  -8438.173 Gradient norm:      2e+02  
[17:16:39] < General >   Log likelihood (N=9667):  -8438.164 Gradient norm:      3e+02  
[17:16:39] < General >   Log likelihood (N=9667):  -8438.133 Gradient norm:      2e+03  
[17:16:39] < General >   Log likelihood (N=9667):  -8438.088 Gradient norm:      3e+03  
[17:16:39] < General >   Log likelihood (N=9667):  -8437.952 Gradient norm:      7e+03  
[17:16:39] < General >   Log likelihood (N=9667):  -8437.872 Gradient norm:      4e+03  
[17:16:39] < General >   Log likelihood (N=9667):  -8437.849 Gradient norm:      5e+02  
[17:16:39] < General >   Log likelihood (N=9667):  -8437.848 Gradient norm:      4e+01  
[17:16:39] < General >   Log likelihood (N=9667):  -8437.848 Gradient norm:      1e+02  
[17:16:39] < General >   Log likelihood (N=9667):  -8437.848 Gradient norm:      1e+01  
[17:16:39] < General >   Log likelihood (N=9667):  -8437.848 Gradient norm:        0.9  
[17:16:39] < General >   Log likelihood (N=9667):  -8437.848 Gradient norm:        0.2  
[17:16:39] < General >   Log likelihood (N=9667):  -8437.848 Gradient norm:        0.4  
[17:16:39] < General >   Log likelihood (N=9667):  -8437.848 Gradient norm:          3  
[17:16:39] < General >   Log likelihood (N=9667):  -8437.848 Gradient norm:       0.04  
[17:16:39] < General >   Log likelihood (N=9667):  -8437.848 Gradient norm:      0.002  
[17:16:40] < General >   Log likelihood (N=9667):  -8437.848 Gradient norm:      0.003  
[17:16:40] < General >   Log likelihood (N=9667):  -8437.848 Gradient norm:      0.002  
[17:16:40] < General >   Log likelihood (N=9667):  -8437.848 Gradient norm:      0.009  
[17:16:40] < General >   Log likelihood (N=9667):  -8437.848 Gradient norm:     0.0004  
[17:16:40] < General >   Log likelihood (N=9667):  -8437.848 Gradient norm:      0.009  
[17:16:40] < General >   Log likelihood (N=9667):  -8437.848 Gradient norm:      0.009  
[17:16:40] < General >   Log likelihood (N=9667):  -8437.848 Gradient norm:      1e-05  
[17:16:40] < General >   Log likelihood (N=9667):  -8437.848 Gradient norm:      1e-05 Hessian norm:       9e+08 BHHH norm:       1e+09
[17:16:40] < General >   Results saved in file SMTO_2019_ModeChoice_withCost~01.html
[17:16:40] < General >   Results saved in file SMTO_2019_ModeChoice_withCost~01.pickle
[17:16:40] < General >   Log file created: SMTO_2019_ModeChoice_withCost~01.log
