*** File created 2020-06-08 17:01:34.623669 ***
*** Log file from biogeme 3.2.5 [2020-06-08]
[17:01:28] < General >   Remove 9 unused variables from the database as only 7 are used.
[17:01:28] < General >   Log likelihood (N=9667):   -4766388
[17:01:28] < General >   Minimize with tol 1e-07
[17:01:28] < General >   Log likelihood (N=9667):   -4766388 Gradient norm:      1e+09  
[17:01:28] < General >   Log likelihood (N=9667): -4.176345e+09 Gradient norm:      4e+09  
[17:01:28] < General >   Log likelihood (N=9667): -1.818244e+08 Gradient norm:      4e+09  
[17:01:28] < General >   Log likelihood (N=9667):   -2143932 Gradient norm:      1e+09  
[17:01:28] < General >   Log likelihood (N=9667): -1.167996e+08 Gradient norm:      4e+09  
[17:01:28] < General >   Log likelihood (N=9667):  -593487.4 Gradient norm:      1e+09  
[17:01:28] < General >   Log likelihood (N=9667): -7.620759e+07 Gradient norm:      4e+09  
[17:01:28] < General >   Log likelihood (N=9667):   -1389371 Gradient norm:      4e+09  
[17:01:28] < General >   Log likelihood (N=9667):  -291276.6 Gradient norm:      1e+09  
[17:01:28] < General >   Log likelihood (N=9667):  -490401.8 Gradient norm:      4e+09  
[17:01:28] < General >   Log likelihood (N=9667):  -291276.6 Gradient norm:      1e+09  
[17:01:28] < General >   Log likelihood (N=9667): -2.600242e+10 Gradient norm:      4e+09  
[17:01:28] < General >   Log likelihood (N=9667): -1.244841e+09 Gradient norm:      4e+09  
[17:01:28] < General >   Log likelihood (N=9667): -5.854609e+07 Gradient norm:      4e+09  
[17:01:29] < General >   Log likelihood (N=9667):   -1706042 Gradient norm:      4e+09  
[17:01:29] < General >   Log likelihood (N=9667):  -201796.4 Gradient norm:      1e+09  
[17:01:29] < General >   Log likelihood (N=9667):  -833448.9 Gradient norm:      4e+09  
[17:01:29] < General >   Log likelihood (N=9667):    -128066 Gradient norm:      1e+09  
[17:01:29] < General >   Log likelihood (N=9667):  -368531.8 Gradient norm:      4e+09  
[17:01:29] < General >   Log likelihood (N=9667):  -72901.92 Gradient norm:      9e+08  
[17:01:29] < General >   Log likelihood (N=9667):  -145232.3 Gradient norm:      4e+09  
[17:01:29] < General >   Log likelihood (N=9667):  -36780.95 Gradient norm:      9e+08  
[17:01:29] < General >   Log likelihood (N=9667):  -53392.63 Gradient norm:      4e+09  
[17:01:29] < General >   Log likelihood (N=9667):  -18936.82 Gradient norm:      9e+08  
[17:01:29] < General >   Log likelihood (N=9667):  -18936.82 Gradient norm:      9e+08  
[17:01:29] < General >   Log likelihood (N=9667): -2.023104e+07 Gradient norm:      4e+09  
[17:01:29] < General >   Log likelihood (N=9667):  -879460.5 Gradient norm:      4e+09  
[17:01:29] < General >   Log likelihood (N=9667):  -10495.58 Gradient norm:      2e+08  
[17:01:29] < General >   Log likelihood (N=9667):  -17052.79 Gradient norm:      3e+09  
[17:01:29] < General >   Log likelihood (N=9667):  -10478.16 Gradient norm:      1e+08  
[17:01:29] < General >   Log likelihood (N=9667):  -10468.47 Gradient norm:      5e+07  
[17:01:29] < General >   Log likelihood (N=9667):  -10467.35 Gradient norm:      8e+06  
[17:01:29] < General >   Log likelihood (N=9667):  -10467.32 Gradient norm:      4e+05  
[17:01:29] < General >   Log likelihood (N=9667):  -10467.32 Gradient norm:      8e+04  
[17:01:29] < General >   Log likelihood (N=9667):  -10467.32 Gradient norm:      1e+06  
[17:01:29] < General >   Log likelihood (N=9667):  -10467.31 Gradient norm:      3e+06  
[17:01:29] < General >   Log likelihood (N=9667):  -10467.29 Gradient norm:      7e+06  
[17:01:29] < General >   Log likelihood (N=9667):  -10467.23 Gradient norm:      1e+07  
[17:01:29] < General >   Log likelihood (N=9667):  -10467.08 Gradient norm:      2e+07  
[17:01:29] < General >   Log likelihood (N=9667):  -10466.69 Gradient norm:      3e+07  
[17:01:29] < General >   Log likelihood (N=9667):  -10465.67 Gradient norm:      6e+07  
[17:01:29] < General >   Log likelihood (N=9667):  -10462.94 Gradient norm:      1e+08  
[17:01:29] < General >   Log likelihood (N=9667):  -10455.68 Gradient norm:      2e+08  
[17:01:29] < General >   Log likelihood (N=9667):   -10436.2 Gradient norm:      3e+08  
[17:01:29] < General >   Log likelihood (N=9667):  -10383.54 Gradient norm:      5e+08  
[17:01:29] < General >   Log likelihood (N=9667):  -10242.53 Gradient norm:      7e+08  
[17:01:29] < General >   Log likelihood (N=9667):  -9920.518 Gradient norm:      7e+08  
[17:01:29] < General >   Log likelihood (N=9667):  -9624.259 Gradient norm:      3e+08  
[17:01:29] < General >   Log likelihood (N=9667):  -9584.889 Gradient norm:      9e+07  
[17:01:30] < General >   Log likelihood (N=9667):  -9582.288 Gradient norm:      4e+07  
[17:01:30] < General >   Log likelihood (N=9667):  -9581.835 Gradient norm:      2e+07  
[17:01:30] < General >   Log likelihood (N=9667):   -9581.51 Gradient norm:      1e+05  
[17:01:30] < General >   Log likelihood (N=9667):  -9581.459 Gradient norm:      2e+06  
[17:01:30] < General >   Log likelihood (N=9667):  -9581.456 Gradient norm:      6e+04  
[17:01:30] < General >   Log likelihood (N=9667):  -9581.456 Gradient norm:      4e+03  
[17:01:30] < General >   Log likelihood (N=9667):  -9581.456 Gradient norm:      4e+03  
[17:01:30] < General >   Log likelihood (N=9667):  -9581.456 Gradient norm:      5e+03  
[17:01:30] < General >   Log likelihood (N=9667):  -9581.456 Gradient norm:      1e+04  
[17:01:30] < General >   Log likelihood (N=9667):  -9581.456 Gradient norm:      2e+04  
[17:01:30] < General >   Log likelihood (N=9667):  -9581.456 Gradient norm:      4e+04  
[17:01:30] < General >   Log likelihood (N=9667):  -9581.456 Gradient norm:      7e+04  
[17:01:30] < General >   Log likelihood (N=9667):  -9581.456 Gradient norm:      1e+05  
[17:01:30] < General >   Log likelihood (N=9667):  -9581.456 Gradient norm:      2e+05  
[17:01:30] < General >   Log likelihood (N=9667):  -9581.456 Gradient norm:      3e+05  
[17:01:30] < General >   Log likelihood (N=9667):  -9581.456 Gradient norm:      5e+05  
[17:01:30] < General >   Log likelihood (N=9667):  -9581.455 Gradient norm:      8e+05  
[17:01:30] < General >   Log likelihood (N=9667):  -9581.455 Gradient norm:      1e+06  
[17:01:30] < General >   Log likelihood (N=9667):  -9581.453 Gradient norm:      2e+06  
[17:01:30] < General >   Log likelihood (N=9667):  -9581.449 Gradient norm:      3e+06  
[17:01:30] < General >   Log likelihood (N=9667):  -9581.437 Gradient norm:      5e+06  
[17:01:30] < General >   Log likelihood (N=9667):  -9581.406 Gradient norm:      8e+06  
[17:01:30] < General >   Log likelihood (N=9667):  -9581.326 Gradient norm:      1e+07  
[17:01:30] < General >   Log likelihood (N=9667):  -9581.117 Gradient norm:      2e+07  
[17:01:30] < General >   Log likelihood (N=9667):  -9580.575 Gradient norm:      3e+07  
[17:01:30] < General >   Log likelihood (N=9667):  -9579.166 Gradient norm:      5e+07  
[17:01:30] < General >   Log likelihood (N=9667):  -9575.511 Gradient norm:      8e+07  
[17:01:30] < General >   Log likelihood (N=9667):  -9566.108 Gradient norm:      1e+08  
[17:01:30] < General >   Log likelihood (N=9667):   -9542.36 Gradient norm:      2e+08  
[17:01:30] < General >   Log likelihood (N=9667):  -9484.563 Gradient norm:      3e+08  
[17:01:30] < General >   Log likelihood (N=9667):  -9352.422 Gradient norm:      4e+08  
[17:01:30] < General >   Log likelihood (N=9667):  -9085.505 Gradient norm:      4e+08  
[17:01:30] < General >   Log likelihood (N=9667):  -8873.954 Gradient norm:      3e+08  
[17:01:30] < General >   Log likelihood (N=9667):  -11593.82 Gradient norm:      8e+08  
[17:01:30] < General >   Log likelihood (N=9667):  -8858.253 Gradient norm:      3e+07  
[17:01:30] < General >   Log likelihood (N=9667):  -8818.796 Gradient norm:      1e+08  
[17:01:31] < General >   Log likelihood (N=9667):  -8806.409 Gradient norm:      4e+07  
[17:01:31] < General >   Log likelihood (N=9667):  -8805.814 Gradient norm:      3e+06  
[17:01:31] < General >   Log likelihood (N=9667):  -8805.809 Gradient norm:      4e+04  
[17:01:31] < General >   Log likelihood (N=9667):  -8805.809 Gradient norm:      1e+03  
[17:01:31] < General >   Log likelihood (N=9667):  -8805.809 Gradient norm:      7e+02  
[17:01:31] < General >   Log likelihood (N=9667):  -8805.809 Gradient norm:      2e+03  
[17:01:31] < General >   Log likelihood (N=9667):  -8805.809 Gradient norm:      4e+03  
[17:01:31] < General >   Log likelihood (N=9667):  -8805.809 Gradient norm:      7e+03  
[17:01:31] < General >   Log likelihood (N=9667):  -8805.809 Gradient norm:      1e+04  
[17:01:31] < General >   Log likelihood (N=9667):  -8805.809 Gradient norm:      2e+04  
[17:01:31] < General >   Log likelihood (N=9667):  -8805.809 Gradient norm:      4e+04  
[17:01:31] < General >   Log likelihood (N=9667):  -8805.809 Gradient norm:      6e+04  
[17:01:31] < General >   Log likelihood (N=9667):  -8805.809 Gradient norm:      1e+05  
[17:01:31] < General >   Log likelihood (N=9667):  -8805.809 Gradient norm:      2e+05  
[17:01:31] < General >   Log likelihood (N=9667):  -8805.809 Gradient norm:      3e+05  
[17:01:31] < General >   Log likelihood (N=9667):  -8805.809 Gradient norm:      4e+05  
[17:01:31] < General >   Log likelihood (N=9667):  -8805.809 Gradient norm:      7e+05  
[17:01:31] < General >   Log likelihood (N=9667):  -8805.808 Gradient norm:      7e+05  
[17:01:31] < General >   Log likelihood (N=9667):  -8823.223 Gradient norm:      2e+08  
[17:01:31] < General >   Log likelihood (N=9667):  -8805.808 Gradient norm:      1e+06  
[17:01:31] < General >   Log likelihood (N=9667):  -8805.807 Gradient norm:      1e+06  
[17:01:31] < General >   Log likelihood (N=9667):  -8805.806 Gradient norm:      4e+05  
[17:01:31] < General >   Log likelihood (N=9667):  -8805.806 Gradient norm:      8e+04  
[17:01:31] < General >   Log likelihood (N=9667):  -8805.806 Gradient norm:      4e+03  
[17:01:31] < General >   Log likelihood (N=9667):  -8805.806 Gradient norm:      8e+02  
[17:01:31] < General >   Log likelihood (N=9667):  -8805.806 Gradient norm:      2e+04  
[17:01:31] < General >   Log likelihood (N=9667):  -8805.806 Gradient norm:      9e+04  
[17:01:31] < General >   Log likelihood (N=9667):  -8805.805 Gradient norm:      2e+05  
[17:01:31] < General >   Log likelihood (N=9667):  -8805.805 Gradient norm:      4e+05  
[17:01:31] < General >   Log likelihood (N=9667):  -8805.805 Gradient norm:      6e+05  
[17:01:31] < General >   Log likelihood (N=9667):  -8805.803 Gradient norm:      1e+06  
[17:01:31] < General >   Log likelihood (N=9667):    -8805.8 Gradient norm:      2e+06  
[17:01:32] < General >   Log likelihood (N=9667):  -8805.811 Gradient norm:      1e+07  
[17:01:32] < General >   Log likelihood (N=9667):  -8805.798 Gradient norm:      4e+06  
[17:01:32] < General >   Log likelihood (N=9667):  -8805.788 Gradient norm:      4e+06  
[17:01:32] < General >   Log likelihood (N=9667):  -135579.7 Gradient norm:      1e+09  
[17:01:32] < General >   Log likelihood (N=9667):   -8805.79 Gradient norm:      5e+06  
[17:01:32] < General >   Log likelihood (N=9667):  -8805.785 Gradient norm:      5e+06  
[17:01:32] < General >   Log likelihood (N=9667):  -8805.738 Gradient norm:      5e+06  
[17:01:32] < General >   Log likelihood (N=9667):  -8802.403 Gradient norm:      2e+07  
[17:01:32] < General >   Log likelihood (N=9667):  -8792.028 Gradient norm:      1e+08  
[17:01:32] < General >   Log likelihood (N=9667):  -8748.518 Gradient norm:      2e+08  
[17:01:32] < General >   Log likelihood (N=9667):  -8626.883 Gradient norm:      4e+08  
[17:01:32] < General >   Log likelihood (N=9667):  -8534.472 Gradient norm:      3e+08  
[17:01:32] < General >   Log likelihood (N=9667):  -8504.031 Gradient norm:      8e+07  
[17:01:32] < General >   Log likelihood (N=9667):  -8501.117 Gradient norm:      1e+07  
[17:01:32] < General >   Log likelihood (N=9667):  -8500.979 Gradient norm:      5e+05  
[17:01:32] < General >   Log likelihood (N=9667):  -8500.978 Gradient norm:      1e+05  
[17:01:32] < General >   Log likelihood (N=9667):  -8500.978 Gradient norm:      3e+04  
[17:01:32] < General >   Log likelihood (N=9667):  -8500.978 Gradient norm:      3e+03  
[17:01:32] < General >   Log likelihood (N=9667):  -8500.978 Gradient norm:      4e+03  
[17:01:32] < General >   Log likelihood (N=9667):  -8500.978 Gradient norm:      7e+02  
[17:01:32] < General >   Log likelihood (N=9667):  -8500.978 Gradient norm:      3e+02  
[17:01:32] < General >   Log likelihood (N=9667):  -8500.978 Gradient norm:      4e+02  
[17:01:32] < General >   Log likelihood (N=9667):  -8500.978 Gradient norm:      4e+02  
[17:01:32] < General >   Log likelihood (N=9667):  -8500.978 Gradient norm:      5e+04  
[17:01:32] < General >   Log likelihood (N=9667):  -8500.978 Gradient norm:      4e+03  
[17:01:32] < General >   Log likelihood (N=9667):  -8500.978 Gradient norm:      4e+03  
[17:01:32] < General >   Log likelihood (N=9667):  -8500.978 Gradient norm:      1e+05  
[17:01:32] < General >   Log likelihood (N=9667):  -8500.978 Gradient norm:      4e+03  
[17:01:32] < General >   Log likelihood (N=9667):  -8500.978 Gradient norm:      3e+03  
[17:01:32] < General >   Log likelihood (N=9667):  -8500.978 Gradient norm:      7e+02  
[17:01:32] < General >   Log likelihood (N=9667):  -8500.978 Gradient norm:      2e+03  
[17:01:32] < General >   Log likelihood (N=9667):  -8500.978 Gradient norm:      8e+03  
[17:01:32] < General >   Log likelihood (N=9667):  -8500.978 Gradient norm:      2e+04  
[17:01:32] < General >   Log likelihood (N=9667):  -8500.978 Gradient norm:      5e+04  
[17:01:32] < General >   Log likelihood (N=9667):  -8500.978 Gradient norm:      6e+04  
[17:01:33] < General >   Log likelihood (N=9667):  -8500.978 Gradient norm:      1e+05  
[17:01:33] < General >   Log likelihood (N=9667):  -8500.975 Gradient norm:      2e+05  
[17:01:33] < General >   Log likelihood (N=9667):  -8504.276 Gradient norm:      8e+07  
[17:01:33] < General >   Log likelihood (N=9667):  -8500.975 Gradient norm:      1e+06  
[17:01:33] < General >   Log likelihood (N=9667):   -8500.97 Gradient norm:      1e+06  
[17:01:33] < General >   Log likelihood (N=9667):  -8501.132 Gradient norm:      1e+07  
[17:01:33] < General >   Log likelihood (N=9667):  -8500.969 Gradient norm:      2e+06  
[17:01:33] < General >   Log likelihood (N=9667):  -8500.949 Gradient norm:      2e+06  
[17:01:33] < General >   Log likelihood (N=9667):  -8500.901 Gradient norm:      2e+06  
[17:01:33] < General >   Log likelihood (N=9667):  -8500.771 Gradient norm:      1e+06  
[17:01:33] < General >   Log likelihood (N=9667):  -8500.437 Gradient norm:      5e+05  
[17:01:33] < General >   Log likelihood (N=9667):  -8499.585 Gradient norm:      2e+06  
[17:01:33] < General >   Log likelihood (N=9667):  -8498.074 Gradient norm:      5e+06  
[17:01:33] < General >   Log likelihood (N=9667):  -8494.261 Gradient norm:      1e+07  
[17:01:33] < General >   Log likelihood (N=9667):  -8488.118 Gradient norm:      1e+07  
[17:01:33] < General >   Log likelihood (N=9667):  -8466.377 Gradient norm:      2e+07  
[17:01:33] < General >   Log likelihood (N=9667):   -12793.4 Gradient norm:      5e+08  
[17:01:33] < General >   Log likelihood (N=9667):  -8464.789 Gradient norm:      9e+07  
[17:01:33] < General >   Log likelihood (N=9667):  -8410.798 Gradient norm:      8e+06  
[17:01:33] < General >   Log likelihood (N=9667):  -8412.453 Gradient norm:      4e+07  
[17:01:33] < General >   Log likelihood (N=9667):   -8410.63 Gradient norm:      1e+07  
[17:01:33] < General >   Log likelihood (N=9667):  -8410.507 Gradient norm:      1e+06  
[17:01:33] < General >   Log likelihood (N=9667):  -8410.506 Gradient norm:      5e+03  
[17:01:33] < General >   Log likelihood (N=9667):  -8410.506 Gradient norm:      2e+02  
[17:01:33] < General >   Log likelihood (N=9667):  -8410.506 Gradient norm:          2  
[17:01:33] < General >   Log likelihood (N=9667):  -8410.506 Gradient norm:       0.04  
[17:01:33] < General >   Log likelihood (N=9667):  -8410.506 Gradient norm:      0.001  
[17:01:33] < General >   Log likelihood (N=9667):  -8410.506 Gradient norm:     0.0003  
[17:01:33] < General >   Log likelihood (N=9667):  -8410.506 Gradient norm:      0.001  
[17:01:33] < General >   Log likelihood (N=9667):  -8410.506 Gradient norm:      0.001  
[17:01:33] < General >   Log likelihood (N=9667):  -8410.506 Gradient norm:     0.0008  
[17:01:34] < General >   Log likelihood (N=9667):  -8410.506 Gradient norm:      0.001  
[17:01:34] < General >   Log likelihood (N=9667):  -8410.506 Gradient norm:      0.001  
[17:01:34] < General >   Log likelihood (N=9667):  -8410.506 Gradient norm:      0.001  
[17:01:34] < General >   Log likelihood (N=9667):  -8410.506 Gradient norm:      0.001  
[17:01:34] < General >   Log likelihood (N=9667):  -8410.506 Gradient norm:      0.001  
[17:01:34] < General >   Log likelihood (N=9667):  -8410.506 Gradient norm:      0.001  
[17:01:34] < General >   Log likelihood (N=9667):  -8410.506 Gradient norm:      0.001  
[17:01:34] < General >   Log likelihood (N=9667):  -8410.506 Gradient norm:      0.001  
[17:01:34] < General >   Log likelihood (N=9667):  -8410.506 Gradient norm:      0.001  
[17:01:34] < General >   Log likelihood (N=9667):  -8410.506 Gradient norm:      0.001  
[17:01:34] < General >   Log likelihood (N=9667):  -8410.506 Gradient norm:      0.001  
[17:01:34] < General >   Log likelihood (N=9667):  -8410.506 Gradient norm:      0.001  
[17:01:34] < General >   Log likelihood (N=9667):  -8410.506 Gradient norm:      0.001  
[17:01:34] < General >   Log likelihood (N=9667):  -8410.506 Gradient norm:      0.001  
[17:01:34] < General >   Log likelihood (N=9667):  -8410.506 Gradient norm:      0.001  
[17:01:34] < General >   Log likelihood (N=9667):  -8410.506 Gradient norm:      0.001  
[17:01:34] < General >   Log likelihood (N=9667):  -8424.301 Gradient norm:      2e+08  
[17:01:34] < General >   Log likelihood (N=9667):  -8410.506 Gradient norm:      5e-05  
[17:01:34] < General >   Log likelihood (N=9667):  -8410.506 Gradient norm:      0.001  
[17:01:34] < General >   Log likelihood (N=9667):  -8410.506 Gradient norm:      0.001  
[17:01:34] < General >   Log likelihood (N=9667):  -8410.506 Gradient norm:     0.0007  
[17:01:34] < General >   Log likelihood (N=9667):  -8410.506 Gradient norm:     0.0007 Hessian norm:       1e+15 BHHH norm:       2e+15
[17:01:34] < General >   Results saved in file SMTO_2019_ModeChoice_withCost~00.html
[17:01:34] < General >   Results saved in file SMTO_2019_ModeChoice_withCost~00.pickle
[17:01:34] < General >   Log file created: SMTO_2019_ModeChoice_withCost~00.log
