*** File created 2020-06-08 16:33:19.687956 ***
*** Log file from biogeme 3.2.5 [2020-06-08]
[16:33:13] < General >   Remove 9 unused variables from the database as only 7 are used.
[16:33:14] < General >   Log likelihood (N=9667):   -81431.3
[16:33:14] < General >   Minimize with tol 1e-07
[16:33:14] < General >   Log likelihood (N=9667):   -81431.3 Gradient norm:      2e+06  
[16:33:14] < General >   Log likelihood (N=9667):  -971587.5 Gradient norm:      1e+06  
[16:33:14] < General >   Log likelihood (N=9667):  -143189.1 Gradient norm:      1e+06  
[16:33:14] < General >   Log likelihood (N=9667):  -15569.71 Gradient norm:      8e+05  
[16:33:14] < General >   Log likelihood (N=9667):  -25313.08 Gradient norm:      1e+06  
[16:33:14] < General >   Log likelihood (N=9667):  -11915.36 Gradient norm:      7e+05  
[16:33:14] < General >   Log likelihood (N=9667):  -46828.94 Gradient norm:      1e+06  
[16:33:14] < General >   Log likelihood (N=9667):  -11119.06 Gradient norm:      8e+05  
[16:33:14] < General >   Log likelihood (N=9667):  -10965.27 Gradient norm:      5e+05  
[16:33:14] < General >   Log likelihood (N=9667):   -12553.1 Gradient norm:      1e+06  
[16:33:14] < General >   Log likelihood (N=9667):  -10765.79 Gradient norm:      1e+05  
[16:33:14] < General >   Log likelihood (N=9667):  -10733.09 Gradient norm:      1e+05  
[16:33:14] < General >   Log likelihood (N=9667):  -10699.97 Gradient norm:      1e+05  
[16:33:14] < General >   Log likelihood (N=9667):  -10577.96 Gradient norm:      2e+05  
[16:33:14] < General >   Log likelihood (N=9667):  -10154.32 Gradient norm:      9e+05  
[16:33:14] < General >   Log likelihood (N=9667):  -10001.98 Gradient norm:      5e+05  
[16:33:14] < General >   Log likelihood (N=9667):  -11286.04 Gradient norm:      1e+06  
[16:33:14] < General >   Log likelihood (N=9667):  -9712.034 Gradient norm:      5e+05  
[16:33:14] < General >   Log likelihood (N=9667):  -9533.057 Gradient norm:      4e+05  
[16:33:14] < General >   Log likelihood (N=9667):  -9405.444 Gradient norm:      2e+04  
[16:33:14] < General >   Log likelihood (N=9667):  -9397.451 Gradient norm:      7e+03  
[16:33:14] < General >   Log likelihood (N=9667):  -9394.252 Gradient norm:      6e+03  
[16:33:14] < General >   Log likelihood (N=9667):  -9388.852 Gradient norm:      8e+03  
[16:33:14] < General >   Log likelihood (N=9667):  -9371.622 Gradient norm:      2e+04  
[16:33:14] < General >   Log likelihood (N=9667):  -9351.314 Gradient norm:      3e+04  
[16:33:14] < General >   Log likelihood (N=9667):  -9326.229 Gradient norm:      4e+04  
[16:33:14] < General >   Log likelihood (N=9667):  -9294.369 Gradient norm:      2e+04  
[16:33:14] < General >   Log likelihood (N=9667):  -9262.026 Gradient norm:      4e+04  
[16:33:14] < General >   Log likelihood (N=9667):  -9247.443 Gradient norm:      5e+04  
[16:33:14] < General >   Log likelihood (N=9667):  -9138.214 Gradient norm:      5e+04  
[16:33:14] < General >   Log likelihood (N=9667):   -21266.1 Gradient norm:      1e+06  
[16:33:14] < General >   Log likelihood (N=9667):   -9136.32 Gradient norm:      2e+05  
[16:33:14] < General >   Log likelihood (N=9667):  -9006.196 Gradient norm:      9e+04  
[16:33:15] < General >   Log likelihood (N=9667):  -8889.373 Gradient norm:      2e+04  
[16:33:15] < General >   Log likelihood (N=9667):  -8838.698 Gradient norm:      1e+04  
[16:33:15] < General >   Log likelihood (N=9667):  -8829.602 Gradient norm:      1e+04  
[16:33:15] < General >   Log likelihood (N=9667):  -8828.853 Gradient norm:      5e+03  
[16:33:15] < General >   Log likelihood (N=9667):  -8828.777 Gradient norm:      2e+03  
[16:33:15] < General >   Log likelihood (N=9667):  -8828.727 Gradient norm:      4e+03  
[16:33:15] < General >   Log likelihood (N=9667):  -8828.544 Gradient norm:      9e+03  
[16:33:15] < General >   Log likelihood (N=9667):  -8828.132 Gradient norm:      2e+04  
[16:33:15] < General >   Log likelihood (N=9667):  -8827.022 Gradient norm:      3e+04  
[16:33:15] < General >   Log likelihood (N=9667):  -8824.237 Gradient norm:      4e+04  
[16:33:15] < General >   Log likelihood (N=9667):  -8817.199 Gradient norm:      6e+04  
[16:33:15] < General >   Log likelihood (N=9667):  -8801.314 Gradient norm:      8e+04  
[16:33:15] < General >   Log likelihood (N=9667):  -8832.182 Gradient norm:      3e+05  
[16:33:15] < General >   Log likelihood (N=9667):  -8790.835 Gradient norm:      2e+05  
[16:33:15] < General >   Log likelihood (N=9667):  -8756.117 Gradient norm:      1e+05  
[16:33:15] < General >   Log likelihood (N=9667):  -8695.952 Gradient norm:      2e+04  
[16:33:15] < General >   Log likelihood (N=9667):  -8664.597 Gradient norm:      2e+04  
[16:33:15] < General >   Log likelihood (N=9667):  -8647.733 Gradient norm:      3e+03  
[16:33:15] < General >   Log likelihood (N=9667):  -8653.572 Gradient norm:      6e+04  
[16:33:15] < General >   Log likelihood (N=9667):  -8646.914 Gradient norm:      2e+04  
[16:33:15] < General >   Log likelihood (N=9667):   -8646.35 Gradient norm:      5e+03  
[16:33:15] < General >   Log likelihood (N=9667):  -8645.832 Gradient norm:      6e+03  
[16:33:15] < General >   Log likelihood (N=9667):  -8645.054 Gradient norm:      1e+04  
[16:33:15] < General >   Log likelihood (N=9667):  -8644.142 Gradient norm:      1e+04  
[16:33:15] < General >   Log likelihood (N=9667):  -8643.746 Gradient norm:      5e+03  
[16:33:15] < General >   Log likelihood (N=9667):  -8643.728 Gradient norm:      1e+03  
[16:33:15] < General >   Log likelihood (N=9667):  -8643.716 Gradient norm:      9e+02  
[16:33:15] < General >   Log likelihood (N=9667):  -8643.574 Gradient norm:      5e+03  
[16:33:15] < General >   Log likelihood (N=9667):  -8643.284 Gradient norm:      8e+03  
[16:33:15] < General >   Log likelihood (N=9667):  -8642.324 Gradient norm:      2e+04  
[16:33:15] < General >   Log likelihood (N=9667):  -8640.052 Gradient norm:      3e+04  
[16:33:15] < General >   Log likelihood (N=9667):  -8634.521 Gradient norm:      5e+04  
[16:33:15] < General >   Log likelihood (N=9667):  -8622.768 Gradient norm:      7e+04  
[16:33:15] < General >   Log likelihood (N=9667):  -8603.364 Gradient norm:      9e+04  
[16:33:15] < General >   Log likelihood (N=9667):  -8625.714 Gradient norm:      5e+04  
[16:33:16] < General >   Log likelihood (N=9667):  -8595.642 Gradient norm:      5e+04  
[16:33:16] < General >   Log likelihood (N=9667):  -8580.087 Gradient norm:      6e+04  
[16:33:16] < General >   Log likelihood (N=9667):  -9090.157 Gradient norm:      7e+05  
[16:33:16] < General >   Log likelihood (N=9667):  -8577.864 Gradient norm:      2e+04  
[16:33:16] < General >   Log likelihood (N=9667):  -8571.821 Gradient norm:      1e+04  
[16:33:16] < General >   Log likelihood (N=9667):  -8567.064 Gradient norm:      7e+03  
[16:33:16] < General >   Log likelihood (N=9667):  -8555.974 Gradient norm:      3e+04  
[16:33:16] < General >   Log likelihood (N=9667):  -8548.954 Gradient norm:      2e+04  
[16:33:16] < General >   Log likelihood (N=9667):   -8514.63 Gradient norm:      1e+04  
[16:33:16] < General >   Log likelihood (N=9667):  -8486.481 Gradient norm:      3e+04  
[16:33:16] < General >   Log likelihood (N=9667):  -8463.344 Gradient norm:      3e+04  
[16:33:16] < General >   Log likelihood (N=9667):  -8453.256 Gradient norm:      1e+04  
[16:33:16] < General >   Log likelihood (N=9667):  -8450.578 Gradient norm:      2e+04  
[16:33:16] < General >   Log likelihood (N=9667):  -8448.937 Gradient norm:      2e+03  
[16:33:16] < General >   Log likelihood (N=9667):  -8448.821 Gradient norm:      2e+03  
[16:33:16] < General >   Log likelihood (N=9667):  -8448.799 Gradient norm:      1e+03  
[16:33:16] < General >   Log likelihood (N=9667):  -8448.798 Gradient norm:      3e+03  
[16:33:16] < General >   Log likelihood (N=9667):   -8448.79 Gradient norm:      8e+02  
[16:33:16] < General >   Log likelihood (N=9667):  -8448.788 Gradient norm:      3e+02  
[16:33:16] < General >   Log likelihood (N=9667):  -8448.788 Gradient norm:      2e+02  
[16:33:16] < General >   Log likelihood (N=9667):  -8448.786 Gradient norm:      6e+02  
[16:33:16] < General >   Log likelihood (N=9667):  -8448.784 Gradient norm:      1e+03  
[16:33:16] < General >   Log likelihood (N=9667):  -8448.779 Gradient norm:      1e+03  
[16:33:16] < General >   Log likelihood (N=9667):  -8448.772 Gradient norm:      1e+03  
[16:33:16] < General >   Log likelihood (N=9667):  -8448.951 Gradient norm:      9e+03  
[16:33:16] < General >   Log likelihood (N=9667):  -8448.769 Gradient norm:      2e+03  
[16:33:16] < General >   Log likelihood (N=9667):  -8448.756 Gradient norm:      1e+03  
[16:33:16] < General >   Log likelihood (N=9667):  -8448.739 Gradient norm:      1e+03  
[16:33:16] < General >   Log likelihood (N=9667):  -8448.726 Gradient norm:      3e+03  
[16:33:16] < General >   Log likelihood (N=9667):  -8448.706 Gradient norm:      5e+03  
[16:33:16] < General >   Log likelihood (N=9667):  -8448.671 Gradient norm:      5e+03  
[16:33:16] < General >   Log likelihood (N=9667):  -8450.336 Gradient norm:      4e+04  
[16:33:16] < General >   Log likelihood (N=9667):  -8448.668 Gradient norm:      6e+03  
[16:33:16] < General >   Log likelihood (N=9667):  -8448.618 Gradient norm:      5e+03  
[16:33:16] < General >   Log likelihood (N=9667):  -8448.565 Gradient norm:      2e+03  
[16:33:17] < General >   Log likelihood (N=9667):  -8448.546 Gradient norm:      1e+03  
[16:33:17] < General >   Log likelihood (N=9667):  -8448.539 Gradient norm:      2e+03  
[16:33:17] < General >   Log likelihood (N=9667):  -8448.531 Gradient norm:      3e+03  
[16:33:17] < General >   Log likelihood (N=9667):  -8448.516 Gradient norm:      2e+03  
[16:33:17] < General >   Log likelihood (N=9667):  -8448.561 Gradient norm:      7e+03  
[16:33:17] < General >   Log likelihood (N=9667):  -8448.509 Gradient norm:      4e+03  
[16:33:17] < General >   Log likelihood (N=9667):  -8448.471 Gradient norm:      3e+03  
[16:33:17] < General >   Log likelihood (N=9667):  -8448.232 Gradient norm:      2e+03  
[16:33:17] < General >   Log likelihood (N=9667):  -8447.826 Gradient norm:      2e+03  
[16:33:17] < General >   Log likelihood (N=9667):  -8446.978 Gradient norm:      1e+04  
[16:33:17] < General >   Log likelihood (N=9667):  -8445.828 Gradient norm:      9e+03  
[16:33:17] < General >   Log likelihood (N=9667):  -8493.879 Gradient norm:      2e+05  
[16:33:17] < General >   Log likelihood (N=9667):   -8445.55 Gradient norm:      2e+04  
[16:33:17] < General >   Log likelihood (N=9667):  -8444.803 Gradient norm:      1e+04  
[16:33:17] < General >   Log likelihood (N=9667):    -8444.2 Gradient norm:      4e+03  
[16:33:17] < General >   Log likelihood (N=9667):  -8444.019 Gradient norm:      6e+03  
[16:33:17] < General >   Log likelihood (N=9667):  -8443.302 Gradient norm:      1e+04  
[16:33:17] < General >   Log likelihood (N=9667):  -8441.751 Gradient norm:      3e+04  
[16:33:17] < General >   Log likelihood (N=9667):  -8437.708 Gradient norm:      4e+04  
[16:33:17] < General >   Log likelihood (N=9667):  -8429.178 Gradient norm:      6e+04  
[16:33:17] < General >   Log likelihood (N=9667):   -8414.46 Gradient norm:      6e+04  
[16:33:17] < General >   Log likelihood (N=9667):  -85949.36 Gradient norm:      6e+05  
[16:33:17] < General >   Log likelihood (N=9667):  -8443.401 Gradient norm:      2e+05  
[16:33:17] < General >   Log likelihood (N=9667):  -8412.986 Gradient norm:      8e+04  
[16:33:17] < General >   Log likelihood (N=9667):  -8396.729 Gradient norm:      5e+04  
[16:33:17] < General >   Log likelihood (N=9667):  -8387.643 Gradient norm:      1e+04  
[16:33:17] < General >   Log likelihood (N=9667):  -8386.193 Gradient norm:      3e+04  
[16:33:17] < General >   Log likelihood (N=9667):  -8385.272 Gradient norm:      1e+04  
[16:33:17] < General >   Log likelihood (N=9667):  -8384.868 Gradient norm:      7e+03  
[16:33:17] < General >   Log likelihood (N=9667):  -8384.162 Gradient norm:      2e+03  
[16:33:17] < General >   Log likelihood (N=9667):  -8382.301 Gradient norm:      1e+04  
[16:33:17] < General >   Log likelihood (N=9667):  -8379.276 Gradient norm:      2e+04  
[16:33:17] < General >   Log likelihood (N=9667):  -8376.429 Gradient norm:      2e+04  
[16:33:17] < General >   Log likelihood (N=9667):  -11052.41 Gradient norm:      5e+05  
[16:33:18] < General >   Log likelihood (N=9667):  -8376.307 Gradient norm:      2e+04  
[16:33:18] < General >   Log likelihood (N=9667):  -8375.503 Gradient norm:      5e+03  
[16:33:18] < General >   Log likelihood (N=9667):  -8375.121 Gradient norm:      2e+03  
[16:33:18] < General >   Log likelihood (N=9667):  -8375.033 Gradient norm:      1e+03  
[16:33:18] < General >   Log likelihood (N=9667):  -8374.952 Gradient norm:      6e+03  
[16:33:18] < General >   Log likelihood (N=9667):  -8374.798 Gradient norm:      2e+03  
[16:33:18] < General >   Log likelihood (N=9667):  -8374.714 Gradient norm:      1e+03  
[16:33:18] < General >   Log likelihood (N=9667):  -8374.674 Gradient norm:      1e+03  
[16:33:18] < General >   Log likelihood (N=9667):  -8374.596 Gradient norm:      1e+03  
[16:33:18] < General >   Log likelihood (N=9667):  -8375.395 Gradient norm:      2e+04  
[16:33:18] < General >   Log likelihood (N=9667):    -8374.5 Gradient norm:      7e+03  
[16:33:18] < General >   Log likelihood (N=9667):  -8374.372 Gradient norm:      3e+03  
[16:33:18] < General >   Log likelihood (N=9667):  -8374.213 Gradient norm:      1e+03  
[16:33:18] < General >   Log likelihood (N=9667):  -8374.094 Gradient norm:      3e+03  
[16:33:18] < General >   Log likelihood (N=9667):  -8374.056 Gradient norm:      3e+02  
[16:33:18] < General >   Log likelihood (N=9667):  -8374.059 Gradient norm:      2e+03  
[16:33:18] < General >   Log likelihood (N=9667):  -8374.049 Gradient norm:      1e+03  
[16:33:18] < General >   Log likelihood (N=9667):  -8374.049 Gradient norm:      1e+03  
[16:33:18] < General >   Log likelihood (N=9667):  -8374.048 Gradient norm:      4e+01  
[16:33:18] < General >   Log likelihood (N=9667):  -8374.047 Gradient norm:          7  
[16:33:18] < General >   Log likelihood (N=9667):  -8374.047 Gradient norm:      1e+02  
[16:33:18] < General >   Log likelihood (N=9667):  -8374.047 Gradient norm:      5e+01  
[16:33:18] < General >   Log likelihood (N=9667):  -8374.047 Gradient norm:      3e+01  
[16:33:18] < General >   Log likelihood (N=9667):  -8374.047 Gradient norm:          5  
[16:33:18] < General >   Log likelihood (N=9667):  -8374.047 Gradient norm:          3  
[16:33:18] < General >   Log likelihood (N=9667):  -8374.047 Gradient norm:          2  
[16:33:18] < General >   Log likelihood (N=9667):  -8374.047 Gradient norm:          4  
[16:33:18] < General >   Log likelihood (N=9667):  -8374.047 Gradient norm:          8  
[16:33:18] < General >   Log likelihood (N=9667):  -8374.047 Gradient norm:      1e+01  
[16:33:18] < General >   Log likelihood (N=9667):  -8374.047 Gradient norm:      2e+01  
[16:33:18] < General >   Log likelihood (N=9667):  -8374.047 Gradient norm:      2e+01  
[16:33:18] < General >   Log likelihood (N=9667):  -8374.047 Gradient norm:      1e+02  
[16:33:18] < General >   Log likelihood (N=9667):  -8374.047 Gradient norm:      3e+01  
[16:33:18] < General >   Log likelihood (N=9667):  -8374.047 Gradient norm:      2e+01  
[16:33:18] < General >   Log likelihood (N=9667):  -8374.047 Gradient norm:          4  
[16:33:18] < General >   Log likelihood (N=9667):  -8374.047 Gradient norm:          2  
[16:33:19] < General >   Log likelihood (N=9667):  -8374.047 Gradient norm:          2  
[16:33:19] < General >   Log likelihood (N=9667):  -8374.047 Gradient norm:          1  
[16:33:19] < General >   Log likelihood (N=9667):  -8374.047 Gradient norm:          1  
[16:33:19] < General >   Log likelihood (N=9667):  -8374.047 Gradient norm:          1  
[16:33:19] < General >   Log likelihood (N=9667):  -8374.047 Gradient norm:        0.8  
[16:33:19] < General >   Log likelihood (N=9667):  -8374.047 Gradient norm:        0.8  
[16:33:19] < General >   Log likelihood (N=9667):  -8374.047 Gradient norm:      1e+01  
[16:33:19] < General >   Log likelihood (N=9667):  -8374.047 Gradient norm:          5  
[16:33:19] < General >   Log likelihood (N=9667):  -8374.047 Gradient norm:          5  
[16:33:19] < General >   Log likelihood (N=9667):  -8374.053 Gradient norm:      3e+03  
[16:33:19] < General >   Log likelihood (N=9667):  -8374.047 Gradient norm:        0.8  
[16:33:19] < General >   Log likelihood (N=9667):  -8374.047 Gradient norm:        0.9  
[16:33:19] < General >   Log likelihood (N=9667):  -8374.047 Gradient norm:      2e+02  
[16:33:19] < General >   Log likelihood (N=9667):  -8374.047 Gradient norm:        0.6  
[16:33:19] < General >   Log likelihood (N=9667):  -8374.047 Gradient norm:        0.5  
[16:33:19] < General >   Log likelihood (N=9667):  -8374.047 Gradient norm:          2  
[16:33:19] < General >   Log likelihood (N=9667):  -8374.047 Gradient norm:        0.3  
[16:33:19] < General >   Log likelihood (N=9667):  -8374.047 Gradient norm:        0.3  
[16:33:19] < General >   Log likelihood (N=9667):  -8374.047 Gradient norm:        0.7  
[16:33:19] < General >   Log likelihood (N=9667):  -8374.047 Gradient norm:       0.05  
[16:33:19] < General >   Log likelihood (N=9667):  -8374.047 Gradient norm:      0.002  
[16:33:19] < General >   Log likelihood (N=9667):  -8374.047 Gradient norm:      2e-06  
[16:33:19] < General >   Log likelihood (N=9667):  -8374.047 Gradient norm:      2e-06 Hessian norm:       9e+08 BHHH norm:       9e+08
[16:33:19] < General >   Results saved in file SMTO_2019_ModeChoice_withCost.html
[16:33:19] < General >   Results saved in file SMTO_2019_ModeChoice_withCost.pickle
[16:33:19] < General >   Log file created: SMTO_2019_ModeChoice_withCost.log
