*** File created 2020-05-28 10:18:44.911687 ***
*** Log file from biogeme 3.2.5 [2020-05-28]
[10:18:39] < General >   Remove 10 unused variables from the database as only 9 are used.
[10:18:40] < General >   Log likelihood (N=6329):  -12315.67
[10:18:40] < General >   Minimize with tol 1e-07
[10:18:40] < General >   Log likelihood (N=6329):  -12315.67 Gradient norm:      5e+04  
[10:18:40] < General >   Log likelihood (N=6329):  -21346.55 Gradient norm:      2e+04  
[10:18:40] < General >   Log likelihood (N=6329):  -10147.37 Gradient norm:      1e+04  
[10:18:40] < General >   Log likelihood (N=6329):   -9554.34 Gradient norm:      9e+03  
[10:18:40] < General >   Log likelihood (N=6329):  -10298.94 Gradient norm:      3e+04  
[10:18:40] < General >   Log likelihood (N=6329):  -9074.673 Gradient norm:      2e+03  
[10:18:40] < General >   Log likelihood (N=6329):  -9015.927 Gradient norm:      3e+03  
[10:18:40] < General >   Log likelihood (N=6329):   -8868.56 Gradient norm:      5e+03  
[10:18:40] < General >   Log likelihood (N=6329):  -8171.481 Gradient norm:      1e+04  
[10:18:40] < General >   Log likelihood (N=6329):  -7532.275 Gradient norm:      9e+03  
[10:18:40] < General >   Log likelihood (N=6329):  -7295.798 Gradient norm:      3e+03  
[10:18:40] < General >   Log likelihood (N=6329):  -7258.609 Gradient norm:      7e+02  
[10:18:40] < General >   Log likelihood (N=6329):  -7250.108 Gradient norm:      9e+02  
[10:18:40] < General >   Log likelihood (N=6329):  -7243.019 Gradient norm:      2e+03  
[10:18:40] < General >   Log likelihood (N=6329):  -7223.472 Gradient norm:      3e+03  
[10:18:40] < General >   Log likelihood (N=6329):  -7181.918 Gradient norm:      4e+03  
[10:18:40] < General >   Log likelihood (N=6329):   -7102.73 Gradient norm:      5e+03  
[10:18:40] < General >   Log likelihood (N=6329):  -7001.739 Gradient norm:      4e+03  
[10:18:40] < General >   Log likelihood (N=6329):  -6944.115 Gradient norm:      2e+03  
[10:18:41] < General >   Log likelihood (N=6329):  -6934.028 Gradient norm:      2e+02  
[10:18:41] < General >   Log likelihood (N=6329):   -6932.78 Gradient norm:      1e+02  
[10:18:41] < General >   Log likelihood (N=6329):  -6932.252 Gradient norm:      2e+02  
[10:18:41] < General >   Log likelihood (N=6329):  -6931.156 Gradient norm:      2e+02  
[10:18:41] < General >   Log likelihood (N=6329):  -6925.766 Gradient norm:      5e+02  
[10:18:41] < General >   Log likelihood (N=6329):  -6917.229 Gradient norm:      6e+02  
[10:18:41] < General >   Log likelihood (N=6329):  -6905.068 Gradient norm:      7e+02  
[10:18:41] < General >   Log likelihood (N=6329):  -6887.987 Gradient norm:      2e+02  
[10:18:41] < General >   Log likelihood (N=6329):  -6866.636 Gradient norm:      2e+02  
[10:18:41] < General >   Log likelihood (N=6329):  -6847.832 Gradient norm:      2e+02  
[10:18:41] < General >   Log likelihood (N=6329):  -12885.21 Gradient norm:      5e+04  
[10:18:41] < General >   Log likelihood (N=6329):  -6842.271 Gradient norm:      5e+02  
[10:18:41] < General >   Log likelihood (N=6329):  -6838.166 Gradient norm:      2e+02  
[10:18:41] < General >   Log likelihood (N=6329):  -6836.443 Gradient norm:      9e+01  
[10:18:41] < General >   Log likelihood (N=6329):  -6830.252 Gradient norm:      2e+02  
[10:18:41] < General >   Log likelihood (N=6329):  -6824.549 Gradient norm:      3e+02  
[10:18:41] < General >   Log likelihood (N=6329):  -6820.342 Gradient norm:      2e+02  
[10:18:41] < General >   Log likelihood (N=6329):  -6819.739 Gradient norm:      8e+01  
[10:18:41] < General >   Log likelihood (N=6329):  -6819.597 Gradient norm:      1e+01  
[10:18:41] < General >   Log likelihood (N=6329):  -6819.591 Gradient norm:          3  
[10:18:41] < General >   Log likelihood (N=6329):   -6819.59 Gradient norm:          3  
[10:18:41] < General >   Log likelihood (N=6329):  -6819.598 Gradient norm:      4e+01  
[10:18:41] < General >   Log likelihood (N=6329):   -6819.59 Gradient norm:          7  
[10:18:42] < General >   Log likelihood (N=6329):  -6819.589 Gradient norm:          6  
[10:18:42] < General >   Log likelihood (N=6329):  -6819.586 Gradient norm:          2  
[10:18:42] < General >   Log likelihood (N=6329):  -6819.585 Gradient norm:          2  
[10:18:42] < General >   Log likelihood (N=6329):  -6819.582 Gradient norm:          2  
[10:18:42] < General >   Log likelihood (N=6329):  -6819.577 Gradient norm:        0.7  
[10:18:42] < General >   Log likelihood (N=6329):  -6819.577 Gradient norm:          4  
[10:18:42] < General >   Log likelihood (N=6329):  -6819.577 Gradient norm:          2  
[10:18:42] < General >   Log likelihood (N=6329):  -6819.577 Gradient norm:          6  
[10:18:42] < General >   Log likelihood (N=6329):  -6819.577 Gradient norm:        0.3  
[10:18:42] < General >   Log likelihood (N=6329):  -6819.577 Gradient norm:        0.3  
[10:18:42] < General >   Log likelihood (N=6329):  -6819.577 Gradient norm:          2  
[10:18:42] < General >   Log likelihood (N=6329):  -6819.577 Gradient norm:        0.1  
[10:18:42] < General >   Log likelihood (N=6329):  -6819.577 Gradient norm:       0.03  
[10:18:42] < General >   Log likelihood (N=6329):  -6819.577 Gradient norm:        0.1  
[10:18:42] < General >   Log likelihood (N=6329):  -6819.577 Gradient norm:       0.01  
[10:18:42] < General >   Log likelihood (N=6329):  -6819.577 Gradient norm:      0.003  
[10:18:42] < General >   Log likelihood (N=6329):  -6819.577 Gradient norm:     0.0009  
[10:18:42] < General >   Log likelihood (N=6329):  -6819.577 Gradient norm:      0.002  
[10:18:42] < General >   Log likelihood (N=6329):  -6819.577 Gradient norm:     0.0008  
[10:18:42] < General >   Log likelihood (N=6329):  -6819.577 Gradient norm:      4e-05  
[10:18:42] < General >   Log likelihood (N=6329):  -6819.577 Gradient norm:     0.0007  
[10:18:42] < General >   Log likelihood (N=6329):  -6819.577 Gradient norm:     0.0008  
[10:18:42] < General >   Log likelihood (N=6329):  -6819.577 Gradient norm:     0.0008  
[10:18:42] < General >   Log likelihood (N=6329):  -6819.577 Gradient norm:     0.0008  
[10:18:42] < General >   Log likelihood (N=6329):  -6819.577 Gradient norm:     0.0008  
[10:18:42] < General >   Log likelihood (N=6329):  -6819.577 Gradient norm:     0.0008  
[10:18:43] < General >   Log likelihood (N=6329):  -6819.577 Gradient norm:     0.0008  
[10:18:43] < General >   Log likelihood (N=6329):  -6819.577 Gradient norm:     0.0008  
[10:18:43] < General >   Log likelihood (N=6329):  -6819.577 Gradient norm:     0.0008  
[10:18:43] < General >   Log likelihood (N=6329):  -6819.577 Gradient norm:     0.0008  
[10:18:43] < General >   Log likelihood (N=6329):  -6819.577 Gradient norm:     0.0008  
[10:18:43] < General >   Log likelihood (N=6329):  -6819.577 Gradient norm:     0.0008  
[10:18:43] < General >   Log likelihood (N=6329):  -6819.577 Gradient norm:     0.0008  
[10:18:43] < General >   Log likelihood (N=6329):  -6819.577 Gradient norm:     0.0008  
[10:18:43] < General >   Log likelihood (N=6329):  -6819.577 Gradient norm:     0.0008  
[10:18:43] < General >   Log likelihood (N=6329):  -6819.577 Gradient norm:     0.0008  
[10:18:43] < General >   Log likelihood (N=6329):  -6819.577 Gradient norm:     0.0008  
[10:18:43] < General >   Log likelihood (N=6329):  -6819.577 Gradient norm:     0.0008  
[10:18:43] < General >   Log likelihood (N=6329):  -6819.577 Gradient norm:     0.0008  
[10:18:43] < General >   Log likelihood (N=6329):  -6819.577 Gradient norm:       0.02  
[10:18:43] < General >   Log likelihood (N=6329):  -6819.577 Gradient norm:     0.0004  
[10:18:43] < General >   Log likelihood (N=6329):  -6819.577 Gradient norm:     0.0008  
[10:18:43] < General >   Log likelihood (N=6329):  -6819.577 Gradient norm:     0.0008  
[10:18:43] < General >   Log likelihood (N=6329):  -6819.577 Gradient norm:     0.0008  
[10:18:43] < General >   Log likelihood (N=6329):  -6819.577 Gradient norm:     0.0008  
[10:18:43] < General >   Log likelihood (N=6329):  -6819.577 Gradient norm:     0.0008  
[10:18:43] < General >   Log likelihood (N=6329):  -6819.577 Gradient norm:     0.0008  
[10:18:43] < General >   Log likelihood (N=6329):  -6819.577 Gradient norm:     0.0008  
[10:18:43] < General >   Log likelihood (N=6329):  -6819.577 Gradient norm:     0.0008  
[10:18:43] < General >   Log likelihood (N=6329):  -6819.577 Gradient norm:     0.0008  
[10:18:43] < General >   Log likelihood (N=6329):  -6819.577 Gradient norm:     0.0008  
[10:18:43] < General >   Log likelihood (N=6329):  -6819.577 Gradient norm:     0.0008  
[10:18:43] < General >   Log likelihood (N=6329):  -6819.577 Gradient norm:     0.0008  
[10:18:44] < General >   Log likelihood (N=6329):  -6819.577 Gradient norm:     0.0004  
[10:18:44] < General >   Log likelihood (N=6329):  -6819.577 Gradient norm:     0.0008  
[10:18:44] < General >   Log likelihood (N=6329):  -6819.577 Gradient norm:     0.0008  
[10:18:44] < General >   Log likelihood (N=6329):  -6819.577 Gradient norm:     0.0008  
[10:18:44] < General >   Log likelihood (N=6329):  -6819.577 Gradient norm:     0.0008  
[10:18:44] < General >   Log likelihood (N=6329):  -6819.577 Gradient norm:     0.0008  
[10:18:44] < General >   Log likelihood (N=6329):  -6819.577 Gradient norm:     0.0008  
[10:18:44] < General >   Log likelihood (N=6329):  -6819.577 Gradient norm:     0.0008  
[10:18:44] < General >   Log likelihood (N=6329):  -6819.577 Gradient norm:     0.0008  
[10:18:44] < General >   Log likelihood (N=6329):  -6819.577 Gradient norm:     0.0008  
[10:18:44] < General >   Log likelihood (N=6329):  -6819.577 Gradient norm:     0.0008  
[10:18:44] < General >   Log likelihood (N=6329):  -6819.577 Gradient norm:     0.0008  
[10:18:44] < General >   Log likelihood (N=6329):  -6819.577 Gradient norm:     0.0008  
[10:18:44] < General >   Log likelihood (N=6329):  -6819.577 Gradient norm:     0.0008  
[10:18:44] < General >   Log likelihood (N=6329):  -6819.577 Gradient norm:     0.0008  
[10:18:44] < General >   Log likelihood (N=6329):  -6819.577 Gradient norm:     0.0008  
[10:18:44] < General >   Log likelihood (N=6329):  -6819.577 Gradient norm:     0.0008  
[10:18:44] < General >   Log likelihood (N=6329):  -6819.577 Gradient norm:     0.0008  
[10:18:44] < General >   Log likelihood (N=6329):  -6819.577 Gradient norm:     0.0008  
[10:18:44] < General >   Log likelihood (N=6329):  -6819.577 Gradient norm:     0.0008 Hessian norm:       2e+05 BHHH norm:       2e+05
[10:18:44] < General >   Results saved in file SMTO_Other.html
[10:18:44] < General >   Results saved in file SMTO_Other.pickle
[10:18:44] < General >   Log file created: SMTO_Other.log
