*** File created 2020-05-27 15:35:48.788918 ***
*** Log file from biogeme 3.2.5 [2020-05-27]
[15:35:35] < General >   Remove 9 unused variables from the database as only 9 are used.
[15:35:36] < General >   Log likelihood (N=14741):  -28684.66
[15:35:36] < General >   Minimize with tol 1e-07
[15:35:36] < General >   Log likelihood (N=14741):  -28684.66 Gradient norm:      8e+04  
[15:35:36] < General >   Log likelihood (N=14741):   -99530.1 Gradient norm:      9e+04  
[15:35:36] < General >   Log likelihood (N=14741):  -27488.71 Gradient norm:      5e+04  
[15:35:36] < General >   Log likelihood (N=14741):  -25358.89 Gradient norm:      2e+04  
[15:35:36] < General >   Log likelihood (N=14741):  -25199.98 Gradient norm:      8e+03  
[15:35:37] < General >   Log likelihood (N=14741):  -25160.76 Gradient norm:      4e+03  
[15:35:37] < General >   Log likelihood (N=14741):  -25110.14 Gradient norm:      5e+03  
[15:35:37] < General >   Log likelihood (N=14741):   -24894.4 Gradient norm:      1e+04  
[15:35:37] < General >   Log likelihood (N=14741):  -24463.14 Gradient norm:      2e+04  
[15:35:37] < General >   Log likelihood (N=14741):   -23585.5 Gradient norm:      3e+04  
[15:35:37] < General >   Log likelihood (N=14741):  -22517.16 Gradient norm:      3e+04  
[15:35:37] < General >   Log likelihood (N=14741):  -21079.27 Gradient norm:      7e+03  
[15:35:37] < General >   Log likelihood (N=14741):  -20950.52 Gradient norm:      3e+03  
[15:35:37] < General >   Log likelihood (N=14741):  -20941.35 Gradient norm:      4e+03  
[15:35:37] < General >   Log likelihood (N=14741):  -20909.79 Gradient norm:      3e+03  
[15:35:38] < General >   Log likelihood (N=14741):  -20832.51 Gradient norm:      6e+02  
[15:35:38] < General >   Log likelihood (N=14741):  -20762.74 Gradient norm:      4e+03  
[15:35:38] < General >   Log likelihood (N=14741):   -20743.2 Gradient norm:      4e+03  
[15:35:38] < General >   Log likelihood (N=14741):  -20690.16 Gradient norm:      6e+02  
[15:35:38] < General >   Log likelihood (N=14741):  -20662.89 Gradient norm:      2e+03  
[15:35:38] < General >   Log likelihood (N=14741):  -20642.19 Gradient norm:      3e+03  
[15:35:38] < General >   Log likelihood (N=14741):   -20610.2 Gradient norm:      3e+03  
[15:35:38] < General >   Log likelihood (N=14741):  -20621.16 Gradient norm:      6e+03  
[15:35:38] < General >   Log likelihood (N=14741):  -20594.89 Gradient norm:      1e+03  
[15:35:38] < General >   Log likelihood (N=14741):  -20575.32 Gradient norm:      1e+03  
[15:35:38] < General >   Log likelihood (N=14741):  -20589.65 Gradient norm:      5e+03  
[15:35:39] < General >   Log likelihood (N=14741):  -20550.97 Gradient norm:      2e+03  
[15:35:39] < General >   Log likelihood (N=14741):  -20541.18 Gradient norm:      9e+02  
[15:35:39] < General >   Log likelihood (N=14741):  -20530.72 Gradient norm:      5e+02  
[15:35:39] < General >   Log likelihood (N=14741):  -20514.35 Gradient norm:      8e+02  
[15:35:39] < General >   Log likelihood (N=14741):  -20487.64 Gradient norm:      1e+03  
[15:35:39] < General >   Log likelihood (N=14741):   -20456.5 Gradient norm:      1e+03  
[15:35:39] < General >   Log likelihood (N=14741):  -20679.18 Gradient norm:      4e+03  
[15:35:39] < General >   Log likelihood (N=14741):  -20444.88 Gradient norm:      6e+02  
[15:35:39] < General >   Log likelihood (N=14741):  -20438.87 Gradient norm:      3e+02  
[15:35:39] < General >   Log likelihood (N=14741):  -20434.59 Gradient norm:      4e+02  
[15:35:39] < General >   Log likelihood (N=14741):  -20432.03 Gradient norm:      3e+02  
[15:35:40] < General >   Log likelihood (N=14741):   -20627.1 Gradient norm:      2e+04  
[15:35:40] < General >   Log likelihood (N=14741):   -20430.3 Gradient norm:      1e+03  
[15:35:40] < General >   Log likelihood (N=14741):  -20423.35 Gradient norm:      1e+03  
[15:35:40] < General >   Log likelihood (N=14741):  -20410.75 Gradient norm:      3e+02  
[15:35:40] < General >   Log likelihood (N=14741):  -20405.18 Gradient norm:      4e+02  
[15:35:40] < General >   Log likelihood (N=14741):   -20404.1 Gradient norm:      7e+01  
[15:35:40] < General >   Log likelihood (N=14741):  -20403.67 Gradient norm:      3e+01  
[15:35:40] < General >   Log likelihood (N=14741):  -20403.66 Gradient norm:          4  
[15:35:40] < General >   Log likelihood (N=14741):  -20403.66 Gradient norm:          4  
[15:35:40] < General >   Log likelihood (N=14741):  -20403.66 Gradient norm:      1e+01  
[15:35:41] < General >   Log likelihood (N=14741):  -20403.66 Gradient norm:          6  
[15:35:41] < General >   Log likelihood (N=14741):  -20403.66 Gradient norm:          2  
[15:35:41] < General >   Log likelihood (N=14741):  -20403.66 Gradient norm:          3  
[15:35:41] < General >   Log likelihood (N=14741):  -20403.66 Gradient norm:          4  
[15:35:41] < General >   Log likelihood (N=14741):  -20403.66 Gradient norm:      1e+01  
[15:35:41] < General >   Log likelihood (N=14741):  -20403.66 Gradient norm:      1e+01  
[15:35:41] < General >   Log likelihood (N=14741):  -20403.66 Gradient norm:        0.9  
[15:35:41] < General >   Log likelihood (N=14741):  -20403.66 Gradient norm:          1  
[15:35:41] < General >   Log likelihood (N=14741):  -20403.66 Gradient norm:          1  
[15:35:41] < General >   Log likelihood (N=14741):  -20403.66 Gradient norm:        0.1  
[15:35:42] < General >   Log likelihood (N=14741):  -20403.66 Gradient norm:       0.06  
[15:35:42] < General >   Log likelihood (N=14741):  -20403.66 Gradient norm:       0.06  
[15:35:42] < General >   Log likelihood (N=14741):  -20403.66 Gradient norm:          2  
[15:35:42] < General >   Log likelihood (N=14741):  -20403.66 Gradient norm:        0.2  
[15:35:42] < General >   Log likelihood (N=14741):  -20403.66 Gradient norm:       0.03  
[15:35:42] < General >   Log likelihood (N=14741):  -20403.66 Gradient norm:       0.02  
[15:35:42] < General >   Log likelihood (N=14741):  -20403.66 Gradient norm:        0.2  
[15:35:42] < General >   Log likelihood (N=14741):  -20403.66 Gradient norm:       0.06  
[15:35:42] < General >   Log likelihood (N=14741):  -20403.66 Gradient norm:      0.003  
[15:35:42] < General >   Log likelihood (N=14741):  -20403.66 Gradient norm:     0.0009  
[15:35:42] < General >   Log likelihood (N=14741):  -20403.66 Gradient norm:      0.003  
[15:35:43] < General >   Log likelihood (N=14741):  -20403.66 Gradient norm:      0.003  
[15:35:43] < General >   Log likelihood (N=14741):  -20403.66 Gradient norm:      0.003  
[15:35:43] < General >   Log likelihood (N=14741):  -20403.66 Gradient norm:      0.003  
[15:35:43] < General >   Log likelihood (N=14741):  -20403.66 Gradient norm:      0.001  
[15:35:43] < General >   Log likelihood (N=14741):  -20403.66 Gradient norm:      0.002  
[15:35:43] < General >   Log likelihood (N=14741):  -20403.66 Gradient norm:      0.003  
[15:35:43] < General >   Log likelihood (N=14741):  -20403.66 Gradient norm:      0.003  
[15:35:43] < General >   Log likelihood (N=14741):  -20403.66 Gradient norm:      0.003  
[15:35:43] < General >   Log likelihood (N=14741):  -20403.66 Gradient norm:      0.003  
[15:35:43] < General >   Log likelihood (N=14741):  -20403.66 Gradient norm:      0.003  
[15:35:43] < General >   Log likelihood (N=14741):  -20403.66 Gradient norm:      0.003  
[15:35:44] < General >   Log likelihood (N=14741):  -20403.66 Gradient norm:      0.003  
[15:35:44] < General >   Log likelihood (N=14741):  -20403.66 Gradient norm:      0.003  
[15:35:44] < General >   Log likelihood (N=14741):  -20403.66 Gradient norm:      0.003  
[15:35:44] < General >   Log likelihood (N=14741):  -20403.66 Gradient norm:      0.003  
[15:35:44] < General >   Log likelihood (N=14741):  -20403.66 Gradient norm:      0.003  
[15:35:44] < General >   Log likelihood (N=14741):  -20403.66 Gradient norm:      0.003  
[15:35:44] < General >   Log likelihood (N=14741):  -20403.66 Gradient norm:      0.003  
[15:35:44] < General >   Log likelihood (N=14741):  -20403.66 Gradient norm:      0.003  
[15:35:44] < General >   Log likelihood (N=14741):  -20403.66 Gradient norm:      0.008  
[15:35:45] < General >   Log likelihood (N=14741):  -20403.66 Gradient norm:      0.003  
[15:35:45] < General >   Log likelihood (N=14741):  -20403.66 Gradient norm:      0.003  
[15:35:45] < General >   Log likelihood (N=14741):  -20403.66 Gradient norm:      0.003  
[15:35:45] < General >   Log likelihood (N=14741):  -20403.66 Gradient norm:      0.003  
[15:35:45] < General >   Log likelihood (N=14741):  -20403.66 Gradient norm:      0.003  
[15:35:45] < General >   Log likelihood (N=14741):  -20403.66 Gradient norm:      0.003  
[15:35:45] < General >   Log likelihood (N=14741):  -20403.66 Gradient norm:      0.003  
[15:35:45] < General >   Log likelihood (N=14741):  -20403.66 Gradient norm:      0.003  
[15:35:45] < General >   Log likelihood (N=14741):  -20403.66 Gradient norm:      0.003  
[15:35:45] < General >   Log likelihood (N=14741):  -20403.66 Gradient norm:      0.003  
[15:35:45] < General >   Log likelihood (N=14741):  -20403.66 Gradient norm:      0.003  
[15:35:46] < General >   Log likelihood (N=14741):  -20403.66 Gradient norm:      0.003  
[15:35:46] < General >   Log likelihood (N=14741):  -20403.66 Gradient norm:      0.003  
[15:35:46] < General >   Log likelihood (N=14741):  -20403.66 Gradient norm:      0.003  
[15:35:46] < General >   Log likelihood (N=14741):  -20403.66 Gradient norm:      0.003  
[15:35:46] < General >   Log likelihood (N=14741):  -20403.66 Gradient norm:      0.003  
[15:35:46] < General >   Log likelihood (N=14741):  -20403.66 Gradient norm:      0.003  
[15:35:46] < General >   Log likelihood (N=14741):  -20403.66 Gradient norm:      0.003  
[15:35:46] < General >   Log likelihood (N=14741):  -20403.66 Gradient norm:      0.003  
[15:35:46] < General >   Log likelihood (N=14741):  -20403.66 Gradient norm:        0.1  
[15:35:46] < General >   Log likelihood (N=14741):  -20403.66 Gradient norm:      0.002  
[15:35:46] < General >   Log likelihood (N=14741):  -20403.66 Gradient norm:      0.003  
[15:35:46] < General >   Log likelihood (N=14741):  -20403.66 Gradient norm:      0.003  
[15:35:47] < General >   Log likelihood (N=14741):  -20403.66 Gradient norm:      0.003  
[15:35:47] < General >   Log likelihood (N=14741):  -20403.66 Gradient norm:      0.003  
[15:35:47] < General >   Log likelihood (N=14741):  -20403.66 Gradient norm:      0.003  
[15:35:47] < General >   Log likelihood (N=14741):  -20403.66 Gradient norm:      0.003  
[15:35:47] < General >   Log likelihood (N=14741):  -20403.66 Gradient norm:      0.003  
[15:35:47] < General >   Log likelihood (N=14741):  -20403.66 Gradient norm:      0.003  
[15:35:47] < General >   Log likelihood (N=14741):  -20403.66 Gradient norm:      0.003  
[15:35:47] < General >   Log likelihood (N=14741):  -20403.66 Gradient norm:      0.003  
[15:35:47] < General >   Log likelihood (N=14741):  -20403.66 Gradient norm:      0.003  
[15:35:47] < General >   Log likelihood (N=14741):  -20403.66 Gradient norm:      0.003  
[15:35:47] < General >   Log likelihood (N=14741):  -20403.66 Gradient norm:      0.003  
[15:35:48] < General >   Log likelihood (N=14741):  -20403.66 Gradient norm:      0.003  
[15:35:48] < General >   Log likelihood (N=14741):  -20403.66 Gradient norm:      0.003  
[15:35:48] < General >   Log likelihood (N=14741):  -20403.66 Gradient norm:      0.003  
[15:35:48] < General >   Log likelihood (N=14741):  -20403.66 Gradient norm:      0.003  
[15:35:48] < General >   Log likelihood (N=14741):  -20403.66 Gradient norm:      0.003  
[15:35:48] < General >   Log likelihood (N=14741):  -20403.66 Gradient norm:      0.003 Hessian norm:       7e+05 BHHH norm:       6e+05
[15:35:48] < General >   Results saved in file SMTO_Logit.html
[15:35:48] < General >   Results saved in file SMTO_Logit.pickle
[15:35:48] < General >   Log file created: SMTO_Logit.log
