*** File created 2020-07-21 11:55:06.721391 ***
*** Log file from biogeme 3.2.5 [2020-07-21]
[11:54:01] < General >   Remove 69 unused variables from the database as only 16 are used.
[11:54:31] < General >   Remove 69 unused variables from the database as only 16 are used.
[11:54:31] < General >   Log likelihood (N=14782):  -47910.23
[11:54:31] < General >   Minimize with tol 1e-07
[11:54:32] < General >   Log likelihood (N=14782):  -47910.23 Gradient norm:      1e+05  
[11:54:32] < General >   Log likelihood (N=14782):  -176042.7 Gradient norm:      3e+05  
[11:54:32] < General >   Log likelihood (N=14782):  -26309.19 Gradient norm:      8e+04  
[11:54:32] < General >   Log likelihood (N=14782):  -120715.4 Gradient norm:      3e+05  
[11:54:32] < General >   Log likelihood (N=14782):  -21274.72 Gradient norm:      3e+04  
[11:54:33] < General >   Log likelihood (N=14782):  -20812.02 Gradient norm:      1e+04  
[11:54:33] < General >   Log likelihood (N=14782):  -20720.93 Gradient norm:      8e+03  
[11:54:33] < General >   Log likelihood (N=14782):  -20539.67 Gradient norm:      8e+03  
[11:54:33] < General >   Log likelihood (N=14782):  -20256.24 Gradient norm:      1e+04  
[11:54:34] < General >   Log likelihood (N=14782):  -20145.81 Gradient norm:      5e+03  
[11:54:34] < General >   Log likelihood (N=14782):  -20126.16 Gradient norm:      1e+03  
[11:54:34] < General >   Log likelihood (N=14782):  -20125.04 Gradient norm:      4e+02  
[11:54:34] < General >   Log likelihood (N=14782):   -20124.8 Gradient norm:      5e+02  
[11:54:34] < General >   Log likelihood (N=14782):  -20122.71 Gradient norm:      1e+03  
[11:54:35] < General >   Log likelihood (N=14782):  -20118.82 Gradient norm:      2e+03  
[11:54:35] < General >   Log likelihood (N=14782):  -20109.23 Gradient norm:      4e+03  
[11:54:35] < General >   Log likelihood (N=14782):  -20093.48 Gradient norm:      5e+03  
[11:54:35] < General >   Log likelihood (N=14782):  -20076.32 Gradient norm:      3e+03  
[11:54:36] < General >   Log likelihood (N=14782):  -20068.51 Gradient norm:      1e+03  
[11:54:36] < General >   Log likelihood (N=14782):  -20067.27 Gradient norm:      2e+02  
[11:54:36] < General >   Log likelihood (N=14782):  -20067.14 Gradient norm:      3e+02  
[11:54:36] < General >   Log likelihood (N=14782):  -20066.98 Gradient norm:      3e+02  
[11:54:37] < General >   Log likelihood (N=14782):  -20066.02 Gradient norm:      6e+02  
[11:54:37] < General >   Log likelihood (N=14782):  -20063.93 Gradient norm:      8e+02  
[11:54:37] < General >   Log likelihood (N=14782):  -20059.59 Gradient norm:      1e+03  
[11:54:37] < General >   Log likelihood (N=14782):   -20063.3 Gradient norm:      2e+03  
[11:54:38] < General >   Log likelihood (N=14782):  -20057.84 Gradient norm:      2e+03  
[11:54:38] < General >   Log likelihood (N=14782):  -20052.27 Gradient norm:      2e+03  
[11:54:38] < General >   Log likelihood (N=14782):  -20051.77 Gradient norm:      2e+03  
[11:54:39] < General >   Log likelihood (N=14782):  -20049.34 Gradient norm:      2e+02  
[11:54:39] < General >   Log likelihood (N=14782):  -20049.11 Gradient norm:      1e+02  
[11:54:39] < General >   Log likelihood (N=14782):  -20048.42 Gradient norm:      6e+02  
[11:54:39] < General >   Log likelihood (N=14782):  -20047.09 Gradient norm:      9e+02  
[11:54:40] < General >   Log likelihood (N=14782):  -20045.57 Gradient norm:      8e+02  
[11:54:40] < General >   Log likelihood (N=14782):   -20044.5 Gradient norm:      3e+02  
[11:54:40] < General >   Log likelihood (N=14782):  -20043.82 Gradient norm:      4e+02  
[11:54:40] < General >   Log likelihood (N=14782):  -20043.51 Gradient norm:      6e+02  
[11:54:40] < General >   Log likelihood (N=14782):  -20042.58 Gradient norm:      9e+02  
[11:54:41] < General >   Log likelihood (N=14782):  -20041.65 Gradient norm:      9e+02  
[11:54:41] < General >   Log likelihood (N=14782):  -20043.77 Gradient norm:      1e+03  
[11:54:41] < General >   Log likelihood (N=14782):  -20041.47 Gradient norm:      5e+02  
[11:54:41] < General >   Log likelihood (N=14782):     -20041 Gradient norm:      3e+02  
[11:54:41] < General >   Log likelihood (N=14782):  -20040.92 Gradient norm:      1e+02  
[11:54:42] < General >   Log likelihood (N=14782):   -20040.9 Gradient norm:      6e+01  
[11:54:42] < General >   Log likelihood (N=14782):  -20040.89 Gradient norm:      3e+01  
[11:54:42] < General >   Log likelihood (N=14782):  -20040.87 Gradient norm:      2e+01  
[11:54:42] < General >   Log likelihood (N=14782):  -20040.86 Gradient norm:      2e+01  
[11:54:43] < General >   Log likelihood (N=14782):  -20040.85 Gradient norm:      5e+01  
[11:54:43] < General >   Log likelihood (N=14782):  -20040.83 Gradient norm:      6e+01  
[11:54:43] < General >   Log likelihood (N=14782):  -20040.77 Gradient norm:      6e+01  
[11:54:43] < General >   Log likelihood (N=14782):   -20041.1 Gradient norm:      2e+02  
[11:54:43] < General >   Log likelihood (N=14782):  -20040.75 Gradient norm:      8e+01  
[11:54:44] < General >   Log likelihood (N=14782):  -20040.71 Gradient norm:      4e+01  
[11:54:44] < General >   Log likelihood (N=14782):  -20040.74 Gradient norm:      3e+02  
[11:54:44] < General >   Log likelihood (N=14782):   -20040.7 Gradient norm:      6e+01  
[11:54:45] < General >   Log likelihood (N=14782):  -20040.69 Gradient norm:      5e+01  
[11:54:45] < General >   Log likelihood (N=14782):  -20040.69 Gradient norm:      6e+01  
[11:54:45] < General >   Log likelihood (N=14782):  -20040.68 Gradient norm:      1e+01  
[11:54:46] < General >   Log likelihood (N=14782):  -20040.67 Gradient norm:          7  
[11:54:46] < General >   Log likelihood (N=14782):  -20040.67 Gradient norm:      1e+01  
[11:54:46] < General >   Log likelihood (N=14782):  -20040.67 Gradient norm:          2  
[11:54:46] < General >   Log likelihood (N=14782):  -20040.67 Gradient norm:          2  
[11:54:47] < General >   Log likelihood (N=14782):  -20040.67 Gradient norm:      2e+01  
[11:54:47] < General >   Log likelihood (N=14782):  -20040.67 Gradient norm:          3  
[11:54:47] < General >   Log likelihood (N=14782):  -20040.67 Gradient norm:          2  
[11:54:47] < General >   Log likelihood (N=14782):  -20040.67 Gradient norm:       0.03  
[11:54:47] < General >   Log likelihood (N=14782):  -20040.67 Gradient norm:       0.04  
[11:54:48] < General >   Log likelihood (N=14782):  -20040.67 Gradient norm:       0.01  
[11:54:48] < General >   Log likelihood (N=14782):  -20040.67 Gradient norm:        0.3  
[11:54:48] < General >   Log likelihood (N=14782):  -20040.67 Gradient norm:       0.03  
[11:54:48] < General >   Log likelihood (N=14782):  -20040.67 Gradient norm:      0.005  
[11:54:49] < General >   Log likelihood (N=14782):  -20040.67 Gradient norm:      0.004  
[11:54:49] < General >   Log likelihood (N=14782):  -20040.67 Gradient norm:     0.0002  
[11:54:49] < General >   Log likelihood (N=14782):  -20040.67 Gradient norm:      0.004  
[11:54:49] < General >   Log likelihood (N=14782):  -20040.67 Gradient norm:      0.004  
[11:54:49] < General >   Log likelihood (N=14782):  -20040.67 Gradient norm:      0.004  
[11:54:50] < General >   Log likelihood (N=14782):  -20040.67 Gradient norm:      0.004  
[11:54:50] < General >   Log likelihood (N=14782):  -20040.67 Gradient norm:      0.004  
[11:54:50] < General >   Log likelihood (N=14782):  -20040.67 Gradient norm:      0.004  
[11:54:50] < General >   Log likelihood (N=14782):  -20040.67 Gradient norm:      0.004  
[11:54:50] < General >   Log likelihood (N=14782):  -20040.67 Gradient norm:      0.004  
[11:54:51] < General >   Log likelihood (N=14782):  -20040.67 Gradient norm:      0.004  
[11:54:51] < General >   Log likelihood (N=14782):  -20040.67 Gradient norm:      0.004  
[11:54:51] < General >   Log likelihood (N=14782):  -20040.67 Gradient norm:      0.004  
[11:54:51] < General >   Log likelihood (N=14782):  -20040.67 Gradient norm:      0.004  
[11:54:52] < General >   Log likelihood (N=14782):  -20040.67 Gradient norm:      0.004  
[11:54:52] < General >   Log likelihood (N=14782):  -20040.67 Gradient norm:      0.004  
[11:54:52] < General >   Log likelihood (N=14782):  -20040.67 Gradient norm:      0.004  
[11:54:52] < General >   Log likelihood (N=14782):  -20040.67 Gradient norm:      0.004  
[11:54:53] < General >   Log likelihood (N=14782):  -20040.67 Gradient norm:      0.004  
[11:54:53] < General >   Log likelihood (N=14782):  -20040.67 Gradient norm:      0.004  
[11:54:53] < General >   Log likelihood (N=14782):  -20040.67 Gradient norm:      0.004  
[11:54:54] < General >   Log likelihood (N=14782):  -20040.67 Gradient norm:        0.2  
[11:54:54] < General >   Log likelihood (N=14782):  -20040.67 Gradient norm:      0.001  
[11:54:54] < General >   Log likelihood (N=14782):  -20040.67 Gradient norm:      0.004  
[11:54:54] < General >   Log likelihood (N=14782):  -20040.67 Gradient norm:      0.004  
[11:54:55] < General >   Log likelihood (N=14782):  -20040.67 Gradient norm:      0.004  
[11:54:55] < General >   Log likelihood (N=14782):  -20040.67 Gradient norm:      0.001  
[11:54:55] < General >   Log likelihood (N=14782):  -20040.67 Gradient norm:      0.004  
[11:54:56] < General >   Log likelihood (N=14782):  -20040.67 Gradient norm:      0.004  
[11:54:56] < General >   Log likelihood (N=14782):  -20040.67 Gradient norm:      0.004  
[11:54:56] < General >   Log likelihood (N=14782):  -20040.67 Gradient norm:      0.004  
[11:54:57] < General >   Log likelihood (N=14782):  -20040.67 Gradient norm:      0.004  
[11:54:57] < General >   Log likelihood (N=14782):  -20040.67 Gradient norm:      0.004  
[11:54:57] < General >   Log likelihood (N=14782):  -20040.67 Gradient norm:      0.004  
[11:54:57] < General >   Log likelihood (N=14782):  -20040.67 Gradient norm:      0.004  
[11:54:58] < General >   Log likelihood (N=14782):  -20040.67 Gradient norm:      0.004  
[11:54:58] < General >   Log likelihood (N=14782):  -20040.67 Gradient norm:      0.004  
[11:54:58] < General >   Log likelihood (N=14782):  -20040.67 Gradient norm:      0.004  
[11:54:58] < General >   Log likelihood (N=14782):  -20040.67 Gradient norm:      0.004  
[11:54:59] < General >   Log likelihood (N=14782):  -20040.67 Gradient norm:      0.004  
[11:54:59] < General >   Log likelihood (N=14782):  -20040.67 Gradient norm:      0.004  
[11:54:59] < General >   Log likelihood (N=14782):  -20040.67 Gradient norm:      0.004  
[11:54:59] < General >   Log likelihood (N=14782):  -20040.67 Gradient norm:      0.004  
[11:55:00] < General >   Log likelihood (N=14782):  -20040.67 Gradient norm:      0.004  
[11:55:00] < General >   Log likelihood (N=14782):  -20040.67 Gradient norm:      0.004  
[11:55:00] < General >   Log likelihood (N=14782):  -20040.67 Gradient norm:      0.004  
[11:55:00] < General >   Log likelihood (N=14782):  -20040.67 Gradient norm:        0.2  
[11:55:01] < General >   Log likelihood (N=14782):  -20040.67 Gradient norm:      0.001  
[11:55:01] < General >   Log likelihood (N=14782):  -20040.67 Gradient norm:      0.004  
[11:55:01] < General >   Log likelihood (N=14782):  -20040.67 Gradient norm:      0.004  
[11:55:02] < General >   Log likelihood (N=14782):  -20040.67 Gradient norm:      0.004  
[11:55:02] < General >   Log likelihood (N=14782):  -20040.67 Gradient norm:      0.004  
[11:55:02] < General >   Log likelihood (N=14782):  -20040.67 Gradient norm:      0.004  
[11:55:02] < General >   Log likelihood (N=14782):  -20040.67 Gradient norm:      0.004  
[11:55:03] < General >   Log likelihood (N=14782):  -20040.67 Gradient norm:      0.004  
[11:55:03] < General >   Log likelihood (N=14782):  -20040.67 Gradient norm:      0.004  
[11:55:03] < General >   Log likelihood (N=14782):  -20040.67 Gradient norm:      0.004  
[11:55:03] < General >   Log likelihood (N=14782):  -20040.67 Gradient norm:      0.004  
[11:55:04] < General >   Log likelihood (N=14782):  -20040.67 Gradient norm:      0.004  
[11:55:04] < General >   Log likelihood (N=14782):  -20040.67 Gradient norm:      0.004  
[11:55:04] < General >   Log likelihood (N=14782):  -20040.67 Gradient norm:      0.004  
[11:55:05] < General >   Log likelihood (N=14782):  -20040.67 Gradient norm:      0.004  
[11:55:05] < General >   Log likelihood (N=14782):  -20040.67 Gradient norm:      0.004  
[11:55:05] < General >   Log likelihood (N=14782):  -20040.67 Gradient norm:      0.004  
[11:55:05] < General >   Log likelihood (N=14782):  -20040.67 Gradient norm:      0.004  
[11:55:06] < General >   Log likelihood (N=14782):  -20040.67 Gradient norm:      0.004  
[11:55:06] < General >   Log likelihood (N=14782):  -20040.67 Gradient norm:      0.004 Hessian norm:       1e+06 BHHH norm:       9e+05
[11:55:06] < General >   Results saved in file SMTO_2015_Logit_Campus_Choice~05.html
[11:55:06] < General >   Results saved in file SMTO_2015_Logit_Campus_Choice~05.pickle
[11:55:06] < General >   Log file created: SMTO_2015_Logit_Campus_Choice~05.log
