*** File created 2020-07-21 12:48:14.740057 ***
*** Log file from biogeme 3.2.5 [2020-07-21]
[12:47:54] < General >   Remove 69 unused variables from the database as only 16 are used.
[12:47:55] < General >   Log likelihood (N=14782):  -53229.21
[12:47:55] < General >   Minimize with tol 1e-07
[12:47:56] < General >   Log likelihood (N=14782):  -53229.21 Gradient norm:      1e+05  
[12:47:56] < General >   Log likelihood (N=14782):  -180772.7 Gradient norm:      3e+05  
[12:47:56] < General >   Log likelihood (N=14782):  -31401.29 Gradient norm:      8e+04  
[12:47:56] < General >   Log likelihood (N=14782):  -124723.7 Gradient norm:      3e+05  
[12:47:56] < General >   Log likelihood (N=14782):  -26353.58 Gradient norm:      3e+04  
[12:47:57] < General >   Log likelihood (N=14782):  -25867.87 Gradient norm:      1e+04  
[12:47:57] < General >   Log likelihood (N=14782):  -25759.66 Gradient norm:      9e+03  
[12:47:57] < General >   Log likelihood (N=14782):  -25393.99 Gradient norm:      1e+04  
[12:47:57] < General >   Log likelihood (N=14782):  -25002.58 Gradient norm:      1e+04  
[12:47:58] < General >   Log likelihood (N=14782):  -24795.93 Gradient norm:      6e+03  
[12:47:58] < General >   Log likelihood (N=14782):  -24635.85 Gradient norm:      8e+03  
[12:47:58] < General >   Log likelihood (N=14782):  -24479.16 Gradient norm:      2e+04  
[12:47:58] < General >   Log likelihood (N=14782):  -24085.04 Gradient norm:      3e+04  
[12:47:59] < General >   Log likelihood (N=14782):  -23248.71 Gradient norm:      4e+04  
[12:47:59] < General >   Log likelihood (N=14782):  -21855.95 Gradient norm:      5e+04  
[12:47:59] < General >   Log likelihood (N=14782):  -20560.84 Gradient norm:      3e+04  
[12:47:59] < General >   Log likelihood (N=14782):  -20161.41 Gradient norm:      1e+04  
[12:48:00] < General >   Log likelihood (N=14782):  -20108.53 Gradient norm:      2e+02  
[12:48:00] < General >   Log likelihood (N=14782):  -20108.47 Gradient norm:      2e+02  
[12:48:00] < General >   Log likelihood (N=14782):  -20108.26 Gradient norm:      2e+02  
[12:48:00] < General >   Log likelihood (N=14782):   -20106.6 Gradient norm:      4e+02  
[12:48:01] < General >   Log likelihood (N=14782):  -20104.04 Gradient norm:      7e+02  
[12:48:01] < General >   Log likelihood (N=14782):  -20099.96 Gradient norm:      8e+02  
[12:48:01] < General >   Log likelihood (N=14782):  -20096.49 Gradient norm:      9e+02  
[12:48:01] < General >   Log likelihood (N=14782):  -20191.66 Gradient norm:      8e+03  
[12:48:02] < General >   Log likelihood (N=14782):  -20095.09 Gradient norm:      1e+02  
[12:48:02] < General >   Log likelihood (N=14782):   -20094.1 Gradient norm:      2e+02  
[12:48:02] < General >   Log likelihood (N=14782):  -20093.26 Gradient norm:      3e+02  
[12:48:02] < General >   Log likelihood (N=14782):  -20091.62 Gradient norm:      5e+02  
[12:48:02] < General >   Log likelihood (N=14782):  -20093.21 Gradient norm:      2e+03  
[12:48:03] < General >   Log likelihood (N=14782):  -20091.07 Gradient norm:      3e+02  
[12:48:03] < General >   Log likelihood (N=14782):  -20089.22 Gradient norm:      2e+02  
[12:48:03] < General >   Log likelihood (N=14782):  -20087.89 Gradient norm:      2e+02  
[12:48:03] < General >   Log likelihood (N=14782):   -20087.4 Gradient norm:      7e+01  
[12:48:04] < General >   Log likelihood (N=14782):  -20087.21 Gradient norm:      1e+02  
[12:48:04] < General >   Log likelihood (N=14782):  -20086.91 Gradient norm:      1e+02  
[12:48:04] < General >   Log likelihood (N=14782):  -20086.11 Gradient norm:      2e+02  
[12:48:04] < General >   Log likelihood (N=14782):  -20085.57 Gradient norm:      8e+01  
[12:48:05] < General >   Log likelihood (N=14782):  -20085.91 Gradient norm:      6e+02  
[12:48:05] < General >   Log likelihood (N=14782):  -20085.54 Gradient norm:      2e+02  
[12:48:05] < General >   Log likelihood (N=14782):  -20085.44 Gradient norm:          9  
[12:48:05] < General >   Log likelihood (N=14782):  -20085.44 Gradient norm:          4  
[12:48:05] < General >   Log likelihood (N=14782):  -20085.44 Gradient norm:      1e+01  
[12:48:06] < General >   Log likelihood (N=14782):  -20085.44 Gradient norm:          7  
[12:48:06] < General >   Log likelihood (N=14782):  -20085.44 Gradient norm:          4  
[12:48:06] < General >   Log likelihood (N=14782):  -20085.44 Gradient norm:          9  
[12:48:06] < General >   Log likelihood (N=14782):  -20085.44 Gradient norm:          8  
[12:48:07] < General >   Log likelihood (N=14782):  -20085.47 Gradient norm:      8e+01  
[12:48:07] < General >   Log likelihood (N=14782):  -20085.44 Gradient norm:      1e+01  
[12:48:07] < General >   Log likelihood (N=14782):  -20085.43 Gradient norm:          6  
[12:48:07] < General >   Log likelihood (N=14782):  -20085.43 Gradient norm:          2  
[12:48:07] < General >   Log likelihood (N=14782):  -20085.43 Gradient norm:          6  
[12:48:08] < General >   Log likelihood (N=14782):  -20085.43 Gradient norm:      1e+01  
[12:48:08] < General >   Log likelihood (N=14782):  -20085.43 Gradient norm:          2  
[12:48:08] < General >   Log likelihood (N=14782):  -20085.43 Gradient norm:          1  
[12:48:08] < General >   Log likelihood (N=14782):  -20085.43 Gradient norm:          3  
[12:48:08] < General >   Log likelihood (N=14782):  -20085.43 Gradient norm:          9  
[12:48:09] < General >   Log likelihood (N=14782):  -20085.43 Gradient norm:        0.4  
[12:48:09] < General >   Log likelihood (N=14782):  -20085.43 Gradient norm:        0.5  
[12:48:09] < General >   Log likelihood (N=14782):  -20085.43 Gradient norm:        0.5  
[12:48:09] < General >   Log likelihood (N=14782):  -20085.43 Gradient norm:        0.7  
[12:48:10] < General >   Log likelihood (N=14782):  -20085.43 Gradient norm:        0.3  
[12:48:10] < General >   Log likelihood (N=14782):  -20085.43 Gradient norm:        0.6  
[12:48:10] < General >   Log likelihood (N=14782):  -20085.43 Gradient norm:        0.7  
[12:48:10] < General >   Log likelihood (N=14782):  -20085.43 Gradient norm:        0.4  
[12:48:10] < General >   Log likelihood (N=14782):  -20085.43 Gradient norm:          4  
[12:48:11] < General >   Log likelihood (N=14782):  -20085.43 Gradient norm:        0.9  
[12:48:11] < General >   Log likelihood (N=14782):  -20085.43 Gradient norm:        0.2  
[12:48:11] < General >   Log likelihood (N=14782):  -20085.43 Gradient norm:       0.06  
[12:48:11] < General >   Log likelihood (N=14782):  -20085.43 Gradient norm:        0.3  
[12:48:12] < General >   Log likelihood (N=14782):  -20085.43 Gradient norm:       0.03  
[12:48:12] < General >   Log likelihood (N=14782):  -20085.43 Gradient norm:       0.07  
[12:48:12] < General >   Log likelihood (N=14782):  -20085.43 Gradient norm:       0.07  
[12:48:12] < General >   Log likelihood (N=14782):  -20085.43 Gradient norm:        0.3  
[12:48:12] < General >   Log likelihood (N=14782):  -20085.43 Gradient norm:       0.05  
[12:48:13] < General >   Log likelihood (N=14782):  -20085.43 Gradient norm:       0.06  
[12:48:13] < General >   Log likelihood (N=14782):  -20085.43 Gradient norm:        0.2  
[12:48:13] < General >   Log likelihood (N=14782):  -20085.43 Gradient norm:       0.03  
[12:48:13] < General >   Log likelihood (N=14782):  -20085.43 Gradient norm:      0.009  
[12:48:14] < General >   Log likelihood (N=14782):  -20085.43 Gradient norm:      0.006  
[12:48:14] < General >   Log likelihood (N=14782):  -20085.43 Gradient norm:     0.0009  
[12:48:14] < General >   Log likelihood (N=14782):  -20085.43 Gradient norm:     0.0009 Hessian norm:       1e+06 BHHH norm:       9e+05
[12:48:14] < General >   Results saved in file SMTO_2015_Logit_Campus_Choice~06.html
[12:48:14] < General >   Results saved in file SMTO_2015_Logit_Campus_Choice~06.pickle
[12:48:14] < General >   Log file created: SMTO_2015_Logit_Campus_Choice~06.log
