*** File created 2020-07-21 12:52:29.741787 ***
*** Log file from biogeme 3.2.5 [2020-07-21]
[12:52:08] < General >   Remove 69 unused variables from the database as only 16 are used.
[12:52:09] < General >   Log likelihood (N=14782):  -53229.21
[12:52:09] < General >   Minimize with tol 1e-07
[12:52:10] < General >   Log likelihood (N=14782):  -53229.21 Gradient norm:      1e+05  
[12:52:10] < General >   Log likelihood (N=14782):  -180772.7 Gradient norm:      3e+05  
[12:52:10] < General >   Log likelihood (N=14782):  -31401.29 Gradient norm:      8e+04  
[12:52:10] < General >   Log likelihood (N=14782):  -124723.7 Gradient norm:      3e+05  
[12:52:10] < General >   Log likelihood (N=14782):  -26353.58 Gradient norm:      3e+04  
[12:52:11] < General >   Log likelihood (N=14782):  -25867.87 Gradient norm:      1e+04  
[12:52:11] < General >   Log likelihood (N=14782):  -25759.66 Gradient norm:      9e+03  
[12:52:11] < General >   Log likelihood (N=14782):  -25393.99 Gradient norm:      1e+04  
[12:52:11] < General >   Log likelihood (N=14782):  -25002.58 Gradient norm:      1e+04  
[12:52:12] < General >   Log likelihood (N=14782):  -24795.93 Gradient norm:      6e+03  
[12:52:12] < General >   Log likelihood (N=14782):  -24635.85 Gradient norm:      8e+03  
[12:52:12] < General >   Log likelihood (N=14782):  -24479.16 Gradient norm:      2e+04  
[12:52:12] < General >   Log likelihood (N=14782):  -24085.04 Gradient norm:      3e+04  
[12:52:12] < General >   Log likelihood (N=14782):  -23248.71 Gradient norm:      4e+04  
[12:52:13] < General >   Log likelihood (N=14782):  -21855.95 Gradient norm:      5e+04  
[12:52:13] < General >   Log likelihood (N=14782):  -20560.84 Gradient norm:      3e+04  
[12:52:13] < General >   Log likelihood (N=14782):  -20161.41 Gradient norm:      1e+04  
[12:52:13] < General >   Log likelihood (N=14782):  -20108.53 Gradient norm:      2e+02  
[12:52:14] < General >   Log likelihood (N=14782):  -20108.47 Gradient norm:      2e+02  
[12:52:14] < General >   Log likelihood (N=14782):  -20108.26 Gradient norm:      2e+02  
[12:52:14] < General >   Log likelihood (N=14782):   -20106.6 Gradient norm:      4e+02  
[12:52:14] < General >   Log likelihood (N=14782):  -20104.04 Gradient norm:      7e+02  
[12:52:15] < General >   Log likelihood (N=14782):  -20099.96 Gradient norm:      8e+02  
[12:52:15] < General >   Log likelihood (N=14782):  -20096.49 Gradient norm:      9e+02  
[12:52:15] < General >   Log likelihood (N=14782):  -20191.66 Gradient norm:      8e+03  
[12:52:15] < General >   Log likelihood (N=14782):  -20095.09 Gradient norm:      1e+02  
[12:52:16] < General >   Log likelihood (N=14782):   -20094.1 Gradient norm:      2e+02  
[12:52:16] < General >   Log likelihood (N=14782):  -20093.26 Gradient norm:      3e+02  
[12:52:16] < General >   Log likelihood (N=14782):  -20091.62 Gradient norm:      5e+02  
[12:52:16] < General >   Log likelihood (N=14782):  -20093.21 Gradient norm:      2e+03  
[12:52:16] < General >   Log likelihood (N=14782):  -20091.07 Gradient norm:      3e+02  
[12:52:17] < General >   Log likelihood (N=14782):  -20089.22 Gradient norm:      2e+02  
[12:52:17] < General >   Log likelihood (N=14782):  -20087.89 Gradient norm:      2e+02  
[12:52:17] < General >   Log likelihood (N=14782):   -20087.4 Gradient norm:      7e+01  
[12:52:17] < General >   Log likelihood (N=14782):  -20087.21 Gradient norm:      1e+02  
[12:52:17] < General >   Log likelihood (N=14782):  -20086.91 Gradient norm:      1e+02  
[12:52:18] < General >   Log likelihood (N=14782):  -20086.11 Gradient norm:      2e+02  
[12:52:18] < General >   Log likelihood (N=14782):  -20085.57 Gradient norm:      8e+01  
[12:52:18] < General >   Log likelihood (N=14782):  -20085.91 Gradient norm:      6e+02  
[12:52:18] < General >   Log likelihood (N=14782):  -20085.54 Gradient norm:      2e+02  
[12:52:19] < General >   Log likelihood (N=14782):  -20085.44 Gradient norm:          9  
[12:52:19] < General >   Log likelihood (N=14782):  -20085.44 Gradient norm:          4  
[12:52:19] < General >   Log likelihood (N=14782):  -20085.44 Gradient norm:      1e+01  
[12:52:19] < General >   Log likelihood (N=14782):  -20085.44 Gradient norm:          7  
[12:52:20] < General >   Log likelihood (N=14782):  -20085.44 Gradient norm:          4  
[12:52:20] < General >   Log likelihood (N=14782):  -20085.44 Gradient norm:          9  
[12:52:20] < General >   Log likelihood (N=14782):  -20085.44 Gradient norm:          8  
[12:52:21] < General >   Log likelihood (N=14782):  -20085.47 Gradient norm:      8e+01  
[12:52:21] < General >   Log likelihood (N=14782):  -20085.44 Gradient norm:      1e+01  
[12:52:21] < General >   Log likelihood (N=14782):  -20085.43 Gradient norm:          6  
[12:52:21] < General >   Log likelihood (N=14782):  -20085.43 Gradient norm:          2  
[12:52:22] < General >   Log likelihood (N=14782):  -20085.43 Gradient norm:          6  
[12:52:22] < General >   Log likelihood (N=14782):  -20085.43 Gradient norm:      1e+01  
[12:52:22] < General >   Log likelihood (N=14782):  -20085.43 Gradient norm:          2  
[12:52:22] < General >   Log likelihood (N=14782):  -20085.43 Gradient norm:          1  
[12:52:23] < General >   Log likelihood (N=14782):  -20085.43 Gradient norm:          3  
[12:52:23] < General >   Log likelihood (N=14782):  -20085.43 Gradient norm:          9  
[12:52:23] < General >   Log likelihood (N=14782):  -20085.43 Gradient norm:        0.4  
[12:52:24] < General >   Log likelihood (N=14782):  -20085.43 Gradient norm:        0.5  
[12:52:24] < General >   Log likelihood (N=14782):  -20085.43 Gradient norm:        0.5  
[12:52:24] < General >   Log likelihood (N=14782):  -20085.43 Gradient norm:        0.7  
[12:52:24] < General >   Log likelihood (N=14782):  -20085.43 Gradient norm:        0.3  
[12:52:24] < General >   Log likelihood (N=14782):  -20085.43 Gradient norm:        0.6  
[12:52:25] < General >   Log likelihood (N=14782):  -20085.43 Gradient norm:        0.7  
[12:52:25] < General >   Log likelihood (N=14782):  -20085.43 Gradient norm:        0.4  
[12:52:25] < General >   Log likelihood (N=14782):  -20085.43 Gradient norm:          4  
[12:52:25] < General >   Log likelihood (N=14782):  -20085.43 Gradient norm:        0.9  
[12:52:26] < General >   Log likelihood (N=14782):  -20085.43 Gradient norm:        0.2  
[12:52:26] < General >   Log likelihood (N=14782):  -20085.43 Gradient norm:       0.06  
[12:52:26] < General >   Log likelihood (N=14782):  -20085.43 Gradient norm:        0.3  
[12:52:26] < General >   Log likelihood (N=14782):  -20085.43 Gradient norm:       0.03  
[12:52:27] < General >   Log likelihood (N=14782):  -20085.43 Gradient norm:       0.07  
[12:52:27] < General >   Log likelihood (N=14782):  -20085.43 Gradient norm:       0.07  
[12:52:27] < General >   Log likelihood (N=14782):  -20085.43 Gradient norm:        0.3  
[12:52:27] < General >   Log likelihood (N=14782):  -20085.43 Gradient norm:       0.05  
[12:52:28] < General >   Log likelihood (N=14782):  -20085.43 Gradient norm:       0.06  
[12:52:28] < General >   Log likelihood (N=14782):  -20085.43 Gradient norm:        0.2  
[12:52:28] < General >   Log likelihood (N=14782):  -20085.43 Gradient norm:       0.03  
[12:52:28] < General >   Log likelihood (N=14782):  -20085.43 Gradient norm:      0.009  
[12:52:28] < General >   Log likelihood (N=14782):  -20085.43 Gradient norm:      0.006  
[12:52:29] < General >   Log likelihood (N=14782):  -20085.43 Gradient norm:     0.0009  
[12:52:29] < General >   Log likelihood (N=14782):  -20085.43 Gradient norm:     0.0009 Hessian norm:       1e+06 BHHH norm:       9e+05
[12:52:29] < General >   Results saved in file SMTO_2015_Logit_Campus_Choice~07.html
[12:52:29] < General >   Results saved in file SMTO_2015_Logit_Campus_Choice~07.pickle
[12:52:29] < General >   Log file created: SMTO_2015_Logit_Campus_Choice~07.log
