*** File created 2020-07-21 11:05:38.239483 ***
*** Log file from biogeme 3.2.5 [2020-07-21]
[10:04:58] < Warning >   Column Campus in the database does contain object
Column Level in the database does contain object
Column Status in the database does contain object
Column Mode_Actual in the database does contain object
Column Gender in the database does contain object
Column Work in the database does contain object
Column Income in the database does contain object
Column Mode in the database does contain object
Column School_Codes in the database does contain object
[10:10:09] < Warning >   Column School in the database does contain object
[11:05:29] < General >   Remove 15 unused variables from the database as only 16 are used.
[11:05:30] < General >   Log likelihood (N=14782):  -23130.84
[11:05:30] < General >   Minimize with tol 1e-07
[11:05:30] < General >   Log likelihood (N=14782):  -23130.84 Gradient norm:      6e+04  
[11:05:30] < General >   Log likelihood (N=14782):  -93041.63 Gradient norm:      9e+04  
[11:05:30] < General >   Log likelihood (N=14782):  -21696.16 Gradient norm:      4e+04  
[11:05:31] < General >   Log likelihood (N=14782):  -20523.47 Gradient norm:      6e+03  
[11:05:31] < General >   Log likelihood (N=14782):  -20500.63 Gradient norm:      1e+03  
[11:05:31] < General >   Log likelihood (N=14782):  -20499.57 Gradient norm:      7e+02  
[11:05:31] < General >   Log likelihood (N=14782):  -20498.27 Gradient norm:      8e+02  
[11:05:31] < General >   Log likelihood (N=14782):  -20493.45 Gradient norm:      2e+03  
[11:05:31] < General >   Log likelihood (N=14782):  -20483.82 Gradient norm:      3e+03  
[11:05:31] < General >   Log likelihood (N=14782):  -20465.03 Gradient norm:      4e+03  
[11:05:31] < General >   Log likelihood (N=14782):  -20443.44 Gradient norm:      4e+03  
[11:05:31] < General >   Log likelihood (N=14782):  -20429.44 Gradient norm:      2e+03  
[11:05:31] < General >   Log likelihood (N=14782):  -20425.24 Gradient norm:      4e+02  
[11:05:32] < General >   Log likelihood (N=14782):  -20424.35 Gradient norm:      9e+02  
[11:05:32] < General >   Log likelihood (N=14782):  -20422.89 Gradient norm:      1e+03  
[11:05:32] < General >   Log likelihood (N=14782):  -20419.66 Gradient norm:      2e+03  
[11:05:32] < General >   Log likelihood (N=14782):  -20413.22 Gradient norm:      2e+03  
[11:05:32] < General >   Log likelihood (N=14782):  -20404.62 Gradient norm:      2e+03  
[11:05:32] < General >   Log likelihood (N=14782):  -20398.05 Gradient norm:      7e+02  
[11:05:32] < General >   Log likelihood (N=14782):  -20394.71 Gradient norm:      5e+02  
[11:05:32] < General >   Log likelihood (N=14782):  -20393.56 Gradient norm:      9e+02  
[11:05:32] < General >   Log likelihood (N=14782):  -20391.61 Gradient norm:      1e+03  
[11:05:32] < General >   Log likelihood (N=14782):  -20389.07 Gradient norm:      1e+03  
[11:05:33] < General >   Log likelihood (N=14782):  -20694.25 Gradient norm:      1e+04  
[11:05:33] < General >   Log likelihood (N=14782):  -20388.66 Gradient norm:      9e+02  
[11:05:33] < General >   Log likelihood (N=14782):  -20386.84 Gradient norm:      4e+02  
[11:05:33] < General >   Log likelihood (N=14782):  -20386.43 Gradient norm:      9e+01  
[11:05:33] < General >   Log likelihood (N=14782):  -20386.37 Gradient norm:      9e+01  
[11:05:33] < General >   Log likelihood (N=14782):  -20386.33 Gradient norm:      1e+02  
[11:05:33] < General >   Log likelihood (N=14782):  -20386.17 Gradient norm:      2e+02  
[11:05:33] < General >   Log likelihood (N=14782):  -20385.81 Gradient norm:      3e+02  
[11:05:33] < General >   Log likelihood (N=14782):  -20384.98 Gradient norm:      4e+02  
[11:05:34] < General >   Log likelihood (N=14782):  -20384.94 Gradient norm:      1e+03  
[11:05:34] < General >   Log likelihood (N=14782):  -20384.43 Gradient norm:      7e+02  
[11:05:34] < General >   Log likelihood (N=14782):  -20382.93 Gradient norm:      6e+02  
[11:05:34] < General >   Log likelihood (N=14782):  -20381.41 Gradient norm:      1e+02  
[11:05:34] < General >   Log likelihood (N=14782):  -20380.91 Gradient norm:      2e+02  
[11:05:34] < General >   Log likelihood (N=14782):  -20380.81 Gradient norm:      2e+02  
[11:05:34] < General >   Log likelihood (N=14782):  -20391.27 Gradient norm:      4e+03  
[11:05:34] < General >   Log likelihood (N=14782):  -20380.64 Gradient norm:      6e+02  
[11:05:34] < General >   Log likelihood (N=14782):  -20379.85 Gradient norm:      5e+02  
[11:05:35] < General >   Log likelihood (N=14782):  -20377.79 Gradient norm:      3e+02  
[11:05:35] < General >   Log likelihood (N=14782):  -20374.67 Gradient norm:      1e+02  
[11:05:35] < General >   Log likelihood (N=14782):  -20371.67 Gradient norm:      2e+02  
[11:05:35] < General >   Log likelihood (N=14782):  -20370.16 Gradient norm:      1e+02  
[11:05:35] < General >   Log likelihood (N=14782):  -20369.49 Gradient norm:      5e+01  
[11:05:35] < General >   Log likelihood (N=14782):   -20371.8 Gradient norm:      6e+02  
[11:05:35] < General >   Log likelihood (N=14782):  -20369.42 Gradient norm:      6e+01  
[11:05:35] < General >   Log likelihood (N=14782):  -20369.22 Gradient norm:      4e+01  
[11:05:35] < General >   Log likelihood (N=14782):  -20369.09 Gradient norm:      2e+01  
[11:05:36] < General >   Log likelihood (N=14782):  -20369.05 Gradient norm:      2e+01  
[11:05:36] < General >   Log likelihood (N=14782):  -20369.04 Gradient norm:      7e+01  
[11:05:36] < General >   Log likelihood (N=14782):  -20369.04 Gradient norm:      5e+01  
[11:05:36] < General >   Log likelihood (N=14782):  -20369.04 Gradient norm:          2  
[11:05:36] < General >   Log likelihood (N=14782):  -20369.04 Gradient norm:          2  
[11:05:36] < General >   Log likelihood (N=14782):  -20369.04 Gradient norm:          2  
[11:05:36] < General >   Log likelihood (N=14782):  -20369.04 Gradient norm:          3  
[11:05:36] < General >   Log likelihood (N=14782):  -20369.04 Gradient norm:        0.9  
[11:05:36] < General >   Log likelihood (N=14782):  -20369.04 Gradient norm:          2  
[11:05:36] < General >   Log likelihood (N=14782):  -20369.04 Gradient norm:          1  
[11:05:37] < General >   Log likelihood (N=14782):  -20369.04 Gradient norm:        0.3  
[11:05:37] < General >   Log likelihood (N=14782):  -20369.04 Gradient norm:      0.003  
[11:05:37] < General >   Log likelihood (N=14782):  -20369.04 Gradient norm:      0.003  
[11:05:37] < General >   Log likelihood (N=14782):  -20369.04 Gradient norm:      0.003  
[11:05:37] < General >   Log likelihood (N=14782):  -20369.04 Gradient norm:      0.003  
[11:05:37] < General >   Log likelihood (N=14782):  -20369.04 Gradient norm:      0.003  
[11:05:37] < General >   Log likelihood (N=14782):  -20369.04 Gradient norm:       0.02  
[11:05:37] < General >   Log likelihood (N=14782):  -20369.04 Gradient norm:       0.01  
[11:05:37] < General >   Log likelihood (N=14782):  -20369.04 Gradient norm:     0.0002  
[11:05:38] < General >   Log likelihood (N=14782):  -20369.04 Gradient norm:     0.0002 Hessian norm:       7e+05 BHHH norm:       6e+05
[11:05:38] < General >   Results saved in file SMTO_2015_Logit_Campus_Choice.html
[11:05:38] < General >   Results saved in file SMTO_2015_Logit_Campus_Choice.pickle
[11:05:38] < General >   Log file created: SMTO_2015_Logit_Campus_Choice.log
