*** File created 2020-07-21 11:41:08.979327 ***
*** Log file from biogeme 3.2.5 [2020-07-21]
[11:40:47] < General >   Remove 70 unused variables from the database as only 15 are used.
[11:40:48] < General >   Log likelihood (N=14782):   -28920.6
[11:40:48] < General >   Minimize with tol 1e-07
[11:40:48] < General >   Log likelihood (N=14782):   -28920.6 Gradient norm:      4e+04  
[11:40:48] < General >   Log likelihood (N=14782):  -178785.3 Gradient norm:      2e+05  
[11:40:48] < General >   Log likelihood (N=14782):  -28517.58 Gradient norm:      3e+04  
[11:40:48] < General >   Log likelihood (N=14782):  -28229.32 Gradient norm:      9e+03  
[11:40:48] < General >   Log likelihood (N=14782):  -28141.05 Gradient norm:      9e+03  
[11:40:49] < General >   Log likelihood (N=14782):  -27403.12 Gradient norm:      2e+04  
[11:40:49] < General >   Log likelihood (N=14782):  -26679.41 Gradient norm:      3e+04  
[11:40:49] < General >   Log likelihood (N=14782):  -25881.43 Gradient norm:      2e+04  
[11:40:49] < General >   Log likelihood (N=14782):  -25459.24 Gradient norm:      6e+03  
[11:40:49] < General >   Log likelihood (N=14782):  -25322.88 Gradient norm:      7e+03  
[11:40:50] < General >   Log likelihood (N=14782):  -25248.39 Gradient norm:      1e+04  
[11:40:50] < General >   Log likelihood (N=14782):  -25005.08 Gradient norm:      2e+04  
[11:40:50] < General >   Log likelihood (N=14782):  -24593.86 Gradient norm:      3e+04  
[11:40:50] < General >   Log likelihood (N=14782):   -23984.7 Gradient norm:      3e+04  
[11:40:50] < General >   Log likelihood (N=14782):  -23587.76 Gradient norm:      1e+04  
[11:40:50] < General >   Log likelihood (N=14782):  -23438.95 Gradient norm:      9e+02  
[11:40:50] < General >   Log likelihood (N=14782):  -23408.88 Gradient norm:      4e+02  
[11:40:51] < General >   Log likelihood (N=14782):  -23437.64 Gradient norm:      9e+03  
[11:40:51] < General >   Log likelihood (N=14782):  -23406.65 Gradient norm:      2e+03  
[11:40:51] < General >   Log likelihood (N=14782):  -23403.21 Gradient norm:      2e+03  
[11:40:51] < General >   Log likelihood (N=14782):  -23392.15 Gradient norm:      3e+03  
[11:40:51] < General >   Log likelihood (N=14782):  -23370.81 Gradient norm:      4e+03  
[11:40:51] < General >   Log likelihood (N=14782):  -23332.53 Gradient norm:      4e+03  
[11:40:52] < General >   Log likelihood (N=14782):  -23316.48 Gradient norm:      2e+03  
[11:40:52] < General >   Log likelihood (N=14782):  -23270.97 Gradient norm:      4e+02  
[11:40:52] < General >   Log likelihood (N=14782):  -23261.45 Gradient norm:      4e+02  
[11:40:52] < General >   Log likelihood (N=14782):   -23247.1 Gradient norm:      2e+02  
[11:40:52] < General >   Log likelihood (N=14782):  -23235.88 Gradient norm:      6e+02  
[11:40:52] < General >   Log likelihood (N=14782):  -23224.31 Gradient norm:      2e+02  
[11:40:53] < General >   Log likelihood (N=14782):  -23240.35 Gradient norm:      6e+03  
[11:40:53] < General >   Log likelihood (N=14782):  -23224.14 Gradient norm:      5e+02  
[11:40:53] < General >   Log likelihood (N=14782):  -23222.47 Gradient norm:      2e+02  
[11:40:53] < General >   Log likelihood (N=14782):  -23221.22 Gradient norm:      2e+02  
[11:40:53] < General >   Log likelihood (N=14782):  -23220.35 Gradient norm:      3e+02  
[11:40:54] < General >   Log likelihood (N=14782):  -23219.36 Gradient norm:      2e+02  
[11:40:54] < General >   Log likelihood (N=14782):  -23218.48 Gradient norm:      2e+02  
[11:40:54] < General >   Log likelihood (N=14782):   -23983.1 Gradient norm:      2e+04  
[11:40:54] < General >   Log likelihood (N=14782):  -23218.23 Gradient norm:      2e+02  
[11:40:54] < General >   Log likelihood (N=14782):  -23217.45 Gradient norm:      2e+02  
[11:40:54] < General >   Log likelihood (N=14782):  -23216.66 Gradient norm:      1e+02  
[11:40:54] < General >   Log likelihood (N=14782):   -23216.1 Gradient norm:      4e+01  
[11:40:55] < General >   Log likelihood (N=14782):  -23216.07 Gradient norm:          9  
[11:40:55] < General >   Log likelihood (N=14782):  -23216.07 Gradient norm:      6e+01  
[11:40:55] < General >   Log likelihood (N=14782):  -23216.07 Gradient norm:      2e+01  
[11:40:55] < General >   Log likelihood (N=14782):  -23216.07 Gradient norm:          2  
[11:40:55] < General >   Log likelihood (N=14782):  -23216.07 Gradient norm:          3  
[11:40:55] < General >   Log likelihood (N=14782):  -23216.07 Gradient norm:          7  
[11:40:55] < General >   Log likelihood (N=14782):  -23216.07 Gradient norm:          5  
[11:40:56] < General >   Log likelihood (N=14782):  -23216.07 Gradient norm:      2e+01  
[11:40:56] < General >   Log likelihood (N=14782):  -23216.07 Gradient norm:          6  
[11:40:56] < General >   Log likelihood (N=14782):  -23216.07 Gradient norm:          1  
[11:40:56] < General >   Log likelihood (N=14782):  -23216.07 Gradient norm:        0.7  
[11:40:56] < General >   Log likelihood (N=14782):  -23216.07 Gradient norm:          1  
[11:40:56] < General >   Log likelihood (N=14782):  -23216.07 Gradient norm:          3  
[11:40:57] < General >   Log likelihood (N=14782):  -23216.07 Gradient norm:          3  
[11:40:57] < General >   Log likelihood (N=14782):  -23216.07 Gradient norm:          2  
[11:40:57] < General >   Log likelihood (N=14782):  -23216.07 Gradient norm:        0.9  
[11:40:57] < General >   Log likelihood (N=14782):  -23216.07 Gradient norm:       0.08  
[11:40:57] < General >   Log likelihood (N=14782):  -23216.07 Gradient norm:       0.08  
[11:40:57] < General >   Log likelihood (N=14782):  -23216.07 Gradient norm:       0.07  
[11:40:57] < General >   Log likelihood (N=14782):  -23216.07 Gradient norm:        0.6  
[11:40:58] < General >   Log likelihood (N=14782):  -23216.07 Gradient norm:       0.08  
[11:40:58] < General >   Log likelihood (N=14782):  -23216.07 Gradient norm:       0.08  
[11:40:58] < General >   Log likelihood (N=14782):  -23216.07 Gradient norm:       0.07  
[11:40:58] < General >   Log likelihood (N=14782):  -23216.07 Gradient norm:        0.1  
[11:40:58] < General >   Log likelihood (N=14782):  -23216.07 Gradient norm:       0.01  
[11:40:58] < General >   Log likelihood (N=14782):  -23216.07 Gradient norm:      0.007  
[11:40:58] < General >   Log likelihood (N=14782):  -23216.07 Gradient norm:      0.002  
[11:40:58] < General >   Log likelihood (N=14782):  -23216.07 Gradient norm:     0.0006  
[11:40:59] < General >   Log likelihood (N=14782):  -23216.07 Gradient norm:      0.002  
[11:40:59] < General >   Log likelihood (N=14782):  -23216.07 Gradient norm:      0.002  
[11:40:59] < General >   Log likelihood (N=14782):  -23216.07 Gradient norm:      0.002  
[11:40:59] < General >   Log likelihood (N=14782):  -23216.07 Gradient norm:      0.002  
[11:40:59] < General >   Log likelihood (N=14782):  -23216.07 Gradient norm:      0.002  
[11:40:59] < General >   Log likelihood (N=14782):  -23216.07 Gradient norm:      0.002  
[11:41:00] < General >   Log likelihood (N=14782):  -23216.07 Gradient norm:      0.002  
[11:41:00] < General >   Log likelihood (N=14782):  -23216.07 Gradient norm:      0.002  
[11:41:00] < General >   Log likelihood (N=14782):  -23216.07 Gradient norm:      0.003  
[11:41:00] < General >   Log likelihood (N=14782):  -23216.07 Gradient norm:      0.002  
[11:41:00] < General >   Log likelihood (N=14782):  -23216.07 Gradient norm:      0.002  
[11:41:00] < General >   Log likelihood (N=14782):  -23216.07 Gradient norm:      0.002  
[11:41:00] < General >   Log likelihood (N=14782):  -23216.07 Gradient norm:      0.002  
[11:41:01] < General >   Log likelihood (N=14782):  -23216.07 Gradient norm:      0.002  
[11:41:01] < General >   Log likelihood (N=14782):  -23216.07 Gradient norm:      0.002  
[11:41:01] < General >   Log likelihood (N=14782):  -23216.07 Gradient norm:      0.002  
[11:41:01] < General >   Log likelihood (N=14782):  -23216.07 Gradient norm:      0.002  
[11:41:01] < General >   Log likelihood (N=14782):  -23216.07 Gradient norm:      0.002  
[11:41:01] < General >   Log likelihood (N=14782):  -23216.07 Gradient norm:      0.002  
[11:41:01] < General >   Log likelihood (N=14782):  -23216.07 Gradient norm:      0.002  
[11:41:02] < General >   Log likelihood (N=14782):  -23216.07 Gradient norm:      0.002  
[11:41:02] < General >   Log likelihood (N=14782):  -23216.07 Gradient norm:      0.002  
[11:41:02] < General >   Log likelihood (N=14782):  -23216.07 Gradient norm:      0.002  
[11:41:02] < General >   Log likelihood (N=14782):  -23216.07 Gradient norm:      0.002  
[11:41:02] < General >   Log likelihood (N=14782):  -23216.07 Gradient norm:     0.0003  
[11:41:02] < General >   Log likelihood (N=14782):  -23216.07 Gradient norm:      0.002  
[11:41:02] < General >   Log likelihood (N=14782):  -23216.07 Gradient norm:      0.002  
[11:41:03] < General >   Log likelihood (N=14782):  -23216.07 Gradient norm:      0.002  
[11:41:03] < General >   Log likelihood (N=14782):  -23216.07 Gradient norm:      0.002  
[11:41:03] < General >   Log likelihood (N=14782):  -23216.07 Gradient norm:      0.002  
[11:41:03] < General >   Log likelihood (N=14782):  -23216.07 Gradient norm:      0.002  
[11:41:03] < General >   Log likelihood (N=14782):  -23216.07 Gradient norm:      0.002  
[11:41:03] < General >   Log likelihood (N=14782):  -23216.07 Gradient norm:      0.002  
[11:41:03] < General >   Log likelihood (N=14782):  -23216.07 Gradient norm:      0.002  
[11:41:04] < General >   Log likelihood (N=14782):  -23216.07 Gradient norm:      0.002  
[11:41:04] < General >   Log likelihood (N=14782):  -23216.07 Gradient norm:      0.002  
[11:41:04] < General >   Log likelihood (N=14782):  -23216.07 Gradient norm:      0.002  
[11:41:04] < General >   Log likelihood (N=14782):  -23216.07 Gradient norm:      0.002  
[11:41:04] < General >   Log likelihood (N=14782):  -23216.07 Gradient norm:      0.002  
[11:41:04] < General >   Log likelihood (N=14782):  -23216.07 Gradient norm:      0.002  
[11:41:04] < General >   Log likelihood (N=14782):  -23216.07 Gradient norm:      0.002  
[11:41:05] < General >   Log likelihood (N=14782):  -23216.07 Gradient norm:      0.002  
[11:41:05] < General >   Log likelihood (N=14782):  -23216.07 Gradient norm:      0.002  
[11:41:05] < General >   Log likelihood (N=14782):  -23216.07 Gradient norm:      0.002  
[11:41:05] < General >   Log likelihood (N=14782):  -23216.07 Gradient norm:        0.1  
[11:41:05] < General >   Log likelihood (N=14782):  -23216.07 Gradient norm:     0.0006  
[11:41:05] < General >   Log likelihood (N=14782):  -23216.07 Gradient norm:      0.002  
[11:41:06] < General >   Log likelihood (N=14782):  -23216.07 Gradient norm:      0.002  
[11:41:06] < General >   Log likelihood (N=14782):  -23216.07 Gradient norm:      0.002  
[11:41:06] < General >   Log likelihood (N=14782):  -23216.07 Gradient norm:      0.002  
[11:41:06] < General >   Log likelihood (N=14782):  -23216.07 Gradient norm:      0.002  
[11:41:06] < General >   Log likelihood (N=14782):  -23216.07 Gradient norm:      0.002  
[11:41:06] < General >   Log likelihood (N=14782):  -23216.07 Gradient norm:      0.002  
[11:41:07] < General >   Log likelihood (N=14782):  -23216.07 Gradient norm:      0.002  
[11:41:07] < General >   Log likelihood (N=14782):  -23216.07 Gradient norm:      0.002  
[11:41:07] < General >   Log likelihood (N=14782):  -23216.07 Gradient norm:      0.002  
[11:41:07] < General >   Log likelihood (N=14782):  -23216.07 Gradient norm:      0.002  
[11:41:07] < General >   Log likelihood (N=14782):  -23216.07 Gradient norm:      0.002  
[11:41:07] < General >   Log likelihood (N=14782):  -23216.07 Gradient norm:      0.002  
[11:41:07] < General >   Log likelihood (N=14782):  -23216.07 Gradient norm:      0.002  
[11:41:08] < General >   Log likelihood (N=14782):  -23216.07 Gradient norm:      0.002  
[11:41:08] < General >   Log likelihood (N=14782):  -23216.07 Gradient norm:      0.002  
[11:41:08] < General >   Log likelihood (N=14782):  -23216.07 Gradient norm:      0.002  
[11:41:08] < General >   Log likelihood (N=14782):  -23216.07 Gradient norm:      0.002  
[11:41:08] < General >   Log likelihood (N=14782):  -23216.07 Gradient norm:      0.002 Hessian norm:       1e+06 BHHH norm:       1e+06
[11:41:08] < General >   Results saved in file SMTO_2015_Logit_Campus_Choice~00.html
[11:41:08] < General >   Results saved in file SMTO_2015_Logit_Campus_Choice~00.pickle
[11:41:08] < General >   Log file created: SMTO_2015_Logit_Campus_Choice~00.log
