*** File created 2020-07-21 11:51:20.423270 ***
*** Log file from biogeme 3.2.5 [2020-07-21]
[11:51:09] < General >   Remove 70 unused variables from the database as only 15 are used.
[11:51:09] < General >   Log likelihood (N=14782):  -47551.45
[11:51:09] < General >   Minimize with tol 1e-07
[11:51:09] < General >   Log likelihood (N=14782):  -47551.45 Gradient norm:      9e+04  
[11:51:09] < General >   Log likelihood (N=14782):  -138650.7 Gradient norm:      3e+05  
[11:51:10] < General >   Log likelihood (N=14782):  -26925.09 Gradient norm:      7e+04  
[11:51:10] < General >   Log likelihood (N=14782):  -200194.5 Gradient norm:      3e+05  
[11:51:10] < General >   Log likelihood (N=14782):  -21909.96 Gradient norm:      4e+04  
[11:51:10] < General >   Log likelihood (N=14782):  -21695.01 Gradient norm:      4e+04  
[11:51:10] < General >   Log likelihood (N=14782):  -20515.72 Gradient norm:      5e+03  
[11:51:10] < General >   Log likelihood (N=14782):  -20499.76 Gradient norm:      1e+03  
[11:51:10] < General >   Log likelihood (N=14782):  -20498.92 Gradient norm:      6e+02  
[11:51:10] < General >   Log likelihood (N=14782):  -20498.08 Gradient norm:      7e+02  
[11:51:11] < General >   Log likelihood (N=14782):  -20494.45 Gradient norm:      2e+03  
[11:51:11] < General >   Log likelihood (N=14782):  -20487.02 Gradient norm:      3e+03  
[11:51:11] < General >   Log likelihood (N=14782):  -20470.01 Gradient norm:      4e+03  
[11:51:11] < General >   Log likelihood (N=14782):  -20443.35 Gradient norm:      5e+03  
[11:51:11] < General >   Log likelihood (N=14782):  -20416.99 Gradient norm:      3e+03  
[11:51:11] < General >   Log likelihood (N=14782):  -20407.19 Gradient norm:      9e+02  
[11:51:12] < General >   Log likelihood (N=14782):  -20405.62 Gradient norm:      4e+02  
[11:51:12] < General >   Log likelihood (N=14782):  -20405.23 Gradient norm:      6e+02  
[11:51:12] < General >   Log likelihood (N=14782):  -20404.55 Gradient norm:      8e+02  
[11:51:12] < General >   Log likelihood (N=14782):  -20402.17 Gradient norm:      1e+03  
[11:51:12] < General >   Log likelihood (N=14782):  -20397.11 Gradient norm:      2e+03  
[11:51:12] < General >   Log likelihood (N=14782):   -20388.1 Gradient norm:      2e+03  
[11:51:12] < General >   Log likelihood (N=14782):  -20379.72 Gradient norm:      2e+03  
[11:51:13] < General >   Log likelihood (N=14782):  -20472.54 Gradient norm:      8e+03  
[11:51:13] < General >   Log likelihood (N=14782):  -20378.51 Gradient norm:      8e+02  
[11:51:13] < General >   Log likelihood (N=14782):  -20376.38 Gradient norm:      2e+02  
[11:51:13] < General >   Log likelihood (N=14782):  -20376.01 Gradient norm:      2e+02  
[11:51:13] < General >   Log likelihood (N=14782):  -20375.86 Gradient norm:      3e+02  
[11:51:13] < General >   Log likelihood (N=14782):  -20375.49 Gradient norm:      5e+02  
[11:51:13] < General >   Log likelihood (N=14782):   -20374.5 Gradient norm:      7e+02  
[11:51:13] < General >   Log likelihood (N=14782):  -20372.92 Gradient norm:      7e+02  
[11:51:14] < General >   Log likelihood (N=14782):   -20371.9 Gradient norm:      3e+02  
[11:51:14] < General >   Log likelihood (N=14782):   -20371.1 Gradient norm:      5e+01  
[11:51:14] < General >   Log likelihood (N=14782):   -20370.9 Gradient norm:      5e+01  
[11:51:14] < General >   Log likelihood (N=14782):  -20370.64 Gradient norm:      7e+01  
[11:51:14] < General >   Log likelihood (N=14782):  -20369.71 Gradient norm:      5e+01  
[11:51:14] < General >   Log likelihood (N=14782):  -20497.21 Gradient norm:      1e+04  
[11:51:14] < General >   Log likelihood (N=14782):  -20369.63 Gradient norm:      2e+02  
[11:51:15] < General >   Log likelihood (N=14782):  -20369.38 Gradient norm:      1e+02  
[11:51:15] < General >   Log likelihood (N=14782):  -20369.29 Gradient norm:      2e+01  
[11:51:15] < General >   Log likelihood (N=14782):  -20369.29 Gradient norm:      2e+01  
[11:51:15] < General >   Log likelihood (N=14782):  -20369.26 Gradient norm:      2e+01  
[11:51:15] < General >   Log likelihood (N=14782):  -20370.06 Gradient norm:      5e+02  
[11:51:15] < General >   Log likelihood (N=14782):  -20369.24 Gradient norm:      7e+01  
[11:51:16] < General >   Log likelihood (N=14782):  -20369.16 Gradient norm:      3e+01  
[11:51:16] < General >   Log likelihood (N=14782):  -20369.08 Gradient norm:      1e+01  
[11:51:16] < General >   Log likelihood (N=14782):  -20369.04 Gradient norm:          9  
[11:51:16] < General >   Log likelihood (N=14782):  -20369.04 Gradient norm:          2  
[11:51:16] < General >   Log likelihood (N=14782):  -20369.04 Gradient norm:        0.8  
[11:51:16] < General >   Log likelihood (N=14782):  -20369.04 Gradient norm:      2e+01  
[11:51:17] < General >   Log likelihood (N=14782):  -20369.04 Gradient norm:        0.7  
[11:51:17] < General >   Log likelihood (N=14782):  -20369.04 Gradient norm:        0.8  
[11:51:17] < General >   Log likelihood (N=14782):  -20369.04 Gradient norm:          4  
[11:51:17] < General >   Log likelihood (N=14782):  -20369.04 Gradient norm:        0.5  
[11:51:17] < General >   Log likelihood (N=14782):  -20369.04 Gradient norm:        0.5  
[11:51:17] < General >   Log likelihood (N=14782):  -20369.04 Gradient norm:        0.6  
[11:51:17] < General >   Log likelihood (N=14782):  -20369.04 Gradient norm:          4  
[11:51:18] < General >   Log likelihood (N=14782):  -20369.04 Gradient norm:        0.5  
[11:51:18] < General >   Log likelihood (N=14782):  -20369.04 Gradient norm:        0.1  
[11:51:18] < General >   Log likelihood (N=14782):  -20369.04 Gradient norm:        0.2  
[11:51:18] < General >   Log likelihood (N=14782):  -20369.04 Gradient norm:        0.6  
[11:51:18] < General >   Log likelihood (N=14782):  -20369.04 Gradient norm:        0.4  
[11:51:18] < General >   Log likelihood (N=14782):  -20369.04 Gradient norm:        0.2  
[11:51:19] < General >   Log likelihood (N=14782):  -20369.04 Gradient norm:          2  
[11:51:19] < General >   Log likelihood (N=14782):  -20369.04 Gradient norm:        0.5  
[11:51:19] < General >   Log likelihood (N=14782):  -20369.04 Gradient norm:       0.04  
[11:51:19] < General >   Log likelihood (N=14782):  -20369.04 Gradient norm:       0.03  
[11:51:19] < General >   Log likelihood (N=14782):  -20369.04 Gradient norm:        0.3  
[11:51:19] < General >   Log likelihood (N=14782):  -20369.04 Gradient norm:        0.1  
[11:51:19] < General >   Log likelihood (N=14782):  -20369.04 Gradient norm:       0.01  
[11:51:20] < General >   Log likelihood (N=14782):  -20369.04 Gradient norm:     0.0002  
[11:51:20] < General >   Log likelihood (N=14782):  -20369.04 Gradient norm:     0.0002 Hessian norm:       7e+05 BHHH norm:       6e+05
[11:51:20] < General >   Results saved in file SMTO_2015_Logit_Campus_Choice~04.html
[11:51:20] < General >   Results saved in file SMTO_2015_Logit_Campus_Choice~04.pickle
[11:51:20] < General >   Log file created: SMTO_2015_Logit_Campus_Choice~04.log
