*** File created 2020-05-29 10:32:54.678660 ***
*** Log file from biogeme 3.2.5 [2020-05-29]
[10:32:53] < General >   Remove 10 unused variables from the database as only 9 are used.
[10:32:53] < General >   Log likelihood (N=233):  -453.3971
[10:32:53] < General >   Minimize with tol 1e-07
[10:32:53] < General >   Log likelihood (N=233):  -453.3971 Gradient norm:      1e+03  
[10:32:53] < General >   Log likelihood (N=233):  -1376.639 Gradient norm:      1e+03  
[10:32:53] < General >   Log likelihood (N=233):  -441.9307 Gradient norm:      7e+02  
[10:32:53] < General >   Log likelihood (N=233):  -411.2247 Gradient norm:      3e+02  
[10:32:53] < General >   Log likelihood (N=233):   -406.698 Gradient norm:      2e+02  
[10:32:53] < General >   Log likelihood (N=233):  -404.7085 Gradient norm:      1e+02  
[10:32:53] < General >   Log likelihood (N=233):  -394.6275 Gradient norm:      2e+02  
[10:32:53] < General >   Log likelihood (N=233):  -372.0678 Gradient norm:      4e+02  
[10:32:53] < General >   Log likelihood (N=233):  -336.6605 Gradient norm:      6e+02  
[10:32:53] < General >   Log likelihood (N=233):  -306.2036 Gradient norm:      6e+02  
[10:32:53] < General >   Log likelihood (N=233):  -272.8735 Gradient norm:      3e+02  
[10:32:53] < General >   Log likelihood (N=233):  -261.2952 Gradient norm:      3e+01  
[10:32:53] < General >   Log likelihood (N=233):   -260.365 Gradient norm:      9e+01  
[10:32:53] < General >   Log likelihood (N=233):  -259.5675 Gradient norm:      1e+02  
[10:32:53] < General >   Log likelihood (N=233):  -256.7787 Gradient norm:      2e+02  
[10:32:54] < General >   Log likelihood (N=233):  -253.3415 Gradient norm:      2e+02  
[10:32:54] < General >   Log likelihood (N=233):   -248.339 Gradient norm:      2e+01  
[10:32:54] < General >   Log likelihood (N=233):  -246.0783 Gradient norm:      2e+01  
[10:32:54] < General >   Log likelihood (N=233):  -243.7354 Gradient norm:      2e+01  
[10:32:54] < General >   Log likelihood (N=233):  -242.6449 Gradient norm:          9  
[10:32:54] < General >   Log likelihood (N=233):  -242.0203 Gradient norm:      1e+01  
[10:32:54] < General >   Log likelihood (N=233):   -241.274 Gradient norm:          9  
[10:32:54] < General >   Log likelihood (N=233):  -240.4984 Gradient norm:      1e+01  
[10:32:54] < General >   Log likelihood (N=233):     -239.4 Gradient norm:      7e+01  
[10:32:54] < General >   Log likelihood (N=233):  -238.8633 Gradient norm:          6  
[10:32:54] < General >   Log likelihood (N=233):  -238.8462 Gradient norm:          1  
[10:32:54] < General >   Log likelihood (N=233):  -238.8418 Gradient norm:          1  
[10:32:54] < General >   Log likelihood (N=233):  -238.8401 Gradient norm:        0.9  
[10:32:54] < General >   Log likelihood (N=233):  -239.0688 Gradient norm:      2e+01  
[10:32:54] < General >   Log likelihood (N=233):  -238.8364 Gradient norm:          2  
[10:32:54] < General >   Log likelihood (N=233):  -238.8293 Gradient norm:          3  
[10:32:54] < General >   Log likelihood (N=233):  -238.7505 Gradient norm:      1e+01  
[10:32:54] < General >   Log likelihood (N=233):  -238.6684 Gradient norm:      1e+01  
[10:32:54] < General >   Log likelihood (N=233):  -238.5455 Gradient norm:      2e+01  
[10:32:54] < General >   Log likelihood (N=233):  -242.4283 Gradient norm:      6e+01  
[10:32:54] < General >   Log likelihood (N=233):  -238.5293 Gradient norm:      2e+01  
[10:32:54] < General >   Log likelihood (N=233):   -238.442 Gradient norm:          8  
[10:32:54] < General >   Log likelihood (N=233):  -238.4184 Gradient norm:          7  
[10:32:54] < General >   Log likelihood (N=233):  -265.3336 Gradient norm:      4e+02  
[10:32:54] < General >   Log likelihood (N=233):  -238.4093 Gradient norm:        0.9  
[10:32:54] < General >   Log likelihood (N=233):  -238.4028 Gradient norm:        0.2  
[10:32:54] < General >   Log likelihood (N=233):  -238.4014 Gradient norm:        0.1  
[10:32:54] < General >   Log likelihood (N=233):  -238.4008 Gradient norm:        0.3  
[10:32:54] < General >   Log likelihood (N=233):  -238.3961 Gradient norm:          1  
[10:32:54] < General >   Log likelihood (N=233):  -238.3843 Gradient norm:          2  
[10:32:54] < General >   Log likelihood (N=233):  -238.3625 Gradient norm:          3  
[10:32:54] < General >   Log likelihood (N=233):   -238.333 Gradient norm:          3  
[10:32:54] < General >   Log likelihood (N=233):  -238.3479 Gradient norm:          6  
[10:32:54] < General >   Log likelihood (N=233):  -238.3259 Gradient norm:          4  
[10:32:54] < General >   Log likelihood (N=233):  -238.3322 Gradient norm:          6  
[10:32:54] < General >   Log likelihood (N=233):  -238.3169 Gradient norm:        0.4  
[10:32:54] < General >   Log likelihood (N=233):  -238.3091 Gradient norm:        0.4  
[10:32:54] < General >   Log likelihood (N=233):  -238.8285 Gradient norm:      6e+01  
[10:32:54] < General >   Log likelihood (N=233):   -238.309 Gradient norm:          1  
[10:32:54] < General >   Log likelihood (N=233):  -238.3055 Gradient norm:        0.9  
[10:32:54] < General >   Log likelihood (N=233):  -238.3124 Gradient norm:          1  
[10:32:54] < General >   Log likelihood (N=233):  -238.3023 Gradient norm:        0.2  
[10:32:54] < General >   Log likelihood (N=233):  -238.3016 Gradient norm:        0.3  
[10:32:54] < General >   Log likelihood (N=233):  -238.3005 Gradient norm:        0.2  
[10:32:54] < General >   Log likelihood (N=233):  -238.3002 Gradient norm:        0.1  
[10:32:54] < General >   Log likelihood (N=233):  -238.3001 Gradient norm:        0.2  
[10:32:54] < General >   Log likelihood (N=233):  -238.2995 Gradient norm:        0.2  
[10:32:54] < General >   Log likelihood (N=233):  -238.4886 Gradient norm:      2e+01  
[10:32:54] < General >   Log likelihood (N=233):  -238.2995 Gradient norm:        0.2  
[10:32:54] < General >   Log likelihood (N=233):  -238.2987 Gradient norm:       0.08  
[10:32:54] < General >   Log likelihood (N=233):  -238.2987 Gradient norm:        0.4  
[10:32:54] < General >   Log likelihood (N=233):     -238.3 Gradient norm:          3  
[10:32:54] < General >   Log likelihood (N=233):  -238.2986 Gradient norm:        0.2  
[10:32:54] < General >   Log likelihood (N=233):  -238.2984 Gradient norm:       0.07  
[10:32:54] < General >   Log likelihood (N=233):  -238.2984 Gradient norm:       0.02  
[10:32:54] < General >   Log likelihood (N=233):  -238.2984 Gradient norm:       0.02  
[10:32:54] < General >   Log likelihood (N=233):  -238.2985 Gradient norm:        0.4  
[10:32:54] < General >   Log likelihood (N=233):  -238.2984 Gradient norm:       0.08  
[10:32:54] < General >   Log likelihood (N=233):  -238.2983 Gradient norm:       0.05  
[10:32:54] < General >   Log likelihood (N=233):  -238.2983 Gradient norm:       0.01  
[10:32:54] < General >   Log likelihood (N=233):  -238.2983 Gradient norm:      0.004  
[10:32:54] < General >   Log likelihood (N=233):  -238.2983 Gradient norm:      0.009  
[10:32:54] < General >   Log likelihood (N=233):  -238.2984 Gradient norm:        0.3  
[10:32:54] < General >   Log likelihood (N=233):  -238.2983 Gradient norm:       0.02  
[10:32:54] < General >   Log likelihood (N=233):  -238.2983 Gradient norm:      0.007  
[10:32:54] < General >   Log likelihood (N=233):  -238.2983 Gradient norm:       0.01  
[10:32:54] < General >   Log likelihood (N=233):  -238.2983 Gradient norm:        0.2  
[10:32:54] < General >   Log likelihood (N=233):  -238.2983 Gradient norm:       0.02  
[10:32:54] < General >   Log likelihood (N=233):  -238.2983 Gradient norm:      0.004  
[10:32:54] < General >   Log likelihood (N=233):  -238.2983 Gradient norm:      0.002  
[10:32:54] < General >   Log likelihood (N=233):  -238.2983 Gradient norm:     0.0009  
[10:32:54] < General >   Log likelihood (N=233):  -238.2983 Gradient norm:       0.01  
[10:32:54] < General >   Log likelihood (N=233):  -238.2983 Gradient norm:      0.003  
[10:32:54] < General >   Log likelihood (N=233):  -238.2983 Gradient norm:      0.001  
[10:32:54] < General >   Log likelihood (N=233):  -238.2983 Gradient norm:     0.0007  
[10:32:54] < General >   Log likelihood (N=233):  -238.2983 Gradient norm:     0.0009  
[10:32:54] < General >   Log likelihood (N=233):  -238.2983 Gradient norm:      0.004  
[10:32:54] < General >   Log likelihood (N=233):  -238.2983 Gradient norm:      0.003  
[10:32:54] < General >   Log likelihood (N=233):  -238.2983 Gradient norm:      0.002  
[10:32:54] < General >   Log likelihood (N=233):  -238.2983 Gradient norm:       0.01  
[10:32:54] < General >   Log likelihood (N=233):  -238.2983 Gradient norm:      0.005  
[10:32:54] < General >   Log likelihood (N=233):  -238.2983 Gradient norm:      0.002  
[10:32:54] < General >   Log likelihood (N=233):  -238.2983 Gradient norm:     0.0008  
[10:32:54] < General >   Log likelihood (N=233):  -238.2983 Gradient norm:      0.001  
[10:32:54] < General >   Log likelihood (N=233):  -238.2983 Gradient norm:      0.001  
[10:32:54] < General >   Log likelihood (N=233):  -238.2983 Gradient norm:      0.001  
[10:32:54] < General >   Log likelihood (N=233):  -238.2983 Gradient norm:       0.01  
[10:32:54] < General >   Log likelihood (N=233):  -238.2983 Gradient norm:      0.005  
[10:32:54] < General >   Log likelihood (N=233):  -238.2983 Gradient norm:      0.003  
[10:32:54] < General >   Log likelihood (N=233):  -238.2983 Gradient norm:      0.001  
[10:32:54] < General >   Log likelihood (N=233):  -238.2983 Gradient norm:      0.002  
[10:32:54] < General >   Log likelihood (N=233):  -238.2983 Gradient norm:      0.001  
[10:32:54] < General >   Log likelihood (N=233):  -238.2983 Gradient norm:      0.004  
[10:32:54] < General >   Log likelihood (N=233):  -238.2983 Gradient norm:     0.0004  
[10:32:54] < General >   Log likelihood (N=233):  -238.2983 Gradient norm:      7e-05  
[10:32:54] < General >   Log likelihood (N=233):  -238.2983 Gradient norm:     0.0001  
[10:32:54] < General >   Log likelihood (N=233):  -238.2983 Gradient norm:      0.003  
[10:32:54] < General >   Log likelihood (N=233):  -238.2983 Gradient norm:      4e-05  
[10:32:54] < General >   Log likelihood (N=233):  -238.2983 Gradient norm:      2e-05  
[10:32:54] < General >   Log likelihood (N=233):  -238.2983 Gradient norm:      2e-05 Hessian norm:       5e+03 BHHH norm:       5e+03
[10:32:54] < General >   Results saved in file SMTO_Segmented_Output/SMTO_Campus_Choice_Segment_12.html
[10:32:54] < General >   Results saved in file SMTO_Segmented_Output/SMTO_Campus_Choice_Segment_12.pickle
[10:32:54] < General >   Log file created: SMTO_Segmented_Output/SMTO_Campus_Choice_Segment_12.log
