*** File created 2020-05-29 10:32:52.943657 ***
*** Log file from biogeme 3.2.5 [2020-05-29]
[10:32:52] < General >   Remove 10 unused variables from the database as only 9 are used.
[10:32:52] < General >   Log likelihood (N=106):  -206.2665
[10:32:52] < General >   Minimize with tol 1e-07
[10:32:52] < General >   Log likelihood (N=106):  -206.2665 Gradient norm:      4e+02  
[10:32:52] < General >   Log likelihood (N=106):  -889.1675 Gradient norm:      9e+02  
[10:32:52] < General >   Log likelihood (N=106):  -202.3684 Gradient norm:      3e+02  
[10:32:52] < General >   Log likelihood (N=106):  -194.8929 Gradient norm:      7e+01  
[10:32:52] < General >   Log likelihood (N=106):  -194.2653 Gradient norm:      5e+01  
[10:32:52] < General >   Log likelihood (N=106):  -193.0412 Gradient norm:      8e+01  
[10:32:52] < General >   Log likelihood (N=106):  -188.6612 Gradient norm:      2e+02  
[10:32:52] < General >   Log likelihood (N=106):  -179.0107 Gradient norm:      3e+02  
[10:32:52] < General >   Log likelihood (N=106):  -158.8458 Gradient norm:      4e+02  
[10:32:52] < General >   Log likelihood (N=106):  -140.0139 Gradient norm:      3e+02  
[10:32:52] < General >   Log likelihood (N=106):  -130.1689 Gradient norm:      2e+02  
[10:32:52] < General >   Log likelihood (N=106):  -121.5402 Gradient norm:      9e+01  
[10:32:52] < General >   Log likelihood (N=106):  -119.2715 Gradient norm:      2e+01  
[10:32:52] < General >   Log likelihood (N=106):  -119.0877 Gradient norm:      3e+01  
[10:32:52] < General >   Log likelihood (N=106):  -118.8206 Gradient norm:      4e+01  
[10:32:52] < General >   Log likelihood (N=106):  -118.1956 Gradient norm:      5e+01  
[10:32:52] < General >   Log likelihood (N=106):  -116.8095 Gradient norm:      5e+01  
[10:32:52] < General >   Log likelihood (N=106):  -114.4536 Gradient norm:      8e+01  
[10:32:52] < General >   Log likelihood (N=106):  -118.0489 Gradient norm:      1e+02  
[10:32:52] < General >   Log likelihood (N=106):   -112.879 Gradient norm:      1e+01  
[10:32:52] < General >   Log likelihood (N=106):  -112.5559 Gradient norm:      2e+01  
[10:32:52] < General >   Log likelihood (N=106):  -112.2124 Gradient norm:      2e+01  
[10:32:52] < General >   Log likelihood (N=106):  -111.4351 Gradient norm:      3e+01  
[10:32:52] < General >   Log likelihood (N=106):  -109.5784 Gradient norm:      3e+01  
[10:32:52] < General >   Log likelihood (N=106):  -108.1704 Gradient norm:          5  
[10:32:52] < General >   Log likelihood (N=106):  -107.8218 Gradient norm:          5  
[10:32:52] < General >   Log likelihood (N=106):  -107.7491 Gradient norm:          5  
[10:32:52] < General >   Log likelihood (N=106):  -107.3726 Gradient norm:          2  
[10:32:52] < General >   Log likelihood (N=106):  -105.7382 Gradient norm:      2e+01  
[10:32:52] < General >   Log likelihood (N=106):  -105.3937 Gradient norm:      1e+01  
[10:32:52] < General >   Log likelihood (N=106):   -106.503 Gradient norm:      6e+01  
[10:32:52] < General >   Log likelihood (N=106):  -105.3586 Gradient norm:          2  
[10:32:52] < General >   Log likelihood (N=106):  -105.3121 Gradient norm:        0.9  
[10:32:52] < General >   Log likelihood (N=106):  -105.2942 Gradient norm:        0.8  
[10:32:52] < General >   Log likelihood (N=106):  -105.2374 Gradient norm:          1  
[10:32:52] < General >   Log likelihood (N=106):  -105.1086 Gradient norm:          2  
[10:32:52] < General >   Log likelihood (N=106):  -104.7578 Gradient norm:          2  
[10:32:52] < General >   Log likelihood (N=106):  -111.9443 Gradient norm:      2e+01  
[10:32:52] < General >   Log likelihood (N=106):  -104.7059 Gradient norm:          3  
[10:32:52] < General >   Log likelihood (N=106):  -104.1885 Gradient norm:          3  
[10:32:52] < General >   Log likelihood (N=106):  -104.1085 Gradient norm:          2  
[10:32:52] < General >   Log likelihood (N=106):  -104.0915 Gradient norm:        0.3  
[10:32:52] < General >   Log likelihood (N=106):  -104.0883 Gradient norm:        0.2  
[10:32:52] < General >   Log likelihood (N=106):  -104.2051 Gradient norm:      2e+01  
[10:32:52] < General >   Log likelihood (N=106):  -104.0876 Gradient norm:          1  
[10:32:52] < General >   Log likelihood (N=106):   -104.082 Gradient norm:        0.8  
[10:32:52] < General >   Log likelihood (N=106):  -104.0719 Gradient norm:        0.3  
[10:32:52] < General >   Log likelihood (N=106):  -104.0645 Gradient norm:        0.3  
[10:32:52] < General >   Log likelihood (N=106):  -104.0608 Gradient norm:       0.03  
[10:32:52] < General >   Log likelihood (N=106):  -104.0594 Gradient norm:       0.09  
[10:32:52] < General >   Log likelihood (N=106):  -104.0587 Gradient norm:       0.07  
[10:32:52] < General >   Log likelihood (N=106):  -104.0585 Gradient norm:        0.2  
[10:32:52] < General >   Log likelihood (N=106):  -104.0581 Gradient norm:       0.03  
[10:32:52] < General >   Log likelihood (N=106):  -104.0579 Gradient norm:       0.05  
[10:32:52] < General >   Log likelihood (N=106):  -104.0579 Gradient norm:       0.02  
[10:32:52] < General >   Log likelihood (N=106):  -104.0593 Gradient norm:          2  
[10:32:52] < General >   Log likelihood (N=106):  -104.0579 Gradient norm:        0.1  
[10:32:52] < General >   Log likelihood (N=106):  -104.0578 Gradient norm:       0.03  
[10:32:52] < General >   Log likelihood (N=106):  -104.0578 Gradient norm:       0.03  
[10:32:52] < General >   Log likelihood (N=106):  -104.0578 Gradient norm:       0.04  
[10:32:52] < General >   Log likelihood (N=106):  -104.0578 Gradient norm:       0.01  
[10:32:52] < General >   Log likelihood (N=106):  -104.0578 Gradient norm:       0.01  
[10:32:52] < General >   Log likelihood (N=106):  -104.0578 Gradient norm:       0.02  
[10:32:52] < General >   Log likelihood (N=106):  -104.0578 Gradient norm:       0.02  
[10:32:52] < General >   Log likelihood (N=106):  -104.0578 Gradient norm:      0.003  
[10:32:52] < General >   Log likelihood (N=106):  -104.0578 Gradient norm:      0.003  
[10:32:52] < General >   Log likelihood (N=106):  -104.0578 Gradient norm:      0.007  
[10:32:52] < General >   Log likelihood (N=106):  -104.0577 Gradient norm:      0.003  
[10:32:52] < General >   Log likelihood (N=106):  -104.0577 Gradient norm:       0.03  
[10:32:52] < General >   Log likelihood (N=106):  -104.0577 Gradient norm:       0.01  
[10:32:52] < General >   Log likelihood (N=106):  -104.0577 Gradient norm:      0.003  
[10:32:52] < General >   Log likelihood (N=106):  -104.0577 Gradient norm:      0.001  
[10:32:52] < General >   Log likelihood (N=106):  -104.0577 Gradient norm:      0.001  
[10:32:52] < General >   Log likelihood (N=106):  -104.0578 Gradient norm:       0.05  
[10:32:52] < General >   Log likelihood (N=106):  -104.0577 Gradient norm:      0.007  
[10:32:52] < General >   Log likelihood (N=106):  -104.0577 Gradient norm:      0.004  
[10:32:52] < General >   Log likelihood (N=106):  -104.0577 Gradient norm:      0.001  
[10:32:52] < General >   Log likelihood (N=106):  -104.0577 Gradient norm:     0.0005  
[10:32:52] < General >   Log likelihood (N=106):  -104.0577 Gradient norm:     0.0004  
[10:32:52] < General >   Log likelihood (N=106):  -104.0577 Gradient norm:     0.0002  
[10:32:52] < General >   Log likelihood (N=106):  -104.0577 Gradient norm:     0.0003  
[10:32:52] < General >   Log likelihood (N=106):  -104.0577 Gradient norm:     0.0003  
[10:32:52] < General >   Log likelihood (N=106):  -104.0577 Gradient norm:     0.0002  
[10:32:52] < General >   Log likelihood (N=106):  -104.0577 Gradient norm:      0.002  
[10:32:52] < General >   Log likelihood (N=106):  -104.0577 Gradient norm:      5e-05  
[10:32:52] < General >   Log likelihood (N=106):  -104.0577 Gradient norm:      2e-05  
[10:32:52] < General >   Log likelihood (N=106):  -104.0577 Gradient norm:      5e-05  
[10:32:52] < General >   Log likelihood (N=106):  -104.0577 Gradient norm:     0.0002  
[10:32:52] < General >   Log likelihood (N=106):  -104.0577 Gradient norm:     0.0003  
[10:32:52] < General >   Log likelihood (N=106):  -104.0577 Gradient norm:      4e-05  
[10:32:52] < General >   Log likelihood (N=106):  -104.0577 Gradient norm:      3e-05  
[10:32:52] < General >   Log likelihood (N=106):  -104.0577 Gradient norm:      5e-06  
[10:32:52] < General >   Log likelihood (N=106):  -104.0577 Gradient norm:      5e-06 Hessian norm:       2e+03 BHHH norm:       2e+03
[10:32:52] < General >   Results saved in file SMTO_Segmented_Output/SMTO_Campus_Choice_Segment_11.html
[10:32:52] < General >   Results saved in file SMTO_Segmented_Output/SMTO_Campus_Choice_Segment_11.pickle
[10:32:52] < General >   Log file created: SMTO_Segmented_Output/SMTO_Campus_Choice_Segment_11.log
