*** File created 2020-05-29 10:32:31.372152 ***
*** Log file from biogeme 3.2.5 [2020-05-29]
[10:32:30] < General >   Remove 10 unused variables from the database as only 9 are used.
[10:32:30] < General >   Log likelihood (N=43):  -83.67414
[10:32:30] < General >   Minimize with tol 1e-07
[10:32:30] < General >   Log likelihood (N=43):  -83.67414 Gradient norm:      2e+02  
[10:32:30] < General >   Log likelihood (N=43):  -296.7911 Gradient norm:      3e+02  
[10:32:30] < General >   Log likelihood (N=43):   -82.3975 Gradient norm:      1e+02  
[10:32:30] < General >   Log likelihood (N=43):  -77.68041 Gradient norm:      3e+01  
[10:32:30] < General >   Log likelihood (N=43):  -77.42938 Gradient norm:      1e+01  
[10:32:30] < General >   Log likelihood (N=43):  -77.36823 Gradient norm:      1e+01  
[10:32:30] < General >   Log likelihood (N=43):  -77.00767 Gradient norm:      2e+01  
[10:32:30] < General >   Log likelihood (N=43):  -76.26833 Gradient norm:      4e+01  
[10:32:30] < General >   Log likelihood (N=43):  -74.61881 Gradient norm:      7e+01  
[10:32:30] < General >   Log likelihood (N=43):    -72.107 Gradient norm:      9e+01  
[10:32:30] < General >   Log likelihood (N=43):    -69.628 Gradient norm:      6e+01  
[10:32:30] < General >   Log likelihood (N=43):   -68.6674 Gradient norm:      2e+01  
[10:32:30] < General >   Log likelihood (N=43):  -68.52758 Gradient norm:          3  
[10:32:30] < General >   Log likelihood (N=43):  -68.50854 Gradient norm:          3  
[10:32:30] < General >   Log likelihood (N=43):   -68.5007 Gradient norm:          3  
[10:32:30] < General >   Log likelihood (N=43):  -68.23058 Gradient norm:          2  
[10:32:30] < General >   Log likelihood (N=43):  -67.85909 Gradient norm:          2  
[10:32:30] < General >   Log likelihood (N=43):   -67.7547 Gradient norm:          4  
[10:32:30] < General >   Log likelihood (N=43):  -67.70968 Gradient norm:          1  
[10:32:30] < General >   Log likelihood (N=43):  -67.70216 Gradient norm:        0.6  
[10:32:30] < General >   Log likelihood (N=43):  -67.68459 Gradient norm:          1  
[10:32:30] < General >   Log likelihood (N=43):  -67.67529 Gradient norm:          1  
[10:32:30] < General >   Log likelihood (N=43):  -67.64295 Gradient norm:          5  
[10:32:30] < General >   Log likelihood (N=43):  -67.62884 Gradient norm:          1  
[10:32:30] < General >   Log likelihood (N=43):  -67.62727 Gradient norm:        0.5  
[10:32:30] < General >   Log likelihood (N=43):  -67.62644 Gradient norm:        0.5  
[10:32:30] < General >   Log likelihood (N=43):   -67.6238 Gradient norm:          1  
[10:32:30] < General >   Log likelihood (N=43):   -67.6194 Gradient norm:          1  
[10:32:30] < General >   Log likelihood (N=43):  -67.61278 Gradient norm:          2  
[10:32:30] < General >   Log likelihood (N=43):  -67.61228 Gradient norm:          1  
[10:32:30] < General >   Log likelihood (N=43):  -67.60947 Gradient norm:        0.3  
[10:32:30] < General >   Log likelihood (N=43):  -67.60632 Gradient norm:        0.4  
[10:32:30] < General >   Log likelihood (N=43):  -67.60473 Gradient norm:        0.7  
[10:32:30] < General >   Log likelihood (N=43):  -67.60105 Gradient norm:          1  
[10:32:30] < General >   Log likelihood (N=43):  -67.59899 Gradient norm:        0.6  
[10:32:30] < General >   Log likelihood (N=43):  -67.60055 Gradient norm:          5  
[10:32:30] < General >   Log likelihood (N=43):  -67.59694 Gradient norm:          2  
[10:32:30] < General >   Log likelihood (N=43):  -67.59405 Gradient norm:          2  
[10:32:30] < General >   Log likelihood (N=43):  -67.58869 Gradient norm:        0.2  
[10:32:30] < General >   Log likelihood (N=43):  -67.58767 Gradient norm:        0.3  
[10:32:30] < General >   Log likelihood (N=43):  -67.58688 Gradient norm:        0.6  
[10:32:30] < General >   Log likelihood (N=43):  -67.58616 Gradient norm:        0.6  
[10:32:30] < General >   Log likelihood (N=43):  -67.64817 Gradient norm:          5  
[10:32:30] < General >   Log likelihood (N=43):  -67.58612 Gradient norm:        0.7  
[10:32:31] < General >   Log likelihood (N=43):  -67.58531 Gradient norm:        0.4  
[10:32:31] < General >   Log likelihood (N=43):  -67.58505 Gradient norm:       0.08  
[10:32:31] < General >   Log likelihood (N=43):  -67.58502 Gradient norm:       0.03  
[10:32:31] < General >   Log likelihood (N=43):  -67.58502 Gradient norm:       0.03  
[10:32:31] < General >   Log likelihood (N=43):   -67.5851 Gradient norm:        0.5  
[10:32:31] < General >   Log likelihood (N=43):  -67.58502 Gradient norm:       0.05  
[10:32:31] < General >   Log likelihood (N=43):  -67.58502 Gradient norm:       0.02  
[10:32:31] < General >   Log likelihood (N=43):  -67.58501 Gradient norm:      0.002  
[10:32:31] < General >   Log likelihood (N=43):  -67.58501 Gradient norm:      0.003  
[10:32:31] < General >   Log likelihood (N=43):  -67.58501 Gradient norm:      0.004  
[10:32:31] < General >   Log likelihood (N=43):  -67.58501 Gradient norm:      0.002  
[10:32:31] < General >   Log likelihood (N=43):  -67.58501 Gradient norm:      0.003  
[10:32:31] < General >   Log likelihood (N=43):  -67.58501 Gradient norm:     0.0007  
[10:32:31] < General >   Log likelihood (N=43):  -67.58501 Gradient norm:      0.001  
[10:32:31] < General >   Log likelihood (N=43):  -67.58501 Gradient norm:     0.0008  
[10:32:31] < General >   Log likelihood (N=43):  -67.58501 Gradient norm:      0.003  
[10:32:31] < General >   Log likelihood (N=43):  -67.58501 Gradient norm:      0.001  
[10:32:31] < General >   Log likelihood (N=43):  -67.58501 Gradient norm:     0.0002  
[10:32:31] < General >   Log likelihood (N=43):  -67.58501 Gradient norm:      1e-05  
[10:32:31] < General >   Log likelihood (N=43):  -67.58501 Gradient norm:      5e-05  
[10:32:31] < General >   Log likelihood (N=43):  -67.58501 Gradient norm:      5e-05  
[10:32:31] < General >   Log likelihood (N=43):  -67.58501 Gradient norm:      8e-06  
[10:32:31] < General >   Log likelihood (N=43):  -67.58501 Gradient norm:      9e-06  
[10:32:31] < General >   Log likelihood (N=43):  -67.58501 Gradient norm:      4e-05  
[10:32:31] < General >   Log likelihood (N=43):  -67.58501 Gradient norm:      1e-05  
[10:32:31] < General >   Log likelihood (N=43):  -67.58501 Gradient norm:      1e-06  
[10:32:31] < General >   Log likelihood (N=43):  -67.58501 Gradient norm:      1e-06 Hessian norm:       2e+03 BHHH norm:       2e+03
[10:32:31] < General >   Results saved in file SMTO_Segmented_Output/SMTO_Campus_Choice_Segment_4.html
[10:32:31] < General >   Results saved in file SMTO_Segmented_Output/SMTO_Campus_Choice_Segment_4.pickle
[10:32:31] < General >   Log file created: SMTO_Segmented_Output/SMTO_Campus_Choice_Segment_4.log
