*** File created 2020-05-29 10:32:26.409993 ***
*** Log file from biogeme 3.2.5 [2020-05-29]
[10:32:25] < General >   Remove 10 unused variables from the database as only 9 are used.
[10:32:25] < General >   Log likelihood (N=1984):  -3860.686
[10:32:25] < General >   Minimize with tol 1e-07
[10:32:25] < General >   Log likelihood (N=1984):  -3860.686 Gradient norm:      9e+03  
[10:32:25] < General >   Log likelihood (N=1984):  -18297.91 Gradient norm:      2e+04  
[10:32:25] < General >   Log likelihood (N=1984):   -3773.13 Gradient norm:      6e+03  
[10:32:25] < General >   Log likelihood (N=1984):  -3613.931 Gradient norm:      8e+02  
[10:32:25] < General >   Log likelihood (N=1984):  -3611.006 Gradient norm:      4e+02  
[10:32:25] < General >   Log likelihood (N=1984):   -3608.98 Gradient norm:      5e+02  
[10:32:25] < General >   Log likelihood (N=1984):  -3589.901 Gradient norm:      2e+03  
[10:32:25] < General >   Log likelihood (N=1984):  -3556.609 Gradient norm:      3e+03  
[10:32:25] < General >   Log likelihood (N=1984):  -3478.074 Gradient norm:      4e+03  
[10:32:25] < General >   Log likelihood (N=1984):  -3375.083 Gradient norm:      4e+03  
[10:32:25] < General >   Log likelihood (N=1984):   -3254.08 Gradient norm:      1e+03  
[10:32:25] < General >   Log likelihood (N=1984):  -3237.571 Gradient norm:      8e+01  
[10:32:25] < General >   Log likelihood (N=1984):  -3236.448 Gradient norm:      3e+02  
[10:32:25] < General >   Log likelihood (N=1984):  -3235.918 Gradient norm:      3e+02  
[10:32:25] < General >   Log likelihood (N=1984):  -3234.071 Gradient norm:      4e+02  
[10:32:25] < General >   Log likelihood (N=1984):  -3230.057 Gradient norm:      4e+02  
[10:32:25] < General >   Log likelihood (N=1984):  -3214.846 Gradient norm:      4e+02  
[10:32:25] < General >   Log likelihood (N=1984):  -3202.795 Gradient norm:      2e+02  
[10:32:25] < General >   Log likelihood (N=1984):  -3198.211 Gradient norm:      5e+01  
[10:32:25] < General >   Log likelihood (N=1984):  -3197.268 Gradient norm:      5e+01  
[10:32:25] < General >   Log likelihood (N=1984):   -3195.58 Gradient norm:      6e+01  
[10:32:25] < General >   Log likelihood (N=1984):  -3194.631 Gradient norm:      4e+02  
[10:32:25] < General >   Log likelihood (N=1984):  -3192.946 Gradient norm:      3e+02  
[10:32:25] < General >   Log likelihood (N=1984):  -3188.167 Gradient norm:      9e+01  
[10:32:25] < General >   Log likelihood (N=1984):  -3187.642 Gradient norm:      6e+01  
[10:32:25] < General >   Log likelihood (N=1984):  -3186.724 Gradient norm:      7e+01  
[10:32:25] < General >   Log likelihood (N=1984):  -3184.808 Gradient norm:      1e+02  
[10:32:25] < General >   Log likelihood (N=1984):  -3181.982 Gradient norm:      9e+01  
[10:32:25] < General >   Log likelihood (N=1984):  -3177.143 Gradient norm:      4e+01  
[10:32:25] < General >   Log likelihood (N=1984):  -3178.745 Gradient norm:      7e+01  
[10:32:25] < General >   Log likelihood (N=1984):  -3176.483 Gradient norm:      4e+01  
[10:32:25] < General >   Log likelihood (N=1984):  -3180.032 Gradient norm:      2e+02  
[10:32:25] < General >   Log likelihood (N=1984):  -3175.366 Gradient norm:      5e+01  
[10:32:26] < General >   Log likelihood (N=1984):  -3175.138 Gradient norm:      2e+01  
[10:32:26] < General >   Log likelihood (N=1984):  -3175.089 Gradient norm:      7e+01  
[10:32:26] < General >   Log likelihood (N=1984):  -3175.058 Gradient norm:          8  
[10:32:26] < General >   Log likelihood (N=1984):  -3175.045 Gradient norm:          8  
[10:32:26] < General >   Log likelihood (N=1984):  -3183.672 Gradient norm:      2e+02  
[10:32:26] < General >   Log likelihood (N=1984):  -3175.018 Gradient norm:      1e+01  
[10:32:26] < General >   Log likelihood (N=1984):  -3174.963 Gradient norm:      1e+01  
[10:32:26] < General >   Log likelihood (N=1984):  -3174.888 Gradient norm:          2  
[10:32:26] < General >   Log likelihood (N=1984):  -3174.883 Gradient norm:        0.9  
[10:32:26] < General >   Log likelihood (N=1984):  -3174.882 Gradient norm:        0.2  
[10:32:26] < General >   Log likelihood (N=1984):  -3174.882 Gradient norm:      0.009  
[10:32:26] < General >   Log likelihood (N=1984):  -3174.882 Gradient norm:      0.004  
[10:32:26] < General >   Log likelihood (N=1984):  -3174.882 Gradient norm:      0.007  
[10:32:26] < General >   Log likelihood (N=1984):  -3174.882 Gradient norm:       0.01  
[10:32:26] < General >   Log likelihood (N=1984):  -3174.882 Gradient norm:       0.01  
[10:32:26] < General >   Log likelihood (N=1984):  -3174.882 Gradient norm:        0.2  
[10:32:26] < General >   Log likelihood (N=1984):  -3174.882 Gradient norm:     0.0008  
[10:32:26] < General >   Log likelihood (N=1984):  -3174.882 Gradient norm:      0.001  
[10:32:26] < General >   Log likelihood (N=1984):  -3174.882 Gradient norm:     0.0006  
[10:32:26] < General >   Log likelihood (N=1984):  -3174.882 Gradient norm:      7e-05  
[10:32:26] < General >   Log likelihood (N=1984):  -3174.882 Gradient norm:      7e-05 Hessian norm:       1e+05 BHHH norm:       1e+05
[10:32:26] < General >   Results saved in file SMTO_Segmented_Output/SMTO_Campus_Choice_Segment_1.html
[10:32:26] < General >   Results saved in file SMTO_Segmented_Output/SMTO_Campus_Choice_Segment_1.pickle
[10:32:26] < General >   Log file created: SMTO_Segmented_Output/SMTO_Campus_Choice_Segment_1.log
