*** File created 2020-05-29 10:32:28.895953 ***
*** Log file from biogeme 3.2.5 [2020-05-29]
[10:32:27] < General >   Remove 10 unused variables from the database as only 9 are used.
[10:32:27] < General >   Log likelihood (N=942):  -1833.047
[10:32:27] < General >   Minimize with tol 1e-07
[10:32:27] < General >   Log likelihood (N=942):  -1833.047 Gradient norm:      9e+03  
[10:32:27] < General >   Log likelihood (N=942):  -2379.333 Gradient norm:      2e+03  
[10:32:27] < General >   Log likelihood (N=942):  -1273.173 Gradient norm:      1e+03  
[10:32:27] < General >   Log likelihood (N=942):  -1222.719 Gradient norm:      1e+03  
[10:32:27] < General >   Log likelihood (N=942):   -1747.76 Gradient norm:      9e+03  
[10:32:27] < General >   Log likelihood (N=942):  -1145.852 Gradient norm:      4e+02  
[10:32:27] < General >   Log likelihood (N=942):  -1138.377 Gradient norm:      8e+02  
[10:32:27] < General >   Log likelihood (N=942):  -1128.012 Gradient norm:      3e+02  
[10:32:27] < General >   Log likelihood (N=942):  -1116.438 Gradient norm:      2e+02  
[10:32:27] < General >   Log likelihood (N=942):  -1048.727 Gradient norm:      6e+02  
[10:32:27] < General >   Log likelihood (N=942):  -1004.907 Gradient norm:      8e+02  
[10:32:27] < General >   Log likelihood (N=942):  -970.4766 Gradient norm:      6e+02  
[10:32:27] < General >   Log likelihood (N=942):  -949.5656 Gradient norm:      1e+02  
[10:32:27] < General >   Log likelihood (N=942):  -948.2243 Gradient norm:      2e+02  
[10:32:27] < General >   Log likelihood (N=942):  -942.7773 Gradient norm:      3e+02  
[10:32:27] < General >   Log likelihood (N=942):  -936.9809 Gradient norm:      4e+02  
[10:32:27] < General >   Log likelihood (N=942):  -924.7682 Gradient norm:      3e+02  
[10:32:27] < General >   Log likelihood (N=942):  -918.4274 Gradient norm:      1e+02  
[10:32:28] < General >   Log likelihood (N=942):  -916.9765 Gradient norm:      2e+01  
[10:32:28] < General >   Log likelihood (N=942):  -916.9138 Gradient norm:      1e+01  
[10:32:28] < General >   Log likelihood (N=942):  -916.8799 Gradient norm:      2e+01  
[10:32:28] < General >   Log likelihood (N=942):  -916.7191 Gradient norm:      4e+01  
[10:32:28] < General >   Log likelihood (N=942):  -916.4381 Gradient norm:      6e+01  
[10:32:28] < General >   Log likelihood (N=942):  -915.9115 Gradient norm:      7e+01  
[10:32:28] < General >   Log likelihood (N=942):  -927.3142 Gradient norm:      5e+02  
[10:32:28] < General >   Log likelihood (N=942):   -915.876 Gradient norm:      1e+02  
[10:32:28] < General >   Log likelihood (N=942):  -915.3975 Gradient norm:      6e+01  
[10:32:28] < General >   Log likelihood (N=942):  -915.1756 Gradient norm:      2e+01  
[10:32:28] < General >   Log likelihood (N=942):  -915.0949 Gradient norm:      1e+01  
[10:32:28] < General >   Log likelihood (N=942):  -915.0498 Gradient norm:      1e+01  
[10:32:28] < General >   Log likelihood (N=942):  -914.8995 Gradient norm:      3e+01  
[10:32:28] < General >   Log likelihood (N=942):  -914.6433 Gradient norm:      4e+01  
[10:32:28] < General >   Log likelihood (N=942):  -914.2754 Gradient norm:      5e+01  
[10:32:28] < General >   Log likelihood (N=942):  -913.8543 Gradient norm:      7e+01  
[10:32:28] < General >   Log likelihood (N=942):  -914.2787 Gradient norm:      6e+01  
[10:32:28] < General >   Log likelihood (N=942):  -913.6678 Gradient norm:      2e+01  
[10:32:28] < General >   Log likelihood (N=942):  -913.5688 Gradient norm:          6  
[10:32:28] < General >   Log likelihood (N=942):  -913.5445 Gradient norm:          4  
[10:32:28] < General >   Log likelihood (N=942):  -914.1884 Gradient norm:      1e+02  
[10:32:28] < General >   Log likelihood (N=942):  -913.5398 Gradient norm:      1e+01  
[10:32:28] < General >   Log likelihood (N=942):   -913.532 Gradient norm:      1e+01  
[10:32:28] < General >   Log likelihood (N=942):   -913.512 Gradient norm:      3e+01  
[10:32:28] < General >   Log likelihood (N=942):  -913.3983 Gradient norm:      2e+01  
[10:32:28] < General >   Log likelihood (N=942):  -913.1412 Gradient norm:      2e+01  
[10:32:28] < General >   Log likelihood (N=942):   -912.576 Gradient norm:      2e+01  
[10:32:28] < General >   Log likelihood (N=942):  -912.4651 Gradient norm:          2  
[10:32:28] < General >   Log likelihood (N=942):  -912.4531 Gradient norm:          2  
[10:32:28] < General >   Log likelihood (N=942):   -912.412 Gradient norm:          3  
[10:32:28] < General >   Log likelihood (N=942):  -912.3819 Gradient norm:          6  
[10:32:28] < General >   Log likelihood (N=942):  -912.4495 Gradient norm:      2e+01  
[10:32:28] < General >   Log likelihood (N=942):   -912.375 Gradient norm:        0.5  
[10:32:28] < General >   Log likelihood (N=942):  -912.3742 Gradient norm:        0.1  
[10:32:28] < General >   Log likelihood (N=942):  -912.3758 Gradient norm:          7  
[10:32:28] < General >   Log likelihood (N=942):  -912.3742 Gradient norm:        0.2  
[10:32:28] < General >   Log likelihood (N=942):  -912.3742 Gradient norm:       0.02  
[10:32:28] < General >   Log likelihood (N=942):  -912.3742 Gradient norm:     0.0006  
[10:32:28] < General >   Log likelihood (N=942):  -912.3742 Gradient norm:     0.0006  
[10:32:28] < General >   Log likelihood (N=942):  -912.3742 Gradient norm:     0.0005  
[10:32:28] < General >   Log likelihood (N=942):  -912.3742 Gradient norm:      2e-05  
[10:32:28] < General >   Log likelihood (N=942):  -912.3742 Gradient norm:      2e-05 Hessian norm:       2e+04 BHHH norm:       2e+04
[10:32:28] < General >   Results saved in file SMTO_Segmented_Output/SMTO_Campus_Choice_Segment_2.html
[10:32:28] < General >   Results saved in file SMTO_Segmented_Output/SMTO_Campus_Choice_Segment_2.pickle
[10:32:28] < General >   Log file created: SMTO_Segmented_Output/SMTO_Campus_Choice_Segment_2.log
