*** File created 2020-05-29 10:32:30.088184 ***
*** Log file from biogeme 3.2.5 [2020-05-29]
[10:32:29] < General >   Remove 10 unused variables from the database as only 9 are used.
[10:32:29] < General >   Log likelihood (N=68):  -132.3219
[10:32:29] < General >   Minimize with tol 1e-07
[10:32:29] < General >   Log likelihood (N=68):  -132.3219 Gradient norm:      3e+02  
[10:32:29] < General >   Log likelihood (N=68):   -607.367 Gradient norm:      6e+02  
[10:32:29] < General >   Log likelihood (N=68):   -129.497 Gradient norm:      2e+02  
[10:32:29] < General >   Log likelihood (N=68):  -124.8484 Gradient norm:      3e+01  
[10:32:29] < General >   Log likelihood (N=68):  -124.6683 Gradient norm:      2e+01  
[10:32:29] < General >   Log likelihood (N=68):  -124.2609 Gradient norm:      4e+01  
[10:32:29] < General >   Log likelihood (N=68):  -122.9968 Gradient norm:      8e+01  
[10:32:29] < General >   Log likelihood (N=68):  -120.1416 Gradient norm:      1e+02  
[10:32:29] < General >   Log likelihood (N=68):  -114.1073 Gradient norm:      2e+02  
[10:32:29] < General >   Log likelihood (N=68):  -106.9076 Gradient norm:      2e+02  
[10:32:29] < General >   Log likelihood (N=68):   -101.494 Gradient norm:      1e+02  
[10:32:29] < General >   Log likelihood (N=68):  -98.74551 Gradient norm:      2e+01  
[10:32:29] < General >   Log likelihood (N=68):  -98.46954 Gradient norm:      2e+01  
[10:32:29] < General >   Log likelihood (N=68):  -98.40005 Gradient norm:      2e+01  
[10:32:29] < General >   Log likelihood (N=68):  -98.15115 Gradient norm:      3e+01  
[10:32:29] < General >   Log likelihood (N=68):  -97.81448 Gradient norm:      4e+01  
[10:32:29] < General >   Log likelihood (N=68):  -96.94713 Gradient norm:      1e+01  
[10:32:29] < General >   Log likelihood (N=68):   -96.2991 Gradient norm:      2e+01  
[10:32:29] < General >   Log likelihood (N=68):  -96.10879 Gradient norm:      2e+01  
[10:32:29] < General >   Log likelihood (N=68):  -95.92184 Gradient norm:      2e+01  
[10:32:29] < General >   Log likelihood (N=68):  -95.74543 Gradient norm:      1e+01  
[10:32:29] < General >   Log likelihood (N=68):  -95.76179 Gradient norm:      3e+01  
[10:32:29] < General >   Log likelihood (N=68):  -95.61914 Gradient norm:          9  
[10:32:29] < General >   Log likelihood (N=68):   -95.5752 Gradient norm:          8  
[10:32:29] < General >   Log likelihood (N=68):  -95.33497 Gradient norm:          8  
[10:32:29] < General >   Log likelihood (N=68):  -94.90633 Gradient norm:      1e+01  
[10:32:29] < General >   Log likelihood (N=68):   -94.8362 Gradient norm:          2  
[10:32:29] < General >   Log likelihood (N=68):  -94.82094 Gradient norm:          1  
[10:32:29] < General >   Log likelihood (N=68):  -94.79066 Gradient norm:          1  
[10:32:29] < General >   Log likelihood (N=68):  -94.64499 Gradient norm:          3  
[10:32:29] < General >   Log likelihood (N=68):  -94.68419 Gradient norm:          6  
[10:32:29] < General >   Log likelihood (N=68):  -94.46355 Gradient norm:          2  
[10:32:29] < General >   Log likelihood (N=68):  -94.21172 Gradient norm:          3  
[10:32:29] < General >   Log likelihood (N=68):  -94.02523 Gradient norm:          2  
[10:32:29] < General >   Log likelihood (N=68):  -393.8942 Gradient norm:      1e+03  
[10:32:29] < General >   Log likelihood (N=68):  -94.02129 Gradient norm:          1  
[10:32:29] < General >   Log likelihood (N=68):  -94.00155 Gradient norm:          1  
[10:32:29] < General >   Log likelihood (N=68):  -93.95312 Gradient norm:        0.8  
[10:32:29] < General >   Log likelihood (N=68):  -93.87297 Gradient norm:          9  
[10:32:29] < General >   Log likelihood (N=68):    -93.765 Gradient norm:          4  
[10:32:29] < General >   Log likelihood (N=68):  -93.79733 Gradient norm:      1e+01  
[10:32:29] < General >   Log likelihood (N=68):  -93.68849 Gradient norm:          4  
[10:32:29] < General >   Log likelihood (N=68):  -93.67465 Gradient norm:        0.5  
[10:32:29] < General >   Log likelihood (N=68):  -93.67342 Gradient norm:        0.1  
[10:32:29] < General >   Log likelihood (N=68):  -93.67336 Gradient norm:       0.01  
[10:32:29] < General >   Log likelihood (N=68):  -93.67336 Gradient norm:     0.0007  
[10:32:29] < General >   Log likelihood (N=68):  -93.67336 Gradient norm:     0.0006  
[10:32:29] < General >   Log likelihood (N=68):  -93.67336 Gradient norm:     0.0009  
[10:32:29] < General >   Log likelihood (N=68):  -93.67336 Gradient norm:     0.0003  
[10:32:29] < General >   Log likelihood (N=68):  -93.67336 Gradient norm:     0.0003  
[10:32:29] < General >   Log likelihood (N=68):  -93.67336 Gradient norm:     0.0005  
[10:32:29] < General >   Log likelihood (N=68):  -93.67336 Gradient norm:      4e-05  
[10:32:29] < General >   Log likelihood (N=68):  -93.67336 Gradient norm:      1e-05  
[10:32:29] < General >   Log likelihood (N=68):  -93.67336 Gradient norm:      2e-07  
[10:32:29] < General >   Log likelihood (N=68):  -93.67336 Gradient norm:      2e-07 Hessian norm:       3e+03 BHHH norm:       3e+03
[10:32:30] < General >   Results saved in file SMTO_Segmented_Output/SMTO_Campus_Choice_Segment_3.html
[10:32:30] < General >   Results saved in file SMTO_Segmented_Output/SMTO_Campus_Choice_Segment_3.pickle
[10:32:30] < General >   Log file created: SMTO_Segmented_Output/SMTO_Campus_Choice_Segment_3.log
