*** File created 2020-05-29 10:32:46.550873 ***
*** Log file from biogeme 3.2.5 [2020-05-29]
[10:32:45] < General >   Remove 10 unused variables from the database as only 9 are used.
[10:32:45] < General >   Log likelihood (N=851):   -1655.97
[10:32:45] < General >   Minimize with tol 1e-07
[10:32:45] < General >   Log likelihood (N=851):   -1655.97 Gradient norm:      3e+03  
[10:32:45] < General >   Log likelihood (N=851):  -8235.183 Gradient norm:      8e+03  
[10:32:45] < General >   Log likelihood (N=851):  -1639.027 Gradient norm:      2e+03  
[10:32:45] < General >   Log likelihood (N=851):  -1596.977 Gradient norm:      5e+02  
[10:32:45] < General >   Log likelihood (N=851):  -1592.388 Gradient norm:      5e+02  
[10:32:45] < General >   Log likelihood (N=851):   -1563.78 Gradient norm:      1e+03  
[10:32:45] < General >   Log likelihood (N=851):  -1504.083 Gradient norm:      2e+03  
[10:32:45] < General >   Log likelihood (N=851):  -1355.606 Gradient norm:      3e+03  
[10:32:45] < General >   Log likelihood (N=851):  -1163.889 Gradient norm:      3e+03  
[10:32:45] < General >   Log likelihood (N=851):  -1048.043 Gradient norm:      2e+03  
[10:32:45] < General >   Log likelihood (N=851):  -978.6201 Gradient norm:      7e+02  
[10:32:45] < General >   Log likelihood (N=851):  -951.8121 Gradient norm:      2e+02  
[10:32:45] < General >   Log likelihood (N=851):  -948.4115 Gradient norm:      3e+02  
[10:32:45] < General >   Log likelihood (N=851):  -945.5424 Gradient norm:      4e+02  
[10:32:45] < General >   Log likelihood (N=851):   -940.308 Gradient norm:      4e+02  
[10:32:45] < General >   Log likelihood (N=851):   -915.274 Gradient norm:      2e+02  
[10:32:45] < General >   Log likelihood (N=851):  -902.9874 Gradient norm:      1e+02  
[10:32:45] < General >   Log likelihood (N=851):  -912.1397 Gradient norm:      6e+02  
[10:32:45] < General >   Log likelihood (N=851):  -902.0716 Gradient norm:      8e+01  
[10:32:45] < General >   Log likelihood (N=851):  -901.5084 Gradient norm:      7e+01  
[10:32:45] < General >   Log likelihood (N=851):    -897.39 Gradient norm:      3e+01  
[10:32:45] < General >   Log likelihood (N=851):  -896.2377 Gradient norm:      1e+01  
[10:32:45] < General >   Log likelihood (N=851):  -895.8907 Gradient norm:      1e+01  
[10:32:45] < General >   Log likelihood (N=851):  -893.3201 Gradient norm:      5e+01  
[10:32:45] < General >   Log likelihood (N=851):   -890.118 Gradient norm:      9e+01  
[10:32:45] < General >   Log likelihood (N=851):  -885.0194 Gradient norm:      1e+02  
[10:32:45] < General >   Log likelihood (N=851):   -882.143 Gradient norm:      2e+01  
[10:32:45] < General >   Log likelihood (N=851):  -881.0485 Gradient norm:      3e+01  
[10:32:46] < General >   Log likelihood (N=851):  -880.6196 Gradient norm:      1e+01  
[10:32:46] < General >   Log likelihood (N=851):  -880.8701 Gradient norm:      1e+02  
[10:32:46] < General >   Log likelihood (N=851):  -880.5772 Gradient norm:      4e+01  
[10:32:46] < General >   Log likelihood (N=851):  -880.4567 Gradient norm:          8  
[10:32:46] < General >   Log likelihood (N=851):  -880.4153 Gradient norm:      1e+01  
[10:32:46] < General >   Log likelihood (N=851):  -880.0957 Gradient norm:      3e+01  
[10:32:46] < General >   Log likelihood (N=851):   -879.673 Gradient norm:      5e+01  
[10:32:46] < General >   Log likelihood (N=851):  -878.7256 Gradient norm:      7e+01  
[10:32:46] < General >   Log likelihood (N=851):  -877.4324 Gradient norm:      7e+01  
[10:32:46] < General >   Log likelihood (N=851):  -887.6434 Gradient norm:      6e+01  
[10:32:46] < General >   Log likelihood (N=851):  -877.3055 Gradient norm:      6e+01  
[10:32:46] < General >   Log likelihood (N=851):  -876.3219 Gradient norm:      3e+01  
[10:32:46] < General >   Log likelihood (N=851):  -875.9107 Gradient norm:          2  
[10:32:46] < General >   Log likelihood (N=851):  -875.8924 Gradient norm:          4  
[10:32:46] < General >   Log likelihood (N=851):  -876.2598 Gradient norm:      1e+02  
[10:32:46] < General >   Log likelihood (N=851):  -875.8918 Gradient norm:          2  
[10:32:46] < General >   Log likelihood (N=851):  -875.8903 Gradient norm:          2  
[10:32:46] < General >   Log likelihood (N=851):  -875.9134 Gradient norm:      2e+01  
[10:32:46] < General >   Log likelihood (N=851):  -875.8845 Gradient norm:          6  
[10:32:46] < General >   Log likelihood (N=851):  -875.8751 Gradient norm:          6  
[10:32:46] < General >   Log likelihood (N=851):  -875.8304 Gradient norm:          1  
[10:32:46] < General >   Log likelihood (N=851):  -875.8146 Gradient norm:          2  
[10:32:46] < General >   Log likelihood (N=851):  -875.8047 Gradient norm:          2  
[10:32:46] < General >   Log likelihood (N=851):  -875.8112 Gradient norm:          3  
[10:32:46] < General >   Log likelihood (N=851):  -875.8015 Gradient norm:          2  
[10:32:46] < General >   Log likelihood (N=851):  -875.7988 Gradient norm:        0.6  
[10:32:46] < General >   Log likelihood (N=851):  -875.7986 Gradient norm:       0.03  
[10:32:46] < General >   Log likelihood (N=851):  -875.7986 Gradient norm:      0.002  
[10:32:46] < General >   Log likelihood (N=851):  -875.7986 Gradient norm:        0.3  
[10:32:46] < General >   Log likelihood (N=851):  -875.7986 Gradient norm:      0.007  
[10:32:46] < General >   Log likelihood (N=851):  -875.7986 Gradient norm:      0.002  
[10:32:46] < General >   Log likelihood (N=851):  -875.7986 Gradient norm:       0.01  
[10:32:46] < General >   Log likelihood (N=851):  -875.7986 Gradient norm:      0.004  
[10:32:46] < General >   Log likelihood (N=851):  -875.7986 Gradient norm:      0.004  
[10:32:46] < General >   Log likelihood (N=851):  -875.7986 Gradient norm:      0.004  
[10:32:46] < General >   Log likelihood (N=851):  -875.7986 Gradient norm:     0.0002  
[10:32:46] < General >   Log likelihood (N=851):  -875.7986 Gradient norm:      1e-05  
[10:32:46] < General >   Log likelihood (N=851):  -875.7986 Gradient norm:      1e-05 Hessian norm:       2e+04 BHHH norm:       2e+04
[10:32:46] < General >   Results saved in file SMTO_Segmented_Output/SMTO_Campus_Choice_Segment_9.html
[10:32:46] < General >   Results saved in file SMTO_Segmented_Output/SMTO_Campus_Choice_Segment_9.pickle
[10:32:46] < General >   Log file created: SMTO_Segmented_Output/SMTO_Campus_Choice_Segment_9.log
