*** File created 2020-05-29 10:32:44.299398 ***
*** Log file from biogeme 3.2.5 [2020-05-29]
[10:32:43] < General >   Remove 10 unused variables from the database as only 9 are used.
[10:32:43] < General >   Log likelihood (N=268):  -521.5039
[10:32:43] < General >   Minimize with tol 1e-07
[10:32:43] < General >   Log likelihood (N=268):  -521.5039 Gradient norm:      2e+03  
[10:32:43] < General >   Log likelihood (N=268):  -1403.547 Gradient norm:      1e+03  
[10:32:43] < General >   Log likelihood (N=268):  -491.7802 Gradient norm:      8e+02  
[10:32:43] < General >   Log likelihood (N=268):  -453.9527 Gradient norm:      4e+02  
[10:32:43] < General >   Log likelihood (N=268):  -448.6622 Gradient norm:      3e+02  
[10:32:43] < General >   Log likelihood (N=268):  -445.3109 Gradient norm:      9e+01  
[10:32:43] < General >   Log likelihood (N=268):  -444.3773 Gradient norm:      9e+01  
[10:32:43] < General >   Log likelihood (N=268):  -440.6976 Gradient norm:      9e+01  
[10:32:43] < General >   Log likelihood (N=268):  -426.8788 Gradient norm:      1e+02  
[10:32:43] < General >   Log likelihood (N=268):   -368.262 Gradient norm:      9e+01  
[10:32:43] < General >   Log likelihood (N=268):  -357.9802 Gradient norm:      3e+01  
[10:32:43] < General >   Log likelihood (N=268):  -352.9166 Gradient norm:      6e+01  
[10:32:43] < General >   Log likelihood (N=268):  -352.1256 Gradient norm:      3e+01  
[10:32:43] < General >   Log likelihood (N=268):  -351.7766 Gradient norm:          8  
[10:32:43] < General >   Log likelihood (N=268):  -351.7335 Gradient norm:          7  
[10:32:43] < General >   Log likelihood (N=268):  -351.6358 Gradient norm:      2e+01  
[10:32:43] < General >   Log likelihood (N=268):    -351.48 Gradient norm:      4e+01  
[10:32:43] < General >   Log likelihood (N=268):  -351.0762 Gradient norm:      7e+01  
[10:32:43] < General >   Log likelihood (N=268):  -350.2407 Gradient norm:      8e+01  
[10:32:43] < General >   Log likelihood (N=268):  -352.1174 Gradient norm:      2e+02  
[10:32:43] < General >   Log likelihood (N=268):  -349.8922 Gradient norm:      1e+02  
[10:32:43] < General >   Log likelihood (N=268):  -348.6518 Gradient norm:      9e+01  
[10:32:43] < General >   Log likelihood (N=268):   -347.955 Gradient norm:      4e+01  
[10:32:43] < General >   Log likelihood (N=268):  -347.6838 Gradient norm:          8  
[10:32:43] < General >   Log likelihood (N=268):  -347.6528 Gradient norm:      1e+01  
[10:32:43] < General >   Log likelihood (N=268):  -347.5996 Gradient norm:      1e+01  
[10:32:43] < General >   Log likelihood (N=268):  -347.2455 Gradient norm:      1e+01  
[10:32:43] < General >   Log likelihood (N=268):  -401.3339 Gradient norm:      4e+02  
[10:32:43] < General >   Log likelihood (N=268):   -347.059 Gradient norm:      2e+01  
[10:32:43] < General >   Log likelihood (N=268):   -346.404 Gradient norm:      2e+01  
[10:32:43] < General >   Log likelihood (N=268):   -345.874 Gradient norm:          9  
[10:32:43] < General >   Log likelihood (N=268):  -345.5953 Gradient norm:      1e+01  
[10:32:43] < General >   Log likelihood (N=268):  -345.4801 Gradient norm:      2e+01  
[10:32:43] < General >   Log likelihood (N=268):  -344.6721 Gradient norm:      7e+01  
[10:32:43] < General >   Log likelihood (N=268):  -343.6117 Gradient norm:          6  
[10:32:43] < General >   Log likelihood (N=268):  -343.3355 Gradient norm:          7  
[10:32:43] < General >   Log likelihood (N=268):  -343.3905 Gradient norm:      3e+01  
[10:32:43] < General >   Log likelihood (N=268):  -343.3169 Gradient norm:      2e+01  
[10:32:43] < General >   Log likelihood (N=268):  -343.2882 Gradient norm:          1  
[10:32:43] < General >   Log likelihood (N=268):  -343.2874 Gradient norm:        0.3  
[10:32:43] < General >   Log likelihood (N=268):  -343.2873 Gradient norm:        0.1  
[10:32:43] < General >   Log likelihood (N=268):  -343.2873 Gradient norm:        0.1  
[10:32:43] < General >   Log likelihood (N=268):  -343.2872 Gradient norm:        0.2  
[10:32:43] < General >   Log likelihood (N=268):  -343.2871 Gradient norm:        0.2  
[10:32:43] < General >   Log likelihood (N=268):  -343.2868 Gradient norm:        0.2  
[10:32:43] < General >   Log likelihood (N=268):  -343.2971 Gradient norm:          1  
[10:32:43] < General >   Log likelihood (N=268):  -343.2867 Gradient norm:        0.2  
[10:32:43] < General >   Log likelihood (N=268):  -343.2865 Gradient norm:        0.4  
[10:32:43] < General >   Log likelihood (N=268):  -343.2865 Gradient norm:        0.2  
[10:32:43] < General >   Log likelihood (N=268):  -343.2865 Gradient norm:      0.007  
[10:32:43] < General >   Log likelihood (N=268):  -343.2865 Gradient norm:      0.004  
[10:32:43] < General >   Log likelihood (N=268):  -343.2865 Gradient norm:      0.004  
[10:32:43] < General >   Log likelihood (N=268):  -343.2865 Gradient norm:       0.04  
[10:32:43] < General >   Log likelihood (N=268):  -343.2865 Gradient norm:      0.001  
[10:32:43] < General >   Log likelihood (N=268):  -343.2865 Gradient norm:     0.0007  
[10:32:43] < General >   Log likelihood (N=268):  -343.2865 Gradient norm:     0.0006  
[10:32:43] < General >   Log likelihood (N=268):  -343.2865 Gradient norm:     0.0009  
[10:32:43] < General >   Log likelihood (N=268):  -343.2865 Gradient norm:     0.0009  
[10:32:44] < General >   Log likelihood (N=268):  -343.2865 Gradient norm:      8e-06  
[10:32:44] < General >   Log likelihood (N=268):  -343.2865 Gradient norm:      8e-06 Hessian norm:       8e+03 BHHH norm:       9e+03
[10:32:44] < General >   Results saved in file SMTO_Segmented_Output/SMTO_Campus_Choice_Segment_8.html
[10:32:44] < General >   Results saved in file SMTO_Segmented_Output/SMTO_Campus_Choice_Segment_8.pickle
[10:32:44] < General >   Log file created: SMTO_Segmented_Output/SMTO_Campus_Choice_Segment_8.log
