*** File created 2020-05-29 10:32:42.441492 ***
*** Log file from biogeme 3.2.5 [2020-05-29]
[10:32:41] < General >   Remove 10 unused variables from the database as only 9 are used.
[10:32:41] < General >   Log likelihood (N=310):  -603.2321
[10:32:41] < General >   Minimize with tol 1e-07
[10:32:41] < General >   Log likelihood (N=310):  -603.2321 Gradient norm:      1e+03  
[10:32:41] < General >   Log likelihood (N=310):  -2676.494 Gradient norm:      3e+03  
[10:32:41] < General >   Log likelihood (N=310):  -591.0246 Gradient norm:      9e+02  
[10:32:41] < General >   Log likelihood (N=310):  -567.7505 Gradient norm:      1e+02  
[10:32:41] < General >   Log likelihood (N=310):  -567.0093 Gradient norm:      9e+01  
[10:32:41] < General >   Log likelihood (N=310):  -566.2276 Gradient norm:      1e+02  
[10:32:41] < General >   Log likelihood (N=310):  -561.6564 Gradient norm:      3e+02  
[10:32:41] < General >   Log likelihood (N=310):   -552.952 Gradient norm:      5e+02  
[10:32:41] < General >   Log likelihood (N=310):  -533.6917 Gradient norm:      8e+02  
[10:32:41] < General >   Log likelihood (N=310):    -513.22 Gradient norm:      7e+02  
[10:32:41] < General >   Log likelihood (N=310):  -498.0385 Gradient norm:      4e+02  
[10:32:42] < General >   Log likelihood (N=310):  -490.4574 Gradient norm:      3e+01  
[10:32:42] < General >   Log likelihood (N=310):  -490.1007 Gradient norm:      6e+01  
[10:32:42] < General >   Log likelihood (N=310):  -489.9479 Gradient norm:      8e+01  
[10:32:42] < General >   Log likelihood (N=310):  -489.2973 Gradient norm:      1e+02  
[10:32:42] < General >   Log likelihood (N=310):  -488.2847 Gradient norm:      1e+02  
[10:32:42] < General >   Log likelihood (N=310):  -486.7917 Gradient norm:      1e+02  
[10:32:42] < General >   Log likelihood (N=310):  -485.7486 Gradient norm:      5e+01  
[10:32:42] < General >   Log likelihood (N=310):  -485.3734 Gradient norm:      2e+01  
[10:32:42] < General >   Log likelihood (N=310):  -485.2853 Gradient norm:      3e+01  
[10:32:42] < General >   Log likelihood (N=310):  -485.1633 Gradient norm:      4e+01  
[10:32:42] < General >   Log likelihood (N=310):  -484.6831 Gradient norm:      3e+01  
[10:32:42] < General >   Log likelihood (N=310):  -483.6799 Gradient norm:      1e+01  
[10:32:42] < General >   Log likelihood (N=310):  -482.6369 Gradient norm:      2e+01  
[10:32:42] < General >   Log likelihood (N=310):  -486.8762 Gradient norm:      2e+02  
[10:32:42] < General >   Log likelihood (N=310):  -482.2671 Gradient norm:      3e+01  
[10:32:42] < General >   Log likelihood (N=310):  -481.7908 Gradient norm:      2e+01  
[10:32:42] < General >   Log likelihood (N=310):   -481.393 Gradient norm:      1e+01  
[10:32:42] < General >   Log likelihood (N=310):  -480.6482 Gradient norm:      1e+01  
[10:32:42] < General >   Log likelihood (N=310):  -479.6373 Gradient norm:      4e+01  
[10:32:42] < General >   Log likelihood (N=310):  -478.7481 Gradient norm:      8e+01  
[10:32:42] < General >   Log likelihood (N=310):  -477.2473 Gradient norm:      4e+01  
[10:32:42] < General >   Log likelihood (N=310):  -476.7662 Gradient norm:      3e+01  
[10:32:42] < General >   Log likelihood (N=310):  -476.5229 Gradient norm:          9  
[10:32:42] < General >   Log likelihood (N=310):  -476.4513 Gradient norm:      1e+01  
[10:32:42] < General >   Log likelihood (N=310):  -476.1718 Gradient norm:      3e+01  
[10:32:42] < General >   Log likelihood (N=310):  -475.6846 Gradient norm:      4e+01  
[10:32:42] < General >   Log likelihood (N=310):  -475.0394 Gradient norm:      2e+01  
[10:32:42] < General >   Log likelihood (N=310):  -475.7837 Gradient norm:      1e+02  
[10:32:42] < General >   Log likelihood (N=310):  -474.7697 Gradient norm:      5e+01  
[10:32:42] < General >   Log likelihood (N=310):  -474.4899 Gradient norm:      1e+01  
[10:32:42] < General >   Log likelihood (N=310):  -474.4441 Gradient norm:          3  
[10:32:42] < General >   Log likelihood (N=310):  -474.4399 Gradient norm:          4  
[10:32:42] < General >   Log likelihood (N=310):  -474.4339 Gradient norm:          9  
[10:32:42] < General >   Log likelihood (N=310):  -474.4176 Gradient norm:          3  
[10:32:42] < General >   Log likelihood (N=310):  -474.4033 Gradient norm:          6  
[10:32:42] < General >   Log likelihood (N=310):  -474.3876 Gradient norm:          4  
[10:32:42] < General >   Log likelihood (N=310):  -474.3853 Gradient norm:          1  
[10:32:42] < General >   Log likelihood (N=310):  -474.3831 Gradient norm:          1  
[10:32:42] < General >   Log likelihood (N=310):  -474.3819 Gradient norm:        0.4  
[10:32:42] < General >   Log likelihood (N=310):  -474.3815 Gradient norm:        0.2  
[10:32:42] < General >   Log likelihood (N=310):  -474.3815 Gradient norm:          1  
[10:32:42] < General >   Log likelihood (N=310):  -474.3815 Gradient norm:        0.7  
[10:32:42] < General >   Log likelihood (N=310):  -474.3814 Gradient norm:        0.7  
[10:32:42] < General >   Log likelihood (N=310):  -474.3814 Gradient norm:        0.2  
[10:32:42] < General >   Log likelihood (N=310):  -474.3814 Gradient norm:        0.3  
[10:32:42] < General >   Log likelihood (N=310):  -474.3813 Gradient norm:        0.3  
[10:32:42] < General >   Log likelihood (N=310):  -474.3935 Gradient norm:          8  
[10:32:42] < General >   Log likelihood (N=310):  -474.3813 Gradient norm:        0.2  
[10:32:42] < General >   Log likelihood (N=310):  -474.3813 Gradient norm:        0.1  
[10:32:42] < General >   Log likelihood (N=310):  -474.3812 Gradient norm:       0.01  
[10:32:42] < General >   Log likelihood (N=310):  -474.3812 Gradient norm:      0.007  
[10:32:42] < General >   Log likelihood (N=310):  -474.3812 Gradient norm:      0.005  
[10:32:42] < General >   Log likelihood (N=310):  -474.3812 Gradient norm:     0.0006  
[10:32:42] < General >   Log likelihood (N=310):  -474.3812 Gradient norm:      9e-05  
[10:32:42] < General >   Log likelihood (N=310):  -474.3812 Gradient norm:      6e-05  
[10:32:42] < General >   Log likelihood (N=310):  -474.3812 Gradient norm:      0.002  
[10:32:42] < General >   Log likelihood (N=310):  -474.3812 Gradient norm:     0.0002  
[10:32:42] < General >   Log likelihood (N=310):  -474.3812 Gradient norm:      2e-05  
[10:32:42] < General >   Log likelihood (N=310):  -474.3812 Gradient norm:      2e-05 Hessian norm:       1e+04 BHHH norm:       1e+04
[10:32:42] < General >   Results saved in file SMTO_Segmented_Output/SMTO_Campus_Choice_Segment_7.html
[10:32:42] < General >   Results saved in file SMTO_Segmented_Output/SMTO_Campus_Choice_Segment_7.pickle
[10:32:42] < General >   Log file created: SMTO_Segmented_Output/SMTO_Campus_Choice_Segment_7.log
