*** File created 2020-05-26 12:33:28.827941 ***
*** Log file from biogeme 3.2.5 [2020-05-26]
[12:33:22] < General >   Remove 10 unused variables from the database as only 9 are used.
[12:33:23] < General >   Log likelihood (N=8338):     -16225
[12:33:23] < General >   Minimize with tol 1e-07
[12:33:23] < General >   Log likelihood (N=8338):     -16225 Gradient norm:      3e+04  
[12:33:23] < General >   Log likelihood (N=8338):  -77741.56 Gradient norm:      8e+04  
[12:33:23] < General >   Log likelihood (N=8338):  -15897.78 Gradient norm:      3e+04  
[12:33:23] < General >   Log likelihood (N=8338):     -15262 Gradient norm:      3e+03  
[12:33:23] < General >   Log likelihood (N=8338):  -15248.95 Gradient norm:      2e+03  
[12:33:24] < General >   Log likelihood (N=8338):   -15235.6 Gradient norm:      3e+03  
[12:33:24] < General >   Log likelihood (N=8338):  -15159.22 Gradient norm:      7e+03  
[12:33:24] < General >   Log likelihood (N=8338):  -15010.44 Gradient norm:      1e+04  
[12:33:24] < General >   Log likelihood (N=8338):  -14654.21 Gradient norm:      2e+04  
[12:33:24] < General >   Log likelihood (N=8338):  -14129.41 Gradient norm:      2e+04  
[12:33:24] < General >   Log likelihood (N=8338):  -13632.33 Gradient norm:      1e+04  
[12:33:24] < General >   Log likelihood (N=8338):  -13372.48 Gradient norm:      6e+03  
[12:33:24] < General >   Log likelihood (N=8338):  -13313.68 Gradient norm:      6e+02  
[12:33:24] < General >   Log likelihood (N=8338):  -13311.12 Gradient norm:      8e+02  
[12:33:24] < General >   Log likelihood (N=8338):  -13309.87 Gradient norm:      1e+03  
[12:33:24] < General >   Log likelihood (N=8338):   -13303.1 Gradient norm:      2e+03  
[12:33:24] < General >   Log likelihood (N=8338):  -13291.03 Gradient norm:      3e+03  
[12:33:24] < General >   Log likelihood (N=8338):  -13265.95 Gradient norm:      4e+03  
[12:33:24] < General >   Log likelihood (N=8338):  -13239.06 Gradient norm:      3e+03  
[12:33:24] < General >   Log likelihood (N=8338):  -13262.32 Gradient norm:      6e+02  
[12:33:24] < General >   Log likelihood (N=8338):  -13231.76 Gradient norm:      2e+03  
[12:33:25] < General >   Log likelihood (N=8338):  -13220.68 Gradient norm:      5e+02  
[12:33:25] < General >   Log likelihood (N=8338):   -13217.6 Gradient norm:      8e+02  
[12:33:25] < General >   Log likelihood (N=8338):  -13215.75 Gradient norm:      1e+03  
[12:33:25] < General >   Log likelihood (N=8338):  -13211.11 Gradient norm:      2e+03  
[12:33:25] < General >   Log likelihood (N=8338):  -13198.85 Gradient norm:      3e+03  
[12:33:25] < General >   Log likelihood (N=8338):  -13171.28 Gradient norm:      4e+03  
[12:33:25] < General >   Log likelihood (N=8338):  -13123.29 Gradient norm:      5e+03  
[12:33:25] < General >   Log likelihood (N=8338):  -13074.66 Gradient norm:      4e+03  
[12:33:25] < General >   Log likelihood (N=8338):  -13093.11 Gradient norm:      2e+03  
[12:33:25] < General >   Log likelihood (N=8338):  -13060.85 Gradient norm:      2e+03  
[12:33:26] < General >   Log likelihood (N=8338):  -13051.49 Gradient norm:      3e+02  
[12:33:26] < General >   Log likelihood (N=8338):  -13050.05 Gradient norm:      5e+02  
[12:33:26] < General >   Log likelihood (N=8338):  -13049.04 Gradient norm:      6e+02  
[12:33:26] < General >   Log likelihood (N=8338):  -13045.91 Gradient norm:      7e+02  
[12:33:26] < General >   Log likelihood (N=8338):  -13434.94 Gradient norm:      1e+04  
[12:33:26] < General >   Log likelihood (N=8338):     -13044 Gradient norm:      1e+03  
[12:33:26] < General >   Log likelihood (N=8338):  -13036.47 Gradient norm:      1e+03  
[12:33:26] < General >   Log likelihood (N=8338):  -13016.23 Gradient norm:      1e+03  
[12:33:26] < General >   Log likelihood (N=8338):  -13024.08 Gradient norm:      2e+03  
[12:33:26] < General >   Log likelihood (N=8338):  -13010.55 Gradient norm:      3e+02  
[12:33:26] < General >   Log likelihood (N=8338):  -13004.04 Gradient norm:      4e+02  
[12:33:26] < General >   Log likelihood (N=8338):  -12992.99 Gradient norm:      5e+02  
[12:33:27] < General >   Log likelihood (N=8338):  -13052.73 Gradient norm:      6e+03  
[12:33:27] < General >   Log likelihood (N=8338):  -12989.42 Gradient norm:      2e+03  
[12:33:27] < General >   Log likelihood (N=8338):  -12969.43 Gradient norm:      1e+03  
[12:33:27] < General >   Log likelihood (N=8338):  -12951.88 Gradient norm:      2e+02  
[12:33:27] < General >   Log likelihood (N=8338):  -12946.75 Gradient norm:      2e+02  
[12:33:27] < General >   Log likelihood (N=8338):  -12941.61 Gradient norm:      2e+02  
[12:33:27] < General >   Log likelihood (N=8338):  -13091.85 Gradient norm:      7e+03  
[12:33:27] < General >   Log likelihood (N=8338):     -12939 Gradient norm:      7e+02  
[12:33:27] < General >   Log likelihood (N=8338):  -12924.87 Gradient norm:      3e+02  
[12:33:27] < General >   Log likelihood (N=8338):  -12915.31 Gradient norm:      1e+02  
[12:33:27] < General >   Log likelihood (N=8338):  -12910.22 Gradient norm:      8e+02  
[12:33:27] < General >   Log likelihood (N=8338):  -12910.91 Gradient norm:      6e+02  
[12:33:27] < General >   Log likelihood (N=8338):  -12907.03 Gradient norm:      2e+02  
[12:33:27] < General >   Log likelihood (N=8338):  -12906.59 Gradient norm:          8  
[12:33:27] < General >   Log likelihood (N=8338):  -12906.57 Gradient norm:          7  
[12:33:27] < General >   Log likelihood (N=8338):  -12908.89 Gradient norm:      9e+02  
[12:33:28] < General >   Log likelihood (N=8338):  -12906.57 Gradient norm:          7  
[12:33:28] < General >   Log likelihood (N=8338):  -12906.57 Gradient norm:          3  
[12:33:28] < General >   Log likelihood (N=8338):  -12906.57 Gradient norm:          1  
[12:33:28] < General >   Log likelihood (N=8338):  -12906.57 Gradient norm:        0.3  
[12:33:28] < General >   Log likelihood (N=8338):  -12906.57 Gradient norm:        0.7  
[12:33:28] < General >   Log likelihood (N=8338):  -12906.57 Gradient norm:        0.4  
[12:33:28] < General >   Log likelihood (N=8338):  -12906.57 Gradient norm:       0.04  
[12:33:28] < General >   Log likelihood (N=8338):  -12906.57 Gradient norm:      0.006  
[12:33:28] < General >   Log likelihood (N=8338):  -12906.57 Gradient norm:      0.009  
[12:33:28] < General >   Log likelihood (N=8338):  -12906.57 Gradient norm:       0.07  
[12:33:28] < General >   Log likelihood (N=8338):  -12906.57 Gradient norm:     0.0003  
[12:33:28] < General >   Log likelihood (N=8338):  -12906.57 Gradient norm:     0.0003 Hessian norm:       4e+05 BHHH norm:       4e+05
[12:33:28] < General >   Results saved in file SMTO_Segmented_Family_Logit.html
[12:33:28] < General >   Results saved in file SMTO_Segmented_Family_Logit.pickle
[12:33:28] < General >   Log file created: SMTO_Segmented_Family_Logit.log
