*** File created 2020-06-08 15:49:05.948564 ***
*** Log file from biogeme 3.2.5 [2020-06-08]
[15:49:00] < General >   Remove 9 unused variables from the database as only 7 are used.
[15:49:01] < General >   Log likelihood (N=14260):  -54983.42
[15:49:01] < General >   Minimize with tol 1e-07
[15:49:01] < General >   Log likelihood (N=14260):  -54983.42 Gradient norm:      9e+05  
[15:49:01] < General >   Log likelihood (N=14260):  -236072.3 Gradient norm:      3e+05  
[15:49:01] < General >   Log likelihood (N=14260):   -56126.5 Gradient norm:      3e+05  
[15:49:01] < General >   Log likelihood (N=14260):  -16735.01 Gradient norm:      2e+05  
[15:49:01] < General >   Log likelihood (N=14260):  -13478.29 Gradient norm:      2e+05  
[15:49:01] < General >   Log likelihood (N=14260):   -36025.4 Gradient norm:      9e+05  
[15:49:01] < General >   Log likelihood (N=14260):  -11949.67 Gradient norm:      1e+05  
[15:49:01] < General >   Log likelihood (N=14260):  -12221.59 Gradient norm:      2e+05  
[15:49:01] < General >   Log likelihood (N=14260):  -11295.75 Gradient norm:      3e+04  
[15:49:01] < General >   Log likelihood (N=14260):  -11177.26 Gradient norm:      4e+04  
[15:49:01] < General >   Log likelihood (N=14260):  -10816.22 Gradient norm:      8e+04  
[15:49:01] < General >   Log likelihood (N=14260):  -10656.52 Gradient norm:      1e+04  
[15:49:01] < General >   Log likelihood (N=14260):  -10620.44 Gradient norm:      5e+03  
[15:49:01] < General >   Log likelihood (N=14260):  -10607.29 Gradient norm:      5e+03  
[15:49:01] < General >   Log likelihood (N=14260):  -10580.85 Gradient norm:      7e+03  
[15:49:01] < General >   Log likelihood (N=14260):  -10486.06 Gradient norm:      1e+04  
[15:49:01] < General >   Log likelihood (N=14260):  -10351.83 Gradient norm:      1e+04  
[15:49:02] < General >   Log likelihood (N=14260):  -10163.08 Gradient norm:      5e+03  
[15:49:02] < General >   Log likelihood (N=14260):  -9993.812 Gradient norm:      7e+03  
[15:49:02] < General >   Log likelihood (N=14260):  -9893.225 Gradient norm:      5e+03  
[15:49:02] < General >   Log likelihood (N=14260):  -9785.413 Gradient norm:      9e+03  
[15:49:02] < General >   Log likelihood (N=14260):  -9680.098 Gradient norm:      9e+03  
[15:49:02] < General >   Log likelihood (N=14260):  -10654.52 Gradient norm:      2e+05  
[15:49:02] < General >   Log likelihood (N=14260):  -9657.656 Gradient norm:      3e+04  
[15:49:02] < General >   Log likelihood (N=14260):  -9569.651 Gradient norm:      2e+04  
[15:49:02] < General >   Log likelihood (N=14260):  -9503.577 Gradient norm:      6e+03  
[15:49:02] < General >   Log likelihood (N=14260):  -9483.261 Gradient norm:      5e+03  
[15:49:02] < General >   Log likelihood (N=14260):  -9427.279 Gradient norm:      5e+03  
[15:49:02] < General >   Log likelihood (N=14260):  -9245.668 Gradient norm:      1e+04  
[15:49:02] < General >   Log likelihood (N=14260):  -8785.506 Gradient norm:      2e+04  
[15:49:02] < General >   Log likelihood (N=14260):  -8482.551 Gradient norm:      7e+03  
[15:49:02] < General >   Log likelihood (N=14260):  -8408.264 Gradient norm:      3e+03  
[15:49:02] < General >   Log likelihood (N=14260):  -8395.376 Gradient norm:      2e+03  
[15:49:02] < General >   Log likelihood (N=14260):  -8385.029 Gradient norm:      2e+03  
[15:49:02] < General >   Log likelihood (N=14260):  -8494.853 Gradient norm:      5e+04  
[15:49:02] < General >   Log likelihood (N=14260):  -8381.698 Gradient norm:      7e+03  
[15:49:02] < General >   Log likelihood (N=14260):  -8365.954 Gradient norm:      3e+03  
[15:49:02] < General >   Log likelihood (N=14260):  -8346.922 Gradient norm:      2e+03  
[15:49:02] < General >   Log likelihood (N=14260):  -8321.701 Gradient norm:      5e+03  
[15:49:02] < General >   Log likelihood (N=14260):  -8283.154 Gradient norm:      7e+03  
[15:49:02] < General >   Log likelihood (N=14260):  -8222.537 Gradient norm:      2e+04  
[15:49:02] < General >   Log likelihood (N=14260):  -8136.865 Gradient norm:      1e+04  
[15:49:03] < General >   Log likelihood (N=14260):   -8024.58 Gradient norm:      3e+03  
[15:49:03] < General >   Log likelihood (N=14260):  -7931.137 Gradient norm:      7e+03  
[15:49:03] < General >   Log likelihood (N=14260):  -7885.493 Gradient norm:      6e+03  
[15:49:03] < General >   Log likelihood (N=14260):  -8344.783 Gradient norm:      3e+04  
[15:49:03] < General >   Log likelihood (N=14260):  -7877.811 Gradient norm:      6e+03  
[15:49:03] < General >   Log likelihood (N=14260):  -7950.654 Gradient norm:      4e+04  
[15:49:03] < General >   Log likelihood (N=14260):  -7876.859 Gradient norm:      1e+04  
[15:49:03] < General >   Log likelihood (N=14260):  -7867.508 Gradient norm:      6e+03  
[15:49:03] < General >   Log likelihood (N=14260):  -7853.214 Gradient norm:      4e+03  
[15:49:03] < General >   Log likelihood (N=14260):  -7847.015 Gradient norm:      5e+03  
[15:49:03] < General >   Log likelihood (N=14260):  -7835.482 Gradient norm:      3e+03  
[15:49:03] < General >   Log likelihood (N=14260):  -7857.561 Gradient norm:      9e+03  
[15:49:03] < General >   Log likelihood (N=14260):  -7834.227 Gradient norm:      4e+03  
[15:49:03] < General >   Log likelihood (N=14260):  -7831.916 Gradient norm:      6e+02  
[15:49:03] < General >   Log likelihood (N=14260):  -7831.513 Gradient norm:      8e+02  
[15:49:03] < General >   Log likelihood (N=14260):  -7831.327 Gradient norm:      1e+03  
[15:49:03] < General >   Log likelihood (N=14260):  -7830.334 Gradient norm:      1e+03  
[15:49:03] < General >   Log likelihood (N=14260):  -7827.665 Gradient norm:      2e+03  
[15:49:03] < General >   Log likelihood (N=14260):  -7833.277 Gradient norm:      2e+04  
[15:49:03] < General >   Log likelihood (N=14260):  -7826.171 Gradient norm:      8e+03  
[15:49:03] < General >   Log likelihood (N=14260):  -7819.009 Gradient norm:      7e+03  
[15:49:03] < General >   Log likelihood (N=14260):  -7795.837 Gradient norm:      4e+03  
[15:49:03] < General >   Log likelihood (N=14260):  -7769.597 Gradient norm:      7e+03  
[15:49:03] < General >   Log likelihood (N=14260):  -7708.025 Gradient norm:      4e+03  
[15:49:04] < General >   Log likelihood (N=14260):  -7641.751 Gradient norm:      7e+03  
[15:49:04] < General >   Log likelihood (N=14260): -7.628616e+17 Gradient norm:      1e+20  
[15:49:04] < General >   Log likelihood (N=14260):  -7646.447 Gradient norm:      6e+03  
[15:49:04] < General >   Log likelihood (N=14260):  -7638.503 Gradient norm:      2e+03  
[15:49:04] < General >   Log likelihood (N=14260):  -7634.851 Gradient norm:      1e+03  
[15:49:04] < General >   Log likelihood (N=14260):  -7630.231 Gradient norm:      2e+03  
[15:49:04] < General >   Log likelihood (N=14260):  -7620.921 Gradient norm:      2e+03  
[15:49:04] < General >   Log likelihood (N=14260):  -7614.713 Gradient norm:      8e+03  
[15:49:04] < General >   Log likelihood (N=14260):  -7615.528 Gradient norm:      9e+03  
[15:49:04] < General >   Log likelihood (N=14260):  -7612.807 Gradient norm:      5e+02  
[15:49:04] < General >   Log likelihood (N=14260):  -7611.813 Gradient norm:      1e+02  
[15:49:04] < General >   Log likelihood (N=14260):  -7611.538 Gradient norm:      5e+01  
[15:49:04] < General >   Log likelihood (N=14260):  -7611.544 Gradient norm:      1e+02  
[15:49:04] < General >   Log likelihood (N=14260):  -7611.492 Gradient norm:      5e+01  
[15:49:04] < General >   Log likelihood (N=14260):  -7611.554 Gradient norm:      2e+02  
[15:49:04] < General >   Log likelihood (N=14260):   -7611.48 Gradient norm:      2e+01  
[15:49:04] < General >   Log likelihood (N=14260):  -7611.473 Gradient norm:      2e+01  
[15:49:04] < General >   Log likelihood (N=14260):  -7612.082 Gradient norm:      2e+03  
[15:49:04] < General >   Log likelihood (N=14260):  -7611.473 Gradient norm:          2  
[15:49:04] < General >   Log likelihood (N=14260):  -7611.473 Gradient norm:        0.7  
[15:49:04] < General >   Log likelihood (N=14260):  -7611.473 Gradient norm:        0.2  
[15:49:04] < General >   Log likelihood (N=14260):  -7611.473 Gradient norm:       0.01  
[15:49:04] < General >   Log likelihood (N=14260):  -7611.473 Gradient norm:      0.002  
[15:49:04] < General >   Log likelihood (N=14260):  -7611.473 Gradient norm:          1  
[15:49:04] < General >   Log likelihood (N=14260):  -7611.473 Gradient norm:      0.001  
[15:49:05] < General >   Log likelihood (N=14260):  -7611.473 Gradient norm:      0.002  
[15:49:05] < General >   Log likelihood (N=14260):  -7611.473 Gradient norm:      0.002  
[15:49:05] < General >   Log likelihood (N=14260):  -7611.473 Gradient norm:      0.002  
[15:49:05] < General >   Log likelihood (N=14260):  -7611.473 Gradient norm:      0.002  
[15:49:05] < General >   Log likelihood (N=14260):  -7611.473 Gradient norm:      0.002  
[15:49:05] < General >   Log likelihood (N=14260):  -7611.473 Gradient norm:      0.002  
[15:49:05] < General >   Log likelihood (N=14260):  -7611.473 Gradient norm:      0.002  
[15:49:05] < General >   Log likelihood (N=14260):  -7611.473 Gradient norm:      0.002  
[15:49:05] < General >   Log likelihood (N=14260):  -7611.473 Gradient norm:      0.002  
[15:49:05] < General >   Log likelihood (N=14260):  -7611.473 Gradient norm:      0.002  
[15:49:05] < General >   Log likelihood (N=14260):  -7611.473 Gradient norm:      0.002  
[15:49:05] < General >   Log likelihood (N=14260):  -7611.473 Gradient norm:      0.002  
[15:49:05] < General >   Log likelihood (N=14260):  -7611.473 Gradient norm:      0.002  
[15:49:05] < General >   Log likelihood (N=14260):  -7611.473 Gradient norm:      0.002  
[15:49:05] < General >   Log likelihood (N=14260):  -7611.473 Gradient norm:      0.002  
[15:49:05] < General >   Log likelihood (N=14260):  -7611.473 Gradient norm:      0.002  
[15:49:05] < General >   Log likelihood (N=14260):  -7611.473 Gradient norm:      0.002  
[15:49:05] < General >   Log likelihood (N=14260):  -7611.473 Gradient norm:     0.0002  
[15:49:05] < General >   Log likelihood (N=14260):  -7611.473 Gradient norm:      0.002  
[15:49:05] < General >   Log likelihood (N=14260):  -7611.473 Gradient norm:      0.002 Hessian norm:       2e+07 BHHH norm:       2e+07
[15:49:05] < General >   Results saved in file SMTO_Logit_ModeChoice_withCost.html
[15:49:05] < General >   Results saved in file SMTO_Logit_ModeChoice_withCost.pickle
[15:49:05] < General >   Log file created: SMTO_Logit_ModeChoice_withCost.log
